mode: atomic
github.com/eugener/clix/internal/bind/reflection.go:41.44,42.19 1 16
github.com/eugener/clix/internal/bind/reflection.go:42.19,44.3 1 1
github.com/eugener/clix/internal/bind/reflection.go:45.2,45.36 1 16
github.com/eugener/clix/internal/bind/reflection.go:49.78,50.38 1 12
github.com/eugener/clix/internal/bind/reflection.go:50.38,52.3 1 1
github.com/eugener/clix/internal/bind/reflection.go:54.2,54.41 1 12
github.com/eugener/clix/internal/bind/reflection.go:54.41,56.3 1 1
github.com/eugener/clix/internal/bind/reflection.go:58.2,66.45 2 11
github.com/eugener/clix/internal/bind/reflection.go:66.45,70.26 2 39
github.com/eugener/clix/internal/bind/reflection.go:70.26,71.12 1 0
github.com/eugener/clix/internal/bind/reflection.go:74.3,75.17 2 39
github.com/eugener/clix/internal/bind/reflection.go:75.17,77.4 1 0
github.com/eugener/clix/internal/bind/reflection.go:79.3,79.23 1 39
github.com/eugener/clix/internal/bind/reflection.go:79.23,80.12 1 2
github.com/eugener/clix/internal/bind/reflection.go:83.3,86.27 2 37
github.com/eugener/clix/internal/bind/reflection.go:86.27,88.4 1 6
github.com/eugener/clix/internal/bind/reflection.go:88.9,90.29 2 31
github.com/eugener/clix/internal/bind/reflection.go:90.29,91.64 1 31
github.com/eugener/clix/internal/bind/reflection.go:91.64,93.6 1 1
github.com/eugener/clix/internal/bind/reflection.go:94.5,94.51 1 30
github.com/eugener/clix/internal/bind/reflection.go:98.3,98.34 1 36
github.com/eugener/clix/internal/bind/reflection.go:98.34,100.4 1 0
github.com/eugener/clix/internal/bind/reflection.go:103.2,103.22 1 10
github.com/eugener/clix/internal/bind/reflection.go:107.78,109.29 2 39
github.com/eugener/clix/internal/bind/reflection.go:109.29,111.3 1 2
github.com/eugener/clix/internal/bind/reflection.go:113.2,123.38 3 37
github.com/eugener/clix/internal/bind/reflection.go:123.38,125.3 1 31
github.com/eugener/clix/internal/bind/reflection.go:128.2,128.38 1 37
github.com/eugener/clix/internal/bind/reflection.go:128.38,130.3 1 33
github.com/eugener/clix/internal/bind/reflection.go:133.2,133.20 1 37
github.com/eugener/clix/internal/bind/reflection.go:133.20,135.3 1 37
github.com/eugener/clix/internal/bind/reflection.go:138.2,138.20 1 37
github.com/eugener/clix/internal/bind/reflection.go:138.20,140.53 2 20
github.com/eugener/clix/internal/bind/reflection.go:140.53,142.4 1 0
github.com/eugener/clix/internal/bind/reflection.go:146.2,146.46 1 37
github.com/eugener/clix/internal/bind/reflection.go:146.46,148.3 1 0
github.com/eugener/clix/internal/bind/reflection.go:150.2,150.18 1 37
github.com/eugener/clix/internal/bind/reflection.go:154.70,157.29 2 20
github.com/eugener/clix/internal/bind/reflection.go:157.29,160.10 2 20
github.com/eugener/clix/internal/bind/reflection.go:161.27,162.24 1 5
github.com/eugener/clix/internal/bind/reflection.go:163.25,164.22 1 2
github.com/eugener/clix/internal/bind/reflection.go:165.29,166.26 1 6
github.com/eugener/clix/internal/bind/reflection.go:167.44,168.55 1 5
github.com/eugener/clix/internal/bind/reflection.go:169.40,170.55 1 0
github.com/eugener/clix/internal/bind/reflection.go:171.44,173.49 2 2
github.com/eugener/clix/internal/bind/reflection.go:174.11,175.47 1 0
github.com/eugener/clix/internal/bind/reflection.go:179.2,179.12 1 20
github.com/eugener/clix/internal/bind/reflection.go:183.57,185.86 1 37
github.com/eugener/clix/internal/bind/reflection.go:185.86,187.3 1 0
github.com/eugener/clix/internal/bind/reflection.go:190.2,190.41 1 37
github.com/eugener/clix/internal/bind/reflection.go:190.41,192.3 1 0
github.com/eugener/clix/internal/bind/reflection.go:195.2,195.26 1 37
github.com/eugener/clix/internal/bind/reflection.go:196.20,197.78 1 5
github.com/eugener/clix/internal/bind/reflection.go:197.78,199.4 1 0
github.com/eugener/clix/internal/bind/reflection.go:200.21,201.23 1 2
github.com/eugener/clix/internal/bind/reflection.go:201.23,203.4 1 0
github.com/eugener/clix/internal/bind/reflection.go:206.2,206.12 1 37
github.com/eugener/clix/internal/bind/reflection.go:215.40,219.2 1 7
github.com/eugener/clix/internal/bind/reflection.go:222.91,224.86 2 6
github.com/eugener/clix/internal/bind/reflection.go:224.86,226.3 1 1
github.com/eugener/clix/internal/bind/reflection.go:228.2,232.16 4 5
github.com/eugener/clix/internal/bind/reflection.go:232.16,234.3 1 0
github.com/eugener/clix/internal/bind/reflection.go:237.2,237.38 1 5
github.com/eugener/clix/internal/bind/reflection.go:237.38,240.14 2 10
github.com/eugener/clix/internal/bind/reflection.go:240.14,242.79 1 0
github.com/eugener/clix/internal/bind/reflection.go:242.79,245.5 2 0
github.com/eugener/clix/internal/bind/reflection.go:248.3,248.14 1 10
github.com/eugener/clix/internal/bind/reflection.go:248.14,249.12 1 0
github.com/eugener/clix/internal/bind/reflection.go:252.3,253.42 2 10
github.com/eugener/clix/internal/bind/reflection.go:253.42,254.12 1 0
github.com/eugener/clix/internal/bind/reflection.go:257.3,257.66 1 10
github.com/eugener/clix/internal/bind/reflection.go:257.66,259.4 1 1
github.com/eugener/clix/internal/bind/reflection.go:263.2,263.48 1 4
github.com/eugener/clix/internal/bind/reflection.go:263.48,265.42 2 3
github.com/eugener/clix/internal/bind/reflection.go:265.42,266.12 1 0
github.com/eugener/clix/internal/bind/reflection.go:270.3,270.45 1 3
github.com/eugener/clix/internal/bind/reflection.go:270.45,272.76 2 1
github.com/eugener/clix/internal/bind/reflection.go:272.76,274.5 1 0
github.com/eugener/clix/internal/bind/reflection.go:275.4,275.9 1 1
github.com/eugener/clix/internal/bind/reflection.go:279.3,279.26 1 2
github.com/eugener/clix/internal/bind/reflection.go:279.26,280.75 1 2
github.com/eugener/clix/internal/bind/reflection.go:280.75,282.5 1 0
github.com/eugener/clix/internal/bind/reflection.go:287.2,287.64 1 4
github.com/eugener/clix/internal/bind/reflection.go:287.64,289.3 1 0
github.com/eugener/clix/internal/bind/reflection.go:291.2,291.12 1 4
github.com/eugener/clix/internal/bind/reflection.go:295.89,298.16 2 12
github.com/eugener/clix/internal/bind/reflection.go:298.16,300.3 1 1
github.com/eugener/clix/internal/bind/reflection.go:302.2,303.12 2 11
github.com/eugener/clix/internal/bind/reflection.go:307.100,311.31 3 1
github.com/eugener/clix/internal/bind/reflection.go:311.31,313.17 2 4
github.com/eugener/clix/internal/bind/reflection.go:313.17,315.4 1 0
github.com/eugener/clix/internal/bind/reflection.go:316.3,316.54 1 4
github.com/eugener/clix/internal/bind/reflection.go:319.2,320.12 2 1
github.com/eugener/clix/internal/bind/reflection.go:324.80,327.29 2 16
github.com/eugener/clix/internal/bind/reflection.go:327.29,329.3 1 14
github.com/eugener/clix/internal/bind/reflection.go:332.2,332.40 1 2
github.com/eugener/clix/internal/bind/reflection.go:332.40,334.3 1 2
github.com/eugener/clix/internal/bind/reflection.go:337.2,338.51 2 0
github.com/eugener/clix/internal/bind/reflection.go:338.51,340.3 1 0
github.com/eugener/clix/internal/bind/reflection.go:342.2,342.70 1 0
github.com/eugener/clix/internal/bind/reflection.go:346.88,347.27 1 3
github.com/eugener/clix/internal/bind/reflection.go:348.22,349.20 1 1
github.com/eugener/clix/internal/bind/reflection.go:350.20,351.34 1 0
github.com/eugener/clix/internal/bind/reflection.go:352.19,354.21 2 2
github.com/eugener/clix/internal/bind/reflection.go:355.20,357.22 2 0
github.com/eugener/clix/internal/bind/reflection.go:358.21,360.23 2 0
github.com/eugener/clix/internal/bind/reflection.go:361.21,363.23 2 0
github.com/eugener/clix/internal/bind/reflection.go:364.21,365.41 1 0
github.com/eugener/clix/internal/bind/reflection.go:366.20,368.22 2 0
github.com/eugener/clix/internal/bind/reflection.go:369.21,371.23 2 0
github.com/eugener/clix/internal/bind/reflection.go:372.22,374.24 2 0
github.com/eugener/clix/internal/bind/reflection.go:375.22,377.24 2 0
github.com/eugener/clix/internal/bind/reflection.go:378.22,379.42 1 0
github.com/eugener/clix/internal/bind/reflection.go:380.23,382.25 2 0
github.com/eugener/clix/internal/bind/reflection.go:383.23,384.39 1 0
github.com/eugener/clix/internal/bind/reflection.go:385.10,386.68 1 0
github.com/eugener/clix/internal/bind/reflection.go:391.92,392.44 1 4
github.com/eugener/clix/internal/bind/reflection.go:392.44,393.30 1 16
github.com/eugener/clix/internal/bind/reflection.go:393.30,394.12 1 14
github.com/eugener/clix/internal/bind/reflection.go:397.3,398.42 2 2
github.com/eugener/clix/internal/bind/reflection.go:398.42,399.12 1 0
github.com/eugener/clix/internal/bind/reflection.go:403.3,403.22 1 2
github.com/eugener/clix/internal/bind/reflection.go:403.22,404.12 1 1
github.com/eugener/clix/internal/bind/reflection.go:407.3,408.17 2 1
github.com/eugener/clix/internal/bind/reflection.go:408.17,410.4 1 0
github.com/eugener/clix/internal/bind/reflection.go:412.3,412.43 1 1
github.com/eugener/clix/internal/bind/reflection.go:415.2,415.12 1 4
github.com/eugener/clix/internal/configfile/loader.go:21.64,22.27 1 7
github.com/eugener/clix/internal/configfile/loader.go:22.27,29.3 1 7
github.com/eugener/clix/internal/configfile/loader.go:31.2,34.3 1 7
github.com/eugener/clix/internal/configfile/loader.go:38.41,41.16 2 0
github.com/eugener/clix/internal/configfile/loader.go:41.16,43.3 1 0
github.com/eugener/clix/internal/configfile/loader.go:45.2,45.22 1 0
github.com/eugener/clix/internal/configfile/loader.go:45.22,48.3 1 0
github.com/eugener/clix/internal/configfile/loader.go:51.2,52.16 2 0
github.com/eugener/clix/internal/configfile/loader.go:52.16,54.3 1 0
github.com/eugener/clix/internal/configfile/loader.go:57.2,59.13 2 0
github.com/eugener/clix/internal/configfile/loader.go:60.23,61.37 1 0
github.com/eugener/clix/internal/configfile/loader.go:62.15,63.37 1 0
github.com/eugener/clix/internal/configfile/loader.go:64.15,65.37 1 0
github.com/eugener/clix/internal/configfile/loader.go:66.10,68.47 1 0
github.com/eugener/clix/internal/configfile/loader.go:73.62,75.16 2 6
github.com/eugener/clix/internal/configfile/loader.go:75.16,77.3 1 1
github.com/eugener/clix/internal/configfile/loader.go:79.2,81.13 2 5
github.com/eugener/clix/internal/configfile/loader.go:82.23,83.37 1 2
github.com/eugener/clix/internal/configfile/loader.go:84.15,85.37 1 2
github.com/eugener/clix/internal/configfile/loader.go:86.15,87.37 1 0
github.com/eugener/clix/internal/configfile/loader.go:88.10,89.47 1 1
github.com/eugener/clix/internal/configfile/loader.go:94.51,97.37 2 0
github.com/eugener/clix/internal/configfile/loader.go:97.37,99.3 1 0
github.com/eugener/clix/internal/configfile/loader.go:102.2,104.43 2 0
github.com/eugener/clix/internal/configfile/loader.go:104.43,105.34 1 0
github.com/eugener/clix/internal/configfile/loader.go:105.34,107.49 2 0
github.com/eugener/clix/internal/configfile/loader.go:107.49,109.5 1 0
github.com/eugener/clix/internal/configfile/loader.go:113.2,113.16 1 0
github.com/eugener/clix/internal/configfile/loader.go:117.61,120.59 2 3
github.com/eugener/clix/internal/configfile/loader.go:120.59,122.3 1 2
github.com/eugener/clix/internal/configfile/loader.go:125.2,125.40 1 1
github.com/eugener/clix/internal/configfile/loader.go:129.61,132.59 2 3
github.com/eugener/clix/internal/configfile/loader.go:132.59,134.3 1 2
github.com/eugener/clix/internal/configfile/loader.go:137.2,137.40 1 1
github.com/eugener/clix/internal/configfile/loader.go:141.61,144.2 1 0
github.com/eugener/clix/internal/configfile/loader.go:147.71,149.52 1 1
github.com/eugener/clix/internal/configfile/loader.go:149.52,151.3 1 0
github.com/eugener/clix/internal/configfile/loader.go:154.2,154.52 1 1
github.com/eugener/clix/internal/configfile/loader.go:154.52,156.3 1 0
github.com/eugener/clix/internal/configfile/loader.go:158.2,158.65 1 1
github.com/eugener/clix/internal/configfile/loader.go:162.69,164.86 2 2
github.com/eugener/clix/internal/configfile/loader.go:164.86,166.3 1 0
github.com/eugener/clix/internal/configfile/loader.go:168.2,175.43 4 2
github.com/eugener/clix/internal/configfile/loader.go:175.43,176.55 1 5
github.com/eugener/clix/internal/configfile/loader.go:176.55,177.80 1 5
github.com/eugener/clix/internal/configfile/loader.go:177.80,179.5 1 0
github.com/eugener/clix/internal/configfile/loader.go:183.2,183.12 1 2
github.com/eugener/clix/internal/configfile/loader.go:197.86,200.45 2 2
github.com/eugener/clix/internal/configfile/loader.go:200.45,203.26 2 6
github.com/eugener/clix/internal/configfile/loader.go:203.26,204.12 1 0
github.com/eugener/clix/internal/configfile/loader.go:207.3,214.72 2 6
github.com/eugener/clix/internal/configfile/loader.go:214.72,218.4 3 6
github.com/eugener/clix/internal/configfile/loader.go:220.3,220.72 1 6
github.com/eugener/clix/internal/configfile/loader.go:220.72,224.4 3 6
github.com/eugener/clix/internal/configfile/loader.go:226.3,226.80 1 6
github.com/eugener/clix/internal/configfile/loader.go:226.80,229.4 2 0
github.com/eugener/clix/internal/configfile/loader.go:232.3,232.57 1 6
github.com/eugener/clix/internal/configfile/loader.go:232.57,234.40 2 0
github.com/eugener/clix/internal/configfile/loader.go:234.40,237.5 1 0
github.com/eugener/clix/internal/configfile/loader.go:241.3,242.49 2 6
github.com/eugener/clix/internal/configfile/loader.go:242.49,244.4 1 0
github.com/eugener/clix/internal/configfile/loader.go:247.3,247.49 1 6
github.com/eugener/clix/internal/configfile/loader.go:247.49,249.4 1 6
github.com/eugener/clix/internal/configfile/loader.go:252.2,252.17 1 2
github.com/eugener/clix/internal/configfile/loader.go:256.102,259.21 2 5
github.com/eugener/clix/internal/configfile/loader.go:259.21,261.3 1 0
github.com/eugener/clix/internal/configfile/loader.go:264.2,265.16 2 5
github.com/eugener/clix/internal/configfile/loader.go:265.16,267.3 1 0
github.com/eugener/clix/internal/configfile/loader.go:269.2,270.12 2 5
github.com/eugener/clix/internal/configfile/loader.go:274.80,275.18 1 5
github.com/eugener/clix/internal/configfile/loader.go:275.18,277.3 1 0
github.com/eugener/clix/internal/configfile/loader.go:279.2,282.29 2 5
github.com/eugener/clix/internal/configfile/loader.go:282.29,284.3 1 5
github.com/eugener/clix/internal/configfile/loader.go:287.2,287.27 1 0
github.com/eugener/clix/internal/configfile/loader.go:288.22,289.39 1 0
github.com/eugener/clix/internal/configfile/loader.go:291.20,292.28 1 0
github.com/eugener/clix/internal/configfile/loader.go:293.13,294.17 1 0
github.com/eugener/clix/internal/configfile/loader.go:295.15,296.70 1 0
github.com/eugener/clix/internal/configfile/loader.go:297.19,298.45 1 0
github.com/eugener/clix/internal/configfile/loader.go:299.16,300.22 1 0
github.com/eugener/clix/internal/configfile/loader.go:303.78,304.28 1 0
github.com/eugener/clix/internal/configfile/loader.go:305.12,306.24 1 0
github.com/eugener/clix/internal/configfile/loader.go:307.14,308.17 1 0
github.com/eugener/clix/internal/configfile/loader.go:309.16,310.24 1 0
github.com/eugener/clix/internal/configfile/loader.go:311.15,312.24 1 0
github.com/eugener/clix/internal/configfile/loader.go:315.40,316.28 1 0
github.com/eugener/clix/internal/configfile/loader.go:317.16,318.17 1 0
github.com/eugener/clix/internal/configfile/loader.go:319.16,320.26 1 0
github.com/eugener/clix/internal/configfile/loader.go:321.12,322.26 1 0
github.com/eugener/clix/internal/configfile/loader.go:323.14,324.26 1 0
github.com/eugener/clix/internal/configfile/loader.go:325.15,326.26 1 0
github.com/eugener/clix/internal/configfile/loader.go:329.21,330.43 1 0
github.com/eugener/clix/internal/configfile/loader.go:332.19,333.41 1 0
github.com/eugener/clix/internal/configfile/loader.go:336.2,336.70 1 0
github.com/eugener/clix/internal/configfile/loader.go:340.80,344.42 2 0
github.com/eugener/clix/internal/configfile/loader.go:344.42,347.17 3 0
github.com/eugener/clix/internal/configfile/loader.go:347.17,349.4 1 0
github.com/eugener/clix/internal/configfile/loader.go:350.3,351.32 2 0
github.com/eugener/clix/internal/configfile/loader.go:355.2,356.42 2 0
github.com/eugener/clix/internal/configfile/loader.go:356.42,358.17 2 0
github.com/eugener/clix/internal/configfile/loader.go:358.17,360.4 1 0
github.com/eugener/clix/internal/configfile/loader.go:361.3,361.44 1 0
github.com/eugener/clix/internal/configfile/loader.go:364.2,364.31 1 0
github.com/eugener/clix/internal/configfile/loader.go:368.78,371.40 2 0
github.com/eugener/clix/internal/configfile/loader.go:371.40,373.3 1 0
github.com/eugener/clix/internal/configfile/loader.go:375.2,377.45 2 0
github.com/eugener/clix/internal/configfile/loader.go:377.45,381.17 3 0
github.com/eugener/clix/internal/configfile/loader.go:381.17,383.4 1 0
github.com/eugener/clix/internal/configfile/loader.go:385.3,386.17 2 0
github.com/eugener/clix/internal/configfile/loader.go:386.17,388.4 1 0
github.com/eugener/clix/internal/configfile/loader.go:390.3,390.86 1 0
github.com/eugener/clix/internal/configfile/loader.go:393.2,393.35 1 0
github.com/eugener/clix/internal/configfile/loader.go:397.42,402.2 3 0
github.com/eugener/clix/internal/configfile/loader.go:404.46,409.2 3 0
github.com/eugener/clix/internal/configfile/loader.go:415.44,417.2 1 0
github.com/eugener/clix/internal/configfile/loader.go:420.82,423.2 2 0
github.com/eugener/clix/internal/configfile/loader.go:426.82,429.2 2 0
github.com/eugener/clix/internal/configfile/loader.go:432.90,435.45 2 0
github.com/eugener/clix/internal/configfile/loader.go:435.45,438.26 2 0
github.com/eugener/clix/internal/configfile/loader.go:438.26,439.12 1 0
github.com/eugener/clix/internal/configfile/loader.go:443.3,444.22 2 0
github.com/eugener/clix/internal/configfile/loader.go:444.22,446.4 1 0
github.com/eugener/clix/internal/configfile/loader.go:449.3,450.36 2 0
github.com/eugener/clix/internal/configfile/loader.go:453.2,453.16 1 0
github.com/eugener/clix/internal/configfile/loader.go:457.75,459.71 1 0
github.com/eugener/clix/internal/configfile/loader.go:459.71,461.3 1 0
github.com/eugener/clix/internal/configfile/loader.go:463.2,463.71 1 0
github.com/eugener/clix/internal/configfile/loader.go:463.71,465.3 1 0
github.com/eugener/clix/internal/configfile/loader.go:467.2,467.79 1 0
github.com/eugener/clix/internal/configfile/loader.go:467.79,469.3 1 0
github.com/eugener/clix/internal/configfile/loader.go:472.2,472.56 1 0
github.com/eugener/clix/internal/configfile/loader.go:472.56,474.39 2 0
github.com/eugener/clix/internal/configfile/loader.go:474.39,476.4 1 0
github.com/eugener/clix/internal/configfile/loader.go:479.2,479.11 1 0
github.com/eugener/clix/internal/configfile/loader.go:483.100,485.50 1 0
github.com/eugener/clix/internal/configfile/loader.go:485.50,487.30 2 0
github.com/eugener/clix/internal/configfile/loader.go:487.30,488.43 1 0
github.com/eugener/clix/internal/configfile/loader.go:488.43,490.5 1 0
github.com/eugener/clix/internal/configfile/loader.go:491.4,491.43 1 0
github.com/eugener/clix/internal/configfile/loader.go:491.43,493.25 2 0
github.com/eugener/clix/internal/configfile/loader.go:493.25,495.6 1 0
github.com/eugener/clix/internal/configfile/loader.go:501.2,501.26 1 0
github.com/eugener/clix/internal/configfile/loader.go:502.22,503.25 1 0
github.com/eugener/clix/internal/configfile/loader.go:504.20,505.15 1 0
github.com/eugener/clix/internal/configfile/loader.go:506.78,507.11 1 0
github.com/eugener/clix/internal/configfile/loader.go:508.40,509.13 1 0
github.com/eugener/clix/internal/configfile/loader.go:510.21,511.48 1 0
github.com/eugener/clix/internal/configfile/loader.go:511.48,513.4 1 0
github.com/eugener/clix/internal/configfile/loader.go:514.3,514.17 1 0
github.com/eugener/clix/internal/configfile/loader.go:515.19,516.26 1 0
github.com/eugener/clix/internal/configfile/loader.go:517.10,518.13 1 0
github.com/eugener/clix/internal/interactive/prompt.go:21.30,26.2 1 2
github.com/eugener/clix/internal/interactive/prompt.go:29.55,31.86 2 0
github.com/eugener/clix/internal/interactive/prompt.go:31.86,33.3 1 0
github.com/eugener/clix/internal/interactive/prompt.go:35.2,40.16 4 0
github.com/eugener/clix/internal/interactive/prompt.go:40.16,42.3 1 0
github.com/eugener/clix/internal/interactive/prompt.go:45.2,45.44 1 0
github.com/eugener/clix/internal/interactive/prompt.go:45.44,46.50 1 0
github.com/eugener/clix/internal/interactive/prompt.go:46.50,47.12 1 0
github.com/eugener/clix/internal/interactive/prompt.go:50.3,51.42 2 0
github.com/eugener/clix/internal/interactive/prompt.go:51.42,52.12 1 0
github.com/eugener/clix/internal/interactive/prompt.go:56.3,56.22 1 0
github.com/eugener/clix/internal/interactive/prompt.go:56.22,57.12 1 0
github.com/eugener/clix/internal/interactive/prompt.go:61.3,62.17 2 0
github.com/eugener/clix/internal/interactive/prompt.go:62.17,64.4 1 0
github.com/eugener/clix/internal/interactive/prompt.go:67.3,67.71 1 0
github.com/eugener/clix/internal/interactive/prompt.go:67.71,69.4 1 0
github.com/eugener/clix/internal/interactive/prompt.go:72.2,72.12 1 0
github.com/eugener/clix/internal/interactive/prompt.go:76.77,80.6 2 0
github.com/eugener/clix/internal/interactive/prompt.go:80.6,83.24 2 0
github.com/eugener/clix/internal/interactive/prompt.go:83.24,85.4 1 0
github.com/eugener/clix/internal/interactive/prompt.go:87.3,90.41 2 0
github.com/eugener/clix/internal/interactive/prompt.go:90.41,92.4 1 0
github.com/eugener/clix/internal/interactive/prompt.go:95.3,95.59 1 0
github.com/eugener/clix/internal/interactive/prompt.go:95.59,97.12 2 0
github.com/eugener/clix/internal/interactive/prompt.go:100.3,100.20 1 0
github.com/eugener/clix/internal/interactive/prompt.go:105.65,109.33 2 0
github.com/eugener/clix/internal/interactive/prompt.go:109.33,111.3 1 0
github.com/eugener/clix/internal/interactive/prompt.go:111.8,113.3 1 0
github.com/eugener/clix/internal/interactive/prompt.go:116.2,117.20 2 0
github.com/eugener/clix/internal/interactive/prompt.go:117.20,119.3 1 0
github.com/eugener/clix/internal/interactive/prompt.go:122.2,122.32 1 0
github.com/eugener/clix/internal/interactive/prompt.go:122.32,125.3 2 0
github.com/eugener/clix/internal/interactive/prompt.go:128.2,128.29 1 0
github.com/eugener/clix/internal/interactive/prompt.go:128.29,130.3 1 0
github.com/eugener/clix/internal/interactive/prompt.go:133.2,133.24 1 0
github.com/eugener/clix/internal/interactive/prompt.go:133.24,135.3 1 0
github.com/eugener/clix/internal/interactive/prompt.go:137.2,140.23 2 0
github.com/eugener/clix/internal/interactive/prompt.go:140.23,141.25 1 0
github.com/eugener/clix/internal/interactive/prompt.go:141.25,143.4 1 0
github.com/eugener/clix/internal/interactive/prompt.go:143.9,145.4 1 0
github.com/eugener/clix/internal/interactive/prompt.go:148.2,148.15 1 0
github.com/eugener/clix/internal/interactive/prompt.go:152.65,153.31 1 0
github.com/eugener/clix/internal/interactive/prompt.go:154.20,155.22 1 0
github.com/eugener/clix/internal/interactive/prompt.go:156.78,157.18 1 0
github.com/eugener/clix/internal/interactive/prompt.go:158.40,159.19 1 0
github.com/eugener/clix/internal/interactive/prompt.go:160.22,161.33 1 0
github.com/eugener/clix/internal/interactive/prompt.go:161.33,163.4 1 0
github.com/eugener/clix/internal/interactive/prompt.go:164.3,164.16 1 0
github.com/eugener/clix/internal/interactive/prompt.go:165.21,166.27 1 0
github.com/eugener/clix/internal/interactive/prompt.go:167.10,168.12 1 0
github.com/eugener/clix/internal/interactive/prompt.go:173.80,175.39 1 0
github.com/eugener/clix/internal/interactive/prompt.go:175.39,177.3 1 0
github.com/eugener/clix/internal/interactive/prompt.go:180.2,180.47 1 0
github.com/eugener/clix/internal/interactive/prompt.go:180.47,182.44 2 0
github.com/eugener/clix/internal/interactive/prompt.go:182.44,183.40 1 0
github.com/eugener/clix/internal/interactive/prompt.go:183.40,185.10 2 0
github.com/eugener/clix/internal/interactive/prompt.go:188.3,188.13 1 0
github.com/eugener/clix/internal/interactive/prompt.go:188.13,190.4 1 0
github.com/eugener/clix/internal/interactive/prompt.go:194.2,194.31 1 0
github.com/eugener/clix/internal/interactive/prompt.go:195.20,196.18 1 0
github.com/eugener/clix/internal/interactive/prompt.go:196.18,198.18 2 0
github.com/eugener/clix/internal/interactive/prompt.go:198.18,200.5 1 0
github.com/eugener/clix/internal/interactive/prompt.go:202.78,203.18 1 0
github.com/eugener/clix/internal/interactive/prompt.go:203.18,205.18 2 0
github.com/eugener/clix/internal/interactive/prompt.go:205.18,207.5 1 0
github.com/eugener/clix/internal/interactive/prompt.go:209.40,210.18 1 0
github.com/eugener/clix/internal/interactive/prompt.go:210.18,212.18 2 0
github.com/eugener/clix/internal/interactive/prompt.go:212.18,214.5 1 0
github.com/eugener/clix/internal/interactive/prompt.go:218.2,218.12 1 0
github.com/eugener/clix/internal/interactive/prompt.go:222.99,223.17 1 0
github.com/eugener/clix/internal/interactive/prompt.go:223.17,226.3 1 0
github.com/eugener/clix/internal/interactive/prompt.go:228.2,228.26 1 0
github.com/eugener/clix/internal/interactive/prompt.go:229.22,230.25 1 0
github.com/eugener/clix/internal/interactive/prompt.go:232.20,234.17 2 0
github.com/eugener/clix/internal/interactive/prompt.go:234.17,236.4 1 0
github.com/eugener/clix/internal/interactive/prompt.go:237.3,237.25 1 0
github.com/eugener/clix/internal/interactive/prompt.go:239.78,241.17 2 0
github.com/eugener/clix/internal/interactive/prompt.go:241.17,243.4 1 0
github.com/eugener/clix/internal/interactive/prompt.go:244.3,244.23 1 0
github.com/eugener/clix/internal/interactive/prompt.go:246.40,248.17 2 0
github.com/eugener/clix/internal/interactive/prompt.go:248.17,250.4 1 0
github.com/eugener/clix/internal/interactive/prompt.go:251.3,251.27 1 0
github.com/eugener/clix/internal/interactive/prompt.go:253.21,254.48 1 0
github.com/eugener/clix/internal/interactive/prompt.go:254.48,258.29 3 0
github.com/eugener/clix/internal/interactive/prompt.go:258.29,260.5 1 0
github.com/eugener/clix/internal/interactive/prompt.go:261.4,261.20 1 0
github.com/eugener/clix/internal/interactive/prompt.go:264.10,265.68 1 0
github.com/eugener/clix/internal/interactive/prompt.go:268.2,268.12 1 0
github.com/eugener/clix/internal/interactive/prompt.go:272.58,275.15 2 0
github.com/eugener/clix/internal/interactive/prompt.go:276.42,277.19 1 0
github.com/eugener/clix/internal/interactive/prompt.go:278.47,279.20 1 0
github.com/eugener/clix/internal/interactive/prompt.go:280.10,281.63 1 0
github.com/eugener/clix/internal/interactive/prompt.go:286.41,290.2 2 0
github.com/eugener/clix/internal/interactive/prompt.go:298.44,302.2 1 2
github.com/eugener/clix/internal/interactive/prompt.go:305.85,307.18 2 0
github.com/eugener/clix/internal/interactive/prompt.go:307.18,309.3 1 0
github.com/eugener/clix/internal/interactive/prompt.go:311.2,313.6 2 0
github.com/eugener/clix/internal/interactive/prompt.go:313.6,316.25 2 0
github.com/eugener/clix/internal/interactive/prompt.go:316.25,318.4 1 0
github.com/eugener/clix/internal/interactive/prompt.go:320.3,322.16 2 0
github.com/eugener/clix/internal/interactive/prompt.go:323.11,324.28 1 0
github.com/eugener/clix/internal/interactive/prompt.go:325.32,326.20 1 0
github.com/eugener/clix/internal/interactive/prompt.go:327.32,328.21 1 0
github.com/eugener/clix/internal/interactive/prompt.go:329.11,330.58 1 0
github.com/eugener/clix/internal/interactive/prompt.go:341.42,345.2 1 2
github.com/eugener/clix/internal/interactive/prompt.go:348.84,349.23 1 0
github.com/eugener/clix/internal/interactive/prompt.go:349.23,351.3 1 0
github.com/eugener/clix/internal/interactive/prompt.go:353.2,354.33 2 0
github.com/eugener/clix/internal/interactive/prompt.go:354.33,356.3 1 0
github.com/eugener/clix/internal/interactive/prompt.go:358.2,358.6 1 0
github.com/eugener/clix/internal/interactive/prompt.go:358.6,361.25 2 0
github.com/eugener/clix/internal/interactive/prompt.go:361.25,363.4 1 0
github.com/eugener/clix/internal/interactive/prompt.go:365.3,368.50 2 0
github.com/eugener/clix/internal/interactive/prompt.go:368.50,369.39 1 0
github.com/eugener/clix/internal/interactive/prompt.go:369.39,371.5 1 0
github.com/eugener/clix/internal/interactive/prompt.go:375.3,375.34 1 0
github.com/eugener/clix/internal/interactive/prompt.go:375.34,376.40 1 0
github.com/eugener/clix/internal/interactive/prompt.go:376.40,378.5 1 0
github.com/eugener/clix/internal/interactive/prompt.go:381.3,381.91 1 0
github.com/eugener/clix/internal/interactive/prompt.go:391.48,395.2 1 2
github.com/eugener/clix/internal/interactive/prompt.go:398.96,399.21 1 0
github.com/eugener/clix/internal/interactive/prompt.go:399.21,401.3 1 0
github.com/eugener/clix/internal/interactive/prompt.go:403.2,407.24 3 0
github.com/eugener/clix/internal/interactive/prompt.go:407.24,409.24 2 0
github.com/eugener/clix/internal/interactive/prompt.go:409.24,410.9 1 0
github.com/eugener/clix/internal/interactive/prompt.go:412.3,412.30 1 0
github.com/eugener/clix/internal/interactive/prompt.go:415.2,415.41 1 0
github.com/eugener/clix/internal/interactive/prompt.go:415.41,417.3 1 0
github.com/eugener/clix/internal/interactive/prompt.go:419.2,419.39 1 0
github.com/eugener/clix/internal/interactive/prompt.go:431.40,438.2 1 2
github.com/eugener/clix/internal/interactive/prompt.go:441.58,443.2 1 0
github.com/eugener/clix/internal/interactive/prompt.go:446.83,448.2 1 0
github.com/eugener/clix/internal/interactive/prompt.go:451.83,453.2 1 0
github.com/eugener/clix/internal/interactive/prompt.go:456.92,458.2 1 0
github.com/eugener/clix/internal/posix/enhanced.go:19.36,21.2 1 0
github.com/eugener/clix/internal/posix/enhanced.go:24.66,34.20 4 0
github.com/eugener/clix/internal/posix/enhanced.go:34.20,38.18 2 0
github.com/eugener/clix/internal/posix/enhanced.go:38.18,41.12 3 0
github.com/eugener/clix/internal/posix/enhanced.go:45.3,45.49 1 0
github.com/eugener/clix/internal/posix/enhanced.go:45.49,48.12 3 0
github.com/eugener/clix/internal/posix/enhanced.go:52.3,52.17 1 0
github.com/eugener/clix/internal/posix/enhanced.go:52.17,55.12 3 0
github.com/eugener/clix/internal/posix/enhanced.go:59.3,59.35 1 0
github.com/eugener/clix/internal/posix/enhanced.go:59.35,60.60 1 0
github.com/eugener/clix/internal/posix/enhanced.go:60.60,62.5 1 0
github.com/eugener/clix/internal/posix/enhanced.go:63.4,63.12 1 0
github.com/eugener/clix/internal/posix/enhanced.go:67.3,67.34 1 0
github.com/eugener/clix/internal/posix/enhanced.go:67.34,68.62 1 0
github.com/eugener/clix/internal/posix/enhanced.go:68.62,70.5 1 0
github.com/eugener/clix/internal/posix/enhanced.go:71.4,71.12 1 0
github.com/eugener/clix/internal/posix/enhanced.go:74.3,74.6 1 0
github.com/eugener/clix/internal/posix/enhanced.go:77.2,77.20 1 0
github.com/eugener/clix/internal/posix/enhanced.go:81.87,89.60 5 0
github.com/eugener/clix/internal/posix/enhanced.go:89.60,93.3 3 0
github.com/eugener/clix/internal/posix/enhanced.go:96.2,96.74 1 0
github.com/eugener/clix/internal/posix/enhanced.go:96.74,101.3 2 0
github.com/eugener/clix/internal/posix/enhanced.go:103.2,105.12 3 0
github.com/eugener/clix/internal/posix/enhanced.go:109.89,114.26 3 0
github.com/eugener/clix/internal/posix/enhanced.go:114.26,118.23 2 0
github.com/eugener/clix/internal/posix/enhanced.go:118.23,121.4 1 0
github.com/eugener/clix/internal/posix/enhanced.go:121.9,126.63 2 0
github.com/eugener/clix/internal/posix/enhanced.go:126.63,129.5 2 0
github.com/eugener/clix/internal/posix/enhanced.go:131.4,131.34 1 0
github.com/eugener/clix/internal/posix/enhanced.go:135.2,136.12 2 0
github.com/eugener/clix/internal/posix/enhanced.go:166.70,167.19 1 17
github.com/eugener/clix/internal/posix/enhanced.go:167.19,174.3 1 17
github.com/eugener/clix/internal/posix/enhanced.go:175.2,175.44 1 17
github.com/eugener/clix/internal/posix/enhanced.go:179.55,181.22 2 0
github.com/eugener/clix/internal/posix/enhanced.go:181.22,183.3 1 0
github.com/eugener/clix/internal/posix/enhanced.go:185.2,185.19 1 0
github.com/eugener/clix/internal/posix/enhanced.go:186.14,188.23 2 0
github.com/eugener/clix/internal/posix/enhanced.go:188.23,190.4 1 0
github.com/eugener/clix/internal/posix/enhanced.go:191.16,193.23 2 0
github.com/eugener/clix/internal/posix/enhanced.go:193.23,195.4 1 0
github.com/eugener/clix/internal/posix/enhanced.go:196.13,198.23 2 0
github.com/eugener/clix/internal/posix/enhanced.go:198.23,200.4 1 0
github.com/eugener/clix/internal/posix/enhanced.go:205.74,215.20 4 20
github.com/eugener/clix/internal/posix/enhanced.go:215.20,218.18 2 546
github.com/eugener/clix/internal/posix/enhanced.go:218.18,221.12 3 8
github.com/eugener/clix/internal/posix/enhanced.go:224.3,224.49 1 538
github.com/eugener/clix/internal/posix/enhanced.go:224.49,227.12 3 9
github.com/eugener/clix/internal/posix/enhanced.go:230.3,230.17 1 529
github.com/eugener/clix/internal/posix/enhanced.go:230.17,233.12 3 1
github.com/eugener/clix/internal/posix/enhanced.go:236.3,236.35 1 528
github.com/eugener/clix/internal/posix/enhanced.go:236.35,237.71 1 521
github.com/eugener/clix/internal/posix/enhanced.go:237.71,239.5 1 0
github.com/eugener/clix/internal/posix/enhanced.go:240.4,240.12 1 521
github.com/eugener/clix/internal/posix/enhanced.go:243.3,243.34 1 7
github.com/eugener/clix/internal/posix/enhanced.go:243.34,244.73 1 7
github.com/eugener/clix/internal/posix/enhanced.go:244.73,246.5 1 0
github.com/eugener/clix/internal/posix/enhanced.go:247.4,247.12 1 7
github.com/eugener/clix/internal/posix/enhanced.go:250.3,250.6 1 0
github.com/eugener/clix/internal/posix/enhanced.go:253.2,253.20 1 20
github.com/eugener/clix/internal/posix/enhanced.go:257.105,264.60 5 521
github.com/eugener/clix/internal/posix/enhanced.go:264.60,268.3 3 4
github.com/eugener/clix/internal/posix/enhanced.go:271.2,272.36 2 521
github.com/eugener/clix/internal/posix/enhanced.go:272.36,274.3 1 0
github.com/eugener/clix/internal/posix/enhanced.go:277.2,278.11 2 521
github.com/eugener/clix/internal/posix/enhanced.go:278.11,280.22 2 0
github.com/eugener/clix/internal/posix/enhanced.go:280.22,282.4 1 0
github.com/eugener/clix/internal/posix/enhanced.go:283.8,285.75 1 521
github.com/eugener/clix/internal/posix/enhanced.go:285.75,288.4 1 513
github.com/eugener/clix/internal/posix/enhanced.go:288.9,291.4 1 8
github.com/eugener/clix/internal/posix/enhanced.go:294.2,294.12 1 521
github.com/eugener/clix/internal/posix/enhanced.go:294.12,298.3 3 8
github.com/eugener/clix/internal/posix/enhanced.go:301.2,301.15 1 513
github.com/eugener/clix/internal/posix/enhanced.go:301.15,303.22 2 513
github.com/eugener/clix/internal/posix/enhanced.go:303.22,305.4 1 0
github.com/eugener/clix/internal/posix/enhanced.go:306.3,306.19 1 513
github.com/eugener/clix/internal/posix/enhanced.go:310.2,311.16 2 513
github.com/eugener/clix/internal/posix/enhanced.go:311.16,313.3 1 0
github.com/eugener/clix/internal/posix/enhanced.go:315.2,317.12 3 513
github.com/eugener/clix/internal/posix/enhanced.go:321.107,325.26 3 7
github.com/eugener/clix/internal/posix/enhanced.go:325.26,329.37 3 9
github.com/eugener/clix/internal/posix/enhanced.go:329.37,331.4 1 0
github.com/eugener/clix/internal/posix/enhanced.go:334.3,335.12 2 9
github.com/eugener/clix/internal/posix/enhanced.go:335.12,337.23 2 0
github.com/eugener/clix/internal/posix/enhanced.go:337.23,339.5 1 0
github.com/eugener/clix/internal/posix/enhanced.go:340.9,342.84 1 9
github.com/eugener/clix/internal/posix/enhanced.go:342.84,344.5 1 5
github.com/eugener/clix/internal/posix/enhanced.go:347.3,347.13 1 9
github.com/eugener/clix/internal/posix/enhanced.go:347.13,349.12 2 4
github.com/eugener/clix/internal/posix/enhanced.go:353.3,353.23 1 5
github.com/eugener/clix/internal/posix/enhanced.go:353.23,355.4 1 0
github.com/eugener/clix/internal/posix/enhanced.go:358.3,359.22 2 5
github.com/eugener/clix/internal/posix/enhanced.go:359.22,361.4 1 0
github.com/eugener/clix/internal/posix/enhanced.go:363.3,365.17 3 5
github.com/eugener/clix/internal/posix/enhanced.go:365.17,367.4 1 0
github.com/eugener/clix/internal/posix/enhanced.go:369.3,369.42 1 5
github.com/eugener/clix/internal/posix/enhanced.go:372.2,373.12 2 7
github.com/eugener/clix/internal/posix/enhanced.go:377.91,378.21 1 518
github.com/eugener/clix/internal/posix/enhanced.go:378.21,380.3 1 518
github.com/eugener/clix/internal/posix/enhanced.go:382.2,382.23 1 0
github.com/eugener/clix/internal/posix/enhanced.go:383.16,384.20 1 0
github.com/eugener/clix/internal/posix/enhanced.go:385.13,386.25 1 0
github.com/eugener/clix/internal/posix/enhanced.go:387.14,388.26 1 0
github.com/eugener/clix/internal/posix/enhanced.go:389.10,390.20 1 0
github.com/eugener/clix/internal/posix/enhanced.go:398.38,403.2 3 0
github.com/eugener/clix/internal/posix/enhanced.go:405.40,406.28 1 0
github.com/eugener/clix/internal/posix/enhanced.go:407.36,408.19 1 0
github.com/eugener/clix/internal/posix/enhanced.go:409.36,410.20 1 0
github.com/eugener/clix/internal/posix/enhanced.go:411.10,412.59 1 0
github.com/eugener/clix/internal/posix/parser.go:14.26,16.2 1 0
github.com/eugener/clix/internal/posix/parser.go:19.57,21.86 2 0
github.com/eugener/clix/internal/posix/parser.go:21.86,23.3 1 0
github.com/eugener/clix/internal/posix/parser.go:25.2,33.16 5 0
github.com/eugener/clix/internal/posix/parser.go:33.16,35.3 1 0
github.com/eugener/clix/internal/posix/parser.go:38.2,38.91 1 0
github.com/eugener/clix/internal/posix/parser.go:38.91,40.3 1 0
github.com/eugener/clix/internal/posix/parser.go:43.2,43.109 1 0
github.com/eugener/clix/internal/posix/parser.go:43.109,45.3 1 0
github.com/eugener/clix/internal/posix/parser.go:47.2,47.12 1 0
github.com/eugener/clix/internal/posix/parser.go:51.51,53.39 2 0
github.com/eugener/clix/internal/posix/parser.go:53.39,55.3 1 0
github.com/eugener/clix/internal/posix/parser.go:57.2,59.46 2 0
github.com/eugener/clix/internal/posix/parser.go:59.46,64.16 4 0
github.com/eugener/clix/internal/posix/parser.go:64.16,65.12 1 0
github.com/eugener/clix/internal/posix/parser.go:68.3,69.64 2 0
github.com/eugener/clix/internal/posix/parser.go:69.64,70.28 1 0
github.com/eugener/clix/internal/posix/parser.go:70.28,72.5 1 0
github.com/eugener/clix/internal/posix/parser.go:76.2,76.12 1 0
github.com/eugener/clix/internal/posix/parser.go:80.96,90.20 4 0
github.com/eugener/clix/internal/posix/parser.go:90.20,94.18 2 0
github.com/eugener/clix/internal/posix/parser.go:94.18,97.12 3 0
github.com/eugener/clix/internal/posix/parser.go:101.3,101.49 1 0
github.com/eugener/clix/internal/posix/parser.go:101.49,104.12 3 0
github.com/eugener/clix/internal/posix/parser.go:108.3,108.17 1 0
github.com/eugener/clix/internal/posix/parser.go:108.17,111.12 3 0
github.com/eugener/clix/internal/posix/parser.go:115.3,115.35 1 0
github.com/eugener/clix/internal/posix/parser.go:115.35,116.70 1 0
github.com/eugener/clix/internal/posix/parser.go:116.70,118.5 1 0
github.com/eugener/clix/internal/posix/parser.go:119.4,119.12 1 0
github.com/eugener/clix/internal/posix/parser.go:123.3,123.34 1 0
github.com/eugener/clix/internal/posix/parser.go:123.34,124.71 1 0
github.com/eugener/clix/internal/posix/parser.go:124.71,126.5 1 0
github.com/eugener/clix/internal/posix/parser.go:127.4,127.12 1 0
github.com/eugener/clix/internal/posix/parser.go:130.3,130.6 1 0
github.com/eugener/clix/internal/posix/parser.go:133.2,133.20 1 0
github.com/eugener/clix/internal/posix/parser.go:137.113,145.60 5 0
github.com/eugener/clix/internal/posix/parser.go:145.60,149.3 3 0
github.com/eugener/clix/internal/posix/parser.go:151.2,152.13 2 0
github.com/eugener/clix/internal/posix/parser.go:152.13,154.3 1 0
github.com/eugener/clix/internal/posix/parser.go:157.2,157.39 1 0
github.com/eugener/clix/internal/posix/parser.go:157.39,161.3 3 0
github.com/eugener/clix/internal/posix/parser.go:164.2,164.15 1 0
github.com/eugener/clix/internal/posix/parser.go:164.15,166.22 2 0
github.com/eugener/clix/internal/posix/parser.go:166.22,168.4 1 0
github.com/eugener/clix/internal/posix/parser.go:169.3,169.19 1 0
github.com/eugener/clix/internal/posix/parser.go:172.2,173.16 2 0
github.com/eugener/clix/internal/posix/parser.go:173.16,175.3 1 0
github.com/eugener/clix/internal/posix/parser.go:177.2,179.12 3 0
github.com/eugener/clix/internal/posix/parser.go:183.114,187.26 3 0
github.com/eugener/clix/internal/posix/parser.go:187.26,193.30 4 0
github.com/eugener/clix/internal/posix/parser.go:193.30,194.27 1 0
github.com/eugener/clix/internal/posix/parser.go:194.27,197.10 3 0
github.com/eugener/clix/internal/posix/parser.go:201.3,201.14 1 0
github.com/eugener/clix/internal/posix/parser.go:201.14,203.4 1 0
github.com/eugener/clix/internal/posix/parser.go:206.3,206.40 1 0
github.com/eugener/clix/internal/posix/parser.go:206.40,208.12 2 0
github.com/eugener/clix/internal/posix/parser.go:212.3,212.23 1 0
github.com/eugener/clix/internal/posix/parser.go:212.23,214.4 1 0
github.com/eugener/clix/internal/posix/parser.go:217.3,218.22 2 0
github.com/eugener/clix/internal/posix/parser.go:218.22,220.4 1 0
github.com/eugener/clix/internal/posix/parser.go:222.3,224.17 3 0
github.com/eugener/clix/internal/posix/parser.go:224.17,226.4 1 0
github.com/eugener/clix/internal/posix/parser.go:228.3,228.41 1 0
github.com/eugener/clix/internal/posix/parser.go:231.2,232.12 2 0
github.com/eugener/clix/internal/posix/parser.go:250.103,254.45 3 0
github.com/eugener/clix/internal/posix/parser.go:254.45,258.16 3 0
github.com/eugener/clix/internal/posix/parser.go:258.16,259.12 1 0
github.com/eugener/clix/internal/posix/parser.go:262.3,263.66 2 0
github.com/eugener/clix/internal/posix/parser.go:263.66,265.12 2 0
github.com/eugener/clix/internal/posix/parser.go:268.3,272.39 2 0
github.com/eugener/clix/internal/posix/parser.go:272.39,274.4 1 0
github.com/eugener/clix/internal/posix/parser.go:275.3,275.39 1 0
github.com/eugener/clix/internal/posix/parser.go:275.39,277.4 1 0
github.com/eugener/clix/internal/posix/parser.go:277.9,279.4 1 0
github.com/eugener/clix/internal/posix/parser.go:280.3,280.21 1 0
github.com/eugener/clix/internal/posix/parser.go:280.21,283.4 2 0
github.com/eugener/clix/internal/posix/parser.go:285.3,285.29 1 0
github.com/eugener/clix/internal/posix/parser.go:288.2,288.35 1 0
github.com/eugener/clix/internal/posix/parser.go:291.81,292.27 1 0
github.com/eugener/clix/internal/posix/parser.go:293.22,294.20 1 0
github.com/eugener/clix/internal/posix/parser.go:295.78,296.41 1 0
github.com/eugener/clix/internal/posix/parser.go:297.20,298.34 1 0
github.com/eugener/clix/internal/posix/parser.go:299.40,300.39 1 0
github.com/eugener/clix/internal/posix/parser.go:301.10,302.68 1 0
github.com/eugener/clix/internal/posix/parser.go:306.145,307.37 1 0
github.com/eugener/clix/internal/posix/parser.go:307.37,309.14 2 0
github.com/eugener/clix/internal/posix/parser.go:309.14,310.12 1 0
github.com/eugener/clix/internal/posix/parser.go:314.3,315.48 2 0
github.com/eugener/clix/internal/posix/parser.go:315.48,317.63 1 0
github.com/eugener/clix/internal/posix/parser.go:317.63,319.10 2 0
github.com/eugener/clix/internal/posix/parser.go:323.3,323.54 1 0
github.com/eugener/clix/internal/posix/parser.go:323.54,324.12 1 0
github.com/eugener/clix/internal/posix/parser.go:328.3,329.34 2 0
github.com/eugener/clix/internal/posix/parser.go:332.2,332.12 1 0
github.com/eugener/clix/internal/posix/parser.go:335.158,336.41 1 0
github.com/eugener/clix/internal/posix/parser.go:336.41,337.27 1 0
github.com/eugener/clix/internal/posix/parser.go:337.27,338.9 1 0
github.com/eugener/clix/internal/posix/parser.go:341.3,342.54 2 0
github.com/eugener/clix/internal/posix/parser.go:342.54,343.12 1 0
github.com/eugener/clix/internal/posix/parser.go:347.3,347.87 1 0
github.com/eugener/clix/internal/posix/parser.go:347.87,350.34 3 0
github.com/eugener/clix/internal/posix/parser.go:350.34,352.5 1 0
github.com/eugener/clix/internal/posix/parser.go:353.4,354.9 2 0
github.com/eugener/clix/internal/posix/parser.go:358.3,358.42 1 0
github.com/eugener/clix/internal/posix/parser.go:358.42,360.4 1 0
github.com/eugener/clix/internal/posix/parser.go:363.2,363.12 1 0
github.com/eugener/clix/internal/posix/parser.go:366.52,368.2 1 0
github.com/eugener/clix/internal/complete/generator.go:37.55,42.2 1 2
github.com/eugener/clix/internal/complete/generator.go:45.86,46.20 1 1
github.com/eugener/clix/internal/complete/generator.go:46.20,48.3 1 1
github.com/eugener/clix/internal/complete/generator.go:51.2,51.20 1 0
github.com/eugener/clix/internal/complete/generator.go:51.20,53.3 1 0
github.com/eugener/clix/internal/complete/generator.go:56.2,59.66 3 0
github.com/eugener/clix/internal/complete/generator.go:63.70,66.52 2 1
github.com/eugener/clix/internal/complete/generator.go:66.52,67.38 1 0
github.com/eugener/clix/internal/complete/generator.go:67.38,73.4 1 0
github.com/eugener/clix/internal/complete/generator.go:76.2,76.14 1 1
github.com/eugener/clix/internal/complete/generator.go:80.116,82.13 2 0
github.com/eugener/clix/internal/complete/generator.go:82.13,84.3 1 0
github.com/eugener/clix/internal/complete/generator.go:87.2,88.16 2 0
github.com/eugener/clix/internal/complete/generator.go:88.16,90.3 1 0
github.com/eugener/clix/internal/complete/generator.go:93.2,94.16 2 0
github.com/eugener/clix/internal/complete/generator.go:94.16,96.3 1 0
github.com/eugener/clix/internal/complete/generator.go:99.2,99.50 1 0
github.com/eugener/clix/internal/complete/generator.go:112.105,118.20 2 0
github.com/eugener/clix/internal/complete/generator.go:118.20,120.3 1 0
github.com/eugener/clix/internal/complete/generator.go:122.2,123.20 2 0
github.com/eugener/clix/internal/complete/generator.go:123.20,127.23 2 0
github.com/eugener/clix/internal/complete/generator.go:127.23,130.35 2 0
github.com/eugener/clix/internal/complete/generator.go:130.35,135.75 3 0
github.com/eugener/clix/internal/complete/generator.go:135.75,136.47 1 0
github.com/eugener/clix/internal/complete/generator.go:136.47,138.7 1 0
github.com/eugener/clix/internal/complete/generator.go:141.4,141.9 1 0
github.com/eugener/clix/internal/complete/generator.go:145.3,145.34 1 0
github.com/eugener/clix/internal/complete/generator.go:145.34,150.74 3 0
github.com/eugener/clix/internal/complete/generator.go:150.74,151.46 1 0
github.com/eugener/clix/internal/complete/generator.go:151.46,153.6 1 0
github.com/eugener/clix/internal/complete/generator.go:155.9,158.4 1 0
github.com/eugener/clix/internal/complete/generator.go:160.3,160.6 1 0
github.com/eugener/clix/internal/complete/generator.go:163.2,163.21 1 0
github.com/eugener/clix/internal/complete/generator.go:167.120,171.31 2 0
github.com/eugener/clix/internal/complete/generator.go:171.31,173.3 1 0
github.com/eugener/clix/internal/complete/generator.go:176.2,176.20 1 0
github.com/eugener/clix/internal/complete/generator.go:176.20,178.3 1 0
github.com/eugener/clix/internal/complete/generator.go:183.2,187.54 3 0
github.com/eugener/clix/internal/complete/generator.go:187.54,191.3 3 0
github.com/eugener/clix/internal/complete/generator.go:193.2,193.19 1 0
github.com/eugener/clix/internal/complete/generator.go:197.125,200.44 2 0
github.com/eugener/clix/internal/complete/generator.go:200.44,201.47 1 0
github.com/eugener/clix/internal/complete/generator.go:201.47,202.12 1 0
github.com/eugener/clix/internal/complete/generator.go:206.3,206.89 1 0
github.com/eugener/clix/internal/complete/generator.go:206.89,207.12 1 0
github.com/eugener/clix/internal/complete/generator.go:211.3,212.42 2 0
github.com/eugener/clix/internal/complete/generator.go:212.42,214.26 2 0
github.com/eugener/clix/internal/complete/generator.go:214.26,216.5 1 0
github.com/eugener/clix/internal/complete/generator.go:217.4,221.6 1 0
github.com/eugener/clix/internal/complete/generator.go:225.3,225.28 1 0
github.com/eugener/clix/internal/complete/generator.go:225.28,227.44 2 0
github.com/eugener/clix/internal/complete/generator.go:227.44,233.5 1 0
github.com/eugener/clix/internal/complete/generator.go:237.2,237.14 1 0
github.com/eugener/clix/internal/complete/generator.go:241.86,245.32 2 0
github.com/eugener/clix/internal/complete/generator.go:245.32,246.44 1 0
github.com/eugener/clix/internal/complete/generator.go:246.44,252.4 1 0
github.com/eugener/clix/internal/complete/generator.go:253.3,253.15 1 0
github.com/eugener/clix/internal/complete/generator.go:257.2,257.31 1 0
github.com/eugener/clix/internal/complete/generator.go:258.20,262.4 1 0
github.com/eugener/clix/internal/complete/generator.go:263.22,268.5 1 0
github.com/eugener/clix/internal/complete/generator.go:269.10,274.5 1 0
github.com/eugener/clix/internal/complete/generator.go:277.2,277.14 1 0
github.com/eugener/clix/internal/complete/generator.go:283.56,284.34 1 0
github.com/eugener/clix/internal/complete/generator.go:284.34,287.57 2 0
github.com/eugener/clix/internal/complete/generator.go:287.57,289.4 1 0
github.com/eugener/clix/internal/complete/generator.go:290.3,290.14 1 0
github.com/eugener/clix/internal/complete/generator.go:291.8,291.40 1 0
github.com/eugener/clix/internal/complete/generator.go:291.40,294.21 2 0
github.com/eugener/clix/internal/complete/generator.go:294.21,296.4 1 0
github.com/eugener/clix/internal/complete/generator.go:298.2,298.11 1 0
github.com/eugener/clix/internal/complete/generator.go:302.99,304.62 1 0
github.com/eugener/clix/internal/complete/generator.go:304.62,306.3 1 0
github.com/eugener/clix/internal/complete/generator.go:309.2,309.62 1 0
github.com/eugener/clix/internal/complete/generator.go:309.62,311.3 1 0
github.com/eugener/clix/internal/complete/generator.go:313.2,313.12 1 0
github.com/eugener/clix/internal/complete/generator.go:319.71,336.2 1 0
github.com/eugener/clix/internal/complete/generator.go:339.70,355.2 1 0
github.com/eugener/clix/internal/complete/generator.go:358.71,370.2 1 0
github.com/eugener/clix/internal/complete/generator.go:378.71,382.2 1 0
github.com/eugener/clix/internal/complete/generator.go:385.52,387.16 2 0
github.com/eugener/clix/internal/complete/generator.go:387.16,389.3 1 0
github.com/eugener/clix/internal/complete/generator.go:392.2,392.29 1 0
github.com/eugener/clix/internal/complete/generator.go:392.29,394.3 1 0
github.com/eugener/clix/internal/help/errors.go:16.75,21.2 1 3
github.com/eugener/clix/internal/help/errors.go:24.80,25.20 1 0
github.com/eugener/clix/internal/help/errors.go:25.20,27.3 1 0
github.com/eugener/clix/internal/help/errors.go:29.2,29.22 1 0
github.com/eugener/clix/internal/help/errors.go:30.31,31.47 1 0
github.com/eugener/clix/internal/help/errors.go:32.28,33.44 1 0
github.com/eugener/clix/internal/help/errors.go:34.32,35.48 1 0
github.com/eugener/clix/internal/help/errors.go:36.29,37.45 1 0
github.com/eugener/clix/internal/help/errors.go:38.27,39.48 1 0
github.com/eugener/clix/internal/help/errors.go:40.10,41.34 1 0
github.com/eugener/clix/internal/help/errors.go:73.89,82.34 5 0
github.com/eugener/clix/internal/help/errors.go:82.34,84.50 2 0
github.com/eugener/clix/internal/help/errors.go:84.50,88.4 1 0
github.com/eugener/clix/internal/help/errors.go:89.3,89.24 1 0
github.com/eugener/clix/internal/help/errors.go:93.2,93.34 1 0
github.com/eugener/clix/internal/help/errors.go:93.34,95.43 2 0
github.com/eugener/clix/internal/help/errors.go:95.43,97.4 1 0
github.com/eugener/clix/internal/help/errors.go:98.3,98.24 1 0
github.com/eugener/clix/internal/help/errors.go:102.2,105.21 2 0
github.com/eugener/clix/internal/help/errors.go:109.86,118.34 5 0
github.com/eugener/clix/internal/help/errors.go:118.34,120.50 2 0
github.com/eugener/clix/internal/help/errors.go:120.50,124.4 1 0
github.com/eugener/clix/internal/help/errors.go:125.3,125.24 1 0
github.com/eugener/clix/internal/help/errors.go:129.2,129.31 1 0
github.com/eugener/clix/internal/help/errors.go:129.31,132.41 3 0
github.com/eugener/clix/internal/help/errors.go:132.41,134.4 1 0
github.com/eugener/clix/internal/help/errors.go:135.3,135.24 1 0
github.com/eugener/clix/internal/help/errors.go:139.2,139.27 1 0
github.com/eugener/clix/internal/help/errors.go:139.27,142.3 1 0
github.com/eugener/clix/internal/help/errors.go:144.2,144.21 1 0
github.com/eugener/clix/internal/help/errors.go:148.90,157.36 5 0
github.com/eugener/clix/internal/help/errors.go:157.36,159.46 2 0
github.com/eugener/clix/internal/help/errors.go:159.46,161.28 2 0
github.com/eugener/clix/internal/help/errors.go:161.28,163.5 1 0
github.com/eugener/clix/internal/help/errors.go:164.4,164.84 1 0
github.com/eugener/clix/internal/help/errors.go:166.3,166.24 1 0
github.com/eugener/clix/internal/help/errors.go:170.2,170.31 1 0
github.com/eugener/clix/internal/help/errors.go:170.31,172.44 2 0
github.com/eugener/clix/internal/help/errors.go:172.44,176.4 1 0
github.com/eugener/clix/internal/help/errors.go:177.3,177.24 1 0
github.com/eugener/clix/internal/help/errors.go:181.2,181.27 1 0
github.com/eugener/clix/internal/help/errors.go:181.27,184.3 1 0
github.com/eugener/clix/internal/help/errors.go:186.2,186.21 1 0
github.com/eugener/clix/internal/help/errors.go:190.87,201.37 7 0
github.com/eugener/clix/internal/help/errors.go:201.37,203.47 2 0
github.com/eugener/clix/internal/help/errors.go:203.47,207.4 1 0
github.com/eugener/clix/internal/help/errors.go:208.3,208.24 1 0
github.com/eugener/clix/internal/help/errors.go:212.2,212.34 1 0
github.com/eugener/clix/internal/help/errors.go:212.34,214.50 2 0
github.com/eugener/clix/internal/help/errors.go:214.50,218.4 1 0
github.com/eugener/clix/internal/help/errors.go:219.3,219.24 1 0
github.com/eugener/clix/internal/help/errors.go:222.2,222.21 1 0
github.com/eugener/clix/internal/help/errors.go:226.90,235.31 5 0
github.com/eugener/clix/internal/help/errors.go:235.31,237.44 2 0
github.com/eugener/clix/internal/help/errors.go:237.44,241.4 1 0
github.com/eugener/clix/internal/help/errors.go:242.3,242.24 1 0
github.com/eugener/clix/internal/help/errors.go:245.2,245.21 1 0
github.com/eugener/clix/internal/help/errors.go:249.62,253.2 1 0
github.com/eugener/clix/internal/help/errors.go:271.69,272.18 1 0
github.com/eugener/clix/internal/help/errors.go:272.18,274.3 1 0
github.com/eugener/clix/internal/help/errors.go:275.2,275.50 1 0
github.com/eugener/clix/internal/help/errors.go:282.46,284.2 1 2
github.com/eugener/clix/internal/help/errors.go:287.88,289.2 1 0
github.com/eugener/clix/internal/help/errors.go:292.85,294.2 1 0
github.com/eugener/clix/internal/help/errors.go:297.86,299.2 1 0
github.com/eugener/clix/internal/help/errors.go:302.97,307.33 3 0
github.com/eugener/clix/internal/help/errors.go:307.33,309.46 2 0
github.com/eugener/clix/internal/help/errors.go:309.46,311.4 1 0
github.com/eugener/clix/internal/help/errors.go:315.2,315.46 1 0
github.com/eugener/clix/internal/help/errors.go:315.46,319.3 3 0
github.com/eugener/clix/internal/help/errors.go:322.2,322.26 1 0
github.com/eugener/clix/internal/help/errors.go:322.26,324.3 1 0
github.com/eugener/clix/internal/help/errors.go:326.2,326.20 1 0
github.com/eugener/clix/internal/help/errors.go:330.68,331.18 1 0
github.com/eugener/clix/internal/help/errors.go:331.18,333.3 1 0
github.com/eugener/clix/internal/help/errors.go:334.2,334.18 1 0
github.com/eugener/clix/internal/help/errors.go:334.18,336.3 1 0
github.com/eugener/clix/internal/help/errors.go:339.2,340.24 2 0
github.com/eugener/clix/internal/help/errors.go:340.24,342.3 1 0
github.com/eugener/clix/internal/help/errors.go:345.2,345.32 1 0
github.com/eugener/clix/internal/help/errors.go:345.32,347.3 1 0
github.com/eugener/clix/internal/help/errors.go:348.2,348.32 1 0
github.com/eugener/clix/internal/help/errors.go:348.32,350.3 1 0
github.com/eugener/clix/internal/help/errors.go:353.2,353.32 1 0
github.com/eugener/clix/internal/help/errors.go:353.32,354.33 1 0
github.com/eugener/clix/internal/help/errors.go:354.33,356.26 2 0
github.com/eugener/clix/internal/help/errors.go:356.26,358.5 1 0
github.com/eugener/clix/internal/help/errors.go:360.4,364.5 1 0
github.com/eugener/clix/internal/help/errors.go:368.2,368.33 1 0
github.com/eugener/clix/internal/help/errors.go:372.27,373.11 1 0
github.com/eugener/clix/internal/help/errors.go:373.11,374.12 1 0
github.com/eugener/clix/internal/help/errors.go:374.12,376.4 1 0
github.com/eugener/clix/internal/help/errors.go:377.3,377.11 1 0
github.com/eugener/clix/internal/help/errors.go:379.2,379.11 1 0
github.com/eugener/clix/internal/help/errors.go:379.11,381.3 1 0
github.com/eugener/clix/internal/help/errors.go:382.2,382.10 1 0
github.com/eugener/clix/internal/help/errors.go:391.45,395.2 1 0
github.com/eugener/clix/internal/help/errors.go:398.72,401.2 2 0
github.com/eugener/clix/internal/help/errors.go:404.74,407.2 2 0
github.com/eugener/clix/internal/help/errors.go:410.72,413.2 2 0
github.com/eugener/clix/internal/help/errors.go:416.74,419.2 2 0
github.com/eugener/clix/internal/help/errors.go:422.88,425.2 2 0
github.com/eugener/clix/internal/help/errors.go:428.85,431.2 2 0
github.com/eugener/clix/internal/help/errors.go:434.85,437.2 2 0
github.com/eugener/clix/internal/help/errors.go:440.79,443.2 2 0
github.com/eugener/clix/internal/help/errors.go:446.84,449.2 2 0
github.com/eugener/clix/internal/help/errors.go:452.82,455.2 2 0
github.com/eugener/clix/internal/help/errors.go:458.55,460.2 1 0
github.com/eugener/clix/internal/help/generator.go:26.56,35.2 1 3
github.com/eugener/clix/internal/help/generator.go:44.50,45.19 1 8
github.com/eugener/clix/internal/help/generator.go:45.19,47.3 1 1
github.com/eugener/clix/internal/help/generator.go:48.2,51.3 1 8
github.com/eugener/clix/internal/help/generator.go:55.78,59.32 2 0
github.com/eugener/clix/internal/help/generator.go:59.32,62.3 2 0
github.com/eugener/clix/internal/help/generator.go:65.2,69.23 3 0
github.com/eugener/clix/internal/help/generator.go:69.23,74.30 3 0
github.com/eugener/clix/internal/help/generator.go:74.30,75.26 1 0
github.com/eugener/clix/internal/help/generator.go:75.26,77.5 1 0
github.com/eugener/clix/internal/help/generator.go:81.3,82.30 2 0
github.com/eugener/clix/internal/help/generator.go:82.30,84.4 1 0
github.com/eugener/clix/internal/help/generator.go:85.3,88.30 2 0
github.com/eugener/clix/internal/help/generator.go:88.30,92.4 3 0
github.com/eugener/clix/internal/help/generator.go:93.3,93.23 1 0
github.com/eugener/clix/internal/help/generator.go:97.2,102.27 4 0
github.com/eugener/clix/internal/help/generator.go:102.27,105.3 2 0
github.com/eugener/clix/internal/help/generator.go:107.2,107.20 1 0
github.com/eugener/clix/internal/help/generator.go:111.88,114.16 2 0
github.com/eugener/clix/internal/help/generator.go:114.16,116.3 1 0
github.com/eugener/clix/internal/help/generator.go:119.2,132.16 3 0
github.com/eugener/clix/internal/help/generator.go:132.16,134.3 1 0
github.com/eugener/clix/internal/help/generator.go:136.2,137.48 2 0
github.com/eugener/clix/internal/help/generator.go:137.48,139.3 1 0
github.com/eugener/clix/internal/help/generator.go:141.2,141.25 1 0
github.com/eugener/clix/internal/help/generator.go:145.90,150.32 3 0
github.com/eugener/clix/internal/help/generator.go:150.32,152.3 1 0
github.com/eugener/clix/internal/help/generator.go:155.2,155.44 1 0
github.com/eugener/clix/internal/help/generator.go:155.44,156.41 1 0
github.com/eugener/clix/internal/help/generator.go:156.41,158.4 1 0
github.com/eugener/clix/internal/help/generator.go:158.9,159.22 1 0
github.com/eugener/clix/internal/help/generator.go:159.22,161.5 1 0
github.com/eugener/clix/internal/help/generator.go:161.10,163.5 1 0
github.com/eugener/clix/internal/help/generator.go:167.2,167.33 1 0
github.com/eugener/clix/internal/help/generator.go:171.78,175.40 2 0
github.com/eugener/clix/internal/help/generator.go:175.40,176.39 1 0
github.com/eugener/clix/internal/help/generator.go:176.39,177.12 1 0
github.com/eugener/clix/internal/help/generator.go:180.3,190.30 2 0
github.com/eugener/clix/internal/help/generator.go:194.2,194.40 1 0
github.com/eugener/clix/internal/help/generator.go:194.40,196.3 1 0
github.com/eugener/clix/internal/help/generator.go:198.2,198.14 1 0
github.com/eugener/clix/internal/help/generator.go:202.89,205.44 2 0
github.com/eugener/clix/internal/help/generator.go:205.44,214.3 2 0
github.com/eugener/clix/internal/help/generator.go:216.2,216.19 1 0
github.com/eugener/clix/internal/help/generator.go:220.58,221.18 1 0
github.com/eugener/clix/internal/help/generator.go:222.22,223.18 1 0
github.com/eugener/clix/internal/help/generator.go:224.20,225.16 1 0
github.com/eugener/clix/internal/help/generator.go:226.78,227.15 1 0
github.com/eugener/clix/internal/help/generator.go:228.83,229.16 1 0
github.com/eugener/clix/internal/help/generator.go:230.40,231.17 1 0
github.com/eugener/clix/internal/help/generator.go:232.21,234.39 2 0
github.com/eugener/clix/internal/help/generator.go:235.10,236.20 1 0
github.com/eugener/clix/internal/help/generator.go:241.54,245.41 2 0
github.com/eugener/clix/internal/help/generator.go:245.41,247.3 1 0
github.com/eugener/clix/internal/help/generator.go:247.8,247.29 1 0
github.com/eugener/clix/internal/help/generator.go:247.29,249.3 1 0
github.com/eugener/clix/internal/help/generator.go:249.8,251.3 1 0
github.com/eugener/clix/internal/help/generator.go:254.2,254.25 1 0
github.com/eugener/clix/internal/help/generator.go:254.25,256.3 1 0
github.com/eugener/clix/internal/help/generator.go:258.2,262.28 3 0
github.com/eugener/clix/internal/help/generator.go:262.28,264.3 1 0
github.com/eugener/clix/internal/help/generator.go:266.2,266.19 1 0
github.com/eugener/clix/internal/help/generator.go:266.19,268.3 1 0
github.com/eugener/clix/internal/help/generator.go:270.2,270.24 1 0
github.com/eugener/clix/internal/help/generator.go:270.24,272.3 1 0
github.com/eugener/clix/internal/help/generator.go:274.2,274.27 1 0
github.com/eugener/clix/internal/help/generator.go:274.27,276.3 1 0
github.com/eugener/clix/internal/help/generator.go:278.2,283.30 4 0
github.com/eugener/clix/internal/help/generator.go:283.30,285.3 1 0
github.com/eugener/clix/internal/help/generator.go:287.2,288.65 2 0
github.com/eugener/clix/internal/help/validator.go:20.43,22.2 1 0
github.com/eugener/clix/internal/help/validator.go:28.44,29.19 1 0
github.com/eugener/clix/internal/help/validator.go:29.19,31.3 1 0
github.com/eugener/clix/internal/help/validator.go:33.2,33.19 1 0
github.com/eugener/clix/internal/help/validator.go:33.19,35.3 1 0
github.com/eugener/clix/internal/help/validator.go:37.2,38.25 2 0
github.com/eugener/clix/internal/help/validator.go:38.25,40.3 1 0
github.com/eugener/clix/internal/help/validator.go:42.2,42.85 1 0
github.com/eugener/clix/internal/help/validator.go:51.32,55.2 1 0
github.com/eugener/clix/internal/help/validator.go:58.48,60.39 2 0
github.com/eugener/clix/internal/help/validator.go:60.39,62.3 1 0
github.com/eugener/clix/internal/help/validator.go:64.2,64.42 1 0
github.com/eugener/clix/internal/help/validator.go:64.42,66.3 1 0
github.com/eugener/clix/internal/help/validator.go:68.2,69.16 2 0
github.com/eugener/clix/internal/help/validator.go:69.16,71.3 1 0
github.com/eugener/clix/internal/help/validator.go:73.2,76.44 2 0
github.com/eugener/clix/internal/help/validator.go:76.44,78.23 2 0
github.com/eugener/clix/internal/help/validator.go:78.23,79.12 1 0
github.com/eugener/clix/internal/help/validator.go:82.3,82.59 1 0
github.com/eugener/clix/internal/help/validator.go:82.59,83.44 1 0
github.com/eugener/clix/internal/help/validator.go:83.44,85.5 1 0
github.com/eugener/clix/internal/help/validator.go:85.10,91.5 1 0
github.com/eugener/clix/internal/help/validator.go:95.2,95.21 1 0
github.com/eugener/clix/internal/help/validator.go:95.21,97.3 1 0
github.com/eugener/clix/internal/help/validator.go:99.2,99.12 1 0
github.com/eugener/clix/internal/help/validator.go:103.88,107.48 2 0
github.com/eugener/clix/internal/help/validator.go:107.48,113.3 1 0
github.com/eugener/clix/internal/help/validator.go:116.2,116.49 1 0
github.com/eugener/clix/internal/help/validator.go:116.49,118.3 1 0
github.com/eugener/clix/internal/help/validator.go:121.2,121.32 1 0
github.com/eugener/clix/internal/help/validator.go:121.32,122.61 1 0
github.com/eugener/clix/internal/help/validator.go:122.61,124.4 1 0
github.com/eugener/clix/internal/help/validator.go:128.2,128.31 1 0
github.com/eugener/clix/internal/help/validator.go:129.22,130.53 1 0
github.com/eugener/clix/internal/help/validator.go:131.78,132.47 1 0
github.com/eugener/clix/internal/help/validator.go:133.83,134.49 1 0
github.com/eugener/clix/internal/help/validator.go:135.40,136.51 1 0
github.com/eugener/clix/internal/help/validator.go:137.21,138.43 1 0
github.com/eugener/clix/internal/help/validator.go:141.2,141.12 1 0
github.com/eugener/clix/internal/help/validator.go:145.80,148.43 2 0
github.com/eugener/clix/internal/help/validator.go:148.43,149.25 1 0
github.com/eugener/clix/internal/help/validator.go:149.25,151.4 1 0
github.com/eugener/clix/internal/help/validator.go:154.2,158.3 1 0
github.com/eugener/clix/internal/help/validator.go:162.82,167.2 1 0
github.com/eugener/clix/internal/help/validator.go:170.78,175.2 1 0
github.com/eugener/clix/internal/help/validator.go:178.80,182.2 1 0
github.com/eugener/clix/internal/help/validator.go:185.82,189.2 1 0
github.com/eugener/clix/internal/help/validator.go:192.88,194.35 1 0
github.com/eugener/clix/internal/help/validator.go:194.35,201.62 4 0
github.com/eugener/clix/internal/help/validator.go:201.62,207.4 1 0
github.com/eugener/clix/internal/help/validator.go:210.2,210.12 1 0
github.com/eugener/clix/internal/help/validator.go:214.59,216.2 1 0
github.com/eugener/clix/internal/help/validator.go:227.48,231.2 1 0
github.com/eugener/clix/internal/help/validator.go:234.79,236.2 1 0
github.com/eugener/clix/internal/help/validator.go:239.71,242.2 2 0
github.com/eugener/clix/internal/help/validator.go:247.38,249.9 2 0
github.com/eugener/clix/internal/help/validator.go:249.9,251.3 1 0
github.com/eugener/clix/internal/help/validator.go:253.2,253.68 1 0
github.com/eugener/clix/internal/help/validator.go:253.68,255.3 1 0
github.com/eugener/clix/internal/help/validator.go:257.2,257.12 1 0
github.com/eugener/clix/internal/help/validator.go:261.36,263.9 2 0
github.com/eugener/clix/internal/help/validator.go:263.9,265.3 1 0
github.com/eugener/clix/internal/help/validator.go:267.2,267.79 1 0
github.com/eugener/clix/internal/help/validator.go:267.79,269.3 1 0
github.com/eugener/clix/internal/help/validator.go:271.2,271.12 1 0
github.com/eugener/clix/internal/help/validator.go:275.55,276.31 1 0
github.com/eugener/clix/internal/help/validator.go:276.31,279.28 2 0
github.com/eugener/clix/internal/help/validator.go:280.12,281.20 1 0
github.com/eugener/clix/internal/help/validator.go:282.14,283.20 1 0
github.com/eugener/clix/internal/help/validator.go:284.16,285.11 1 0
github.com/eugener/clix/internal/help/validator.go:286.16,287.20 1 0
github.com/eugener/clix/internal/help/validator.go:288.15,291.18 3 0
github.com/eugener/clix/internal/help/validator.go:291.18,293.5 1 0
github.com/eugener/clix/internal/help/validator.go:294.11,295.63 1 0
github.com/eugener/clix/internal/help/validator.go:298.3,298.29 1 0
github.com/eugener/clix/internal/help/validator.go:298.29,300.4 1 0
github.com/eugener/clix/internal/help/validator.go:302.3,302.13 1 0
github.com/eugener/clix/internal/help/validator.go:307.52,308.31 1 0
github.com/eugener/clix/internal/help/validator.go:308.31,310.10 2 0
github.com/eugener/clix/internal/help/validator.go:310.10,312.4 1 0
github.com/eugener/clix/internal/help/validator.go:314.3,315.35 2 0
github.com/eugener/clix/internal/help/validator.go:315.35,317.4 1 0
github.com/eugener/clix/internal/help/validator.go:319.3,319.13 1 0
github.com/eugener/clix/internal/help/validator.go:324.55,325.31 1 0
github.com/eugener/clix/internal/help/validator.go:325.31,327.10 2 0
github.com/eugener/clix/internal/help/validator.go:327.10,329.4 1 0
github.com/eugener/clix/internal/help/validator.go:333.3,333.32 1 0
github.com/eugener/clix/internal/help/validator.go:333.32,334.26 1 0
github.com/eugener/clix/internal/help/validator.go:334.26,335.77 1 0
github.com/eugener/clix/internal/help/validator.go:335.77,337.6 1 0
github.com/eugener/clix/internal/help/validator.go:341.3,341.13 1 0
github.com/eugener/clix/config/options.go:53.35,54.28 1 2
github.com/eugener/clix/config/options.go:54.28,56.26 2 2
github.com/eugener/clix/config/options.go:56.26,58.4 1 0
github.com/eugener/clix/config/options.go:63.41,64.28 1 2
github.com/eugener/clix/config/options.go:64.28,66.26 2 2
github.com/eugener/clix/config/options.go:66.26,68.4 1 0
github.com/eugener/clix/config/options.go:73.49,74.28 1 2
github.com/eugener/clix/config/options.go:74.28,76.26 2 2
github.com/eugener/clix/config/options.go:76.26,78.4 1 0
github.com/eugener/clix/config/options.go:83.39,84.28 1 2
github.com/eugener/clix/config/options.go:84.28,86.3 1 2
github.com/eugener/clix/config/options.go:90.45,91.28 1 1
github.com/eugener/clix/config/options.go:91.28,93.3 1 1
github.com/eugener/clix/config/options.go:97.55,98.28 1 1
github.com/eugener/clix/config/options.go:98.28,100.3 1 1
github.com/eugener/clix/config/options.go:104.59,105.28 1 1
github.com/eugener/clix/config/options.go:105.28,107.3 1 1
github.com/eugener/clix/config/options.go:111.28,112.28 1 2
github.com/eugener/clix/config/options.go:112.28,114.3 1 2
github.com/eugener/clix/config/options.go:118.27,119.28 1 2
github.com/eugener/clix/config/options.go:119.28,121.3 1 2
github.com/eugener/clix/config/options.go:125.48,126.28 1 1
github.com/eugener/clix/config/options.go:126.28,128.3 1 1
github.com/eugener/clix/config/options.go:132.57,133.28 1 1
github.com/eugener/clix/config/options.go:133.28,135.3 1 1
github.com/eugener/clix/config/options.go:139.45,140.28 1 2
github.com/eugener/clix/config/options.go:140.28,141.26 1 2
github.com/eugener/clix/config/options.go:141.26,143.4 1 0
github.com/eugener/clix/config/options.go:144.3,144.38 1 2
github.com/eugener/clix/config/options.go:149.41,150.28 1 1
github.com/eugener/clix/config/options.go:150.28,151.26 1 1
github.com/eugener/clix/config/options.go:151.26,153.4 1 0
github.com/eugener/clix/config/options.go:154.3,154.32 1 1
github.com/eugener/clix/config/options.go:159.55,160.28 1 1
github.com/eugener/clix/config/options.go:160.28,162.3 1 1
github.com/eugener/clix/config/options.go:166.68,167.28 1 1
github.com/eugener/clix/config/options.go:167.28,169.3 1 1
github.com/eugener/clix/config/options.go:173.67,174.28 1 1
github.com/eugener/clix/config/options.go:174.28,176.3 1 1
github.com/eugener/clix/config/options.go:180.69,181.28 1 1
github.com/eugener/clix/config/options.go:181.28,183.3 1 1
github.com/eugener/clix/config/options.go:187.68,188.28 1 1
github.com/eugener/clix/config/options.go:188.28,190.3 1 1
github.com/eugener/clix/config/options.go:194.60,195.28 1 1
github.com/eugener/clix/config/options.go:195.28,196.27 1 1
github.com/eugener/clix/config/options.go:196.27,198.4 1 0
github.com/eugener/clix/config/options.go:199.3,199.30 1 1
github.com/eugener/clix/config/options.go:204.45,205.28 1 1
github.com/eugener/clix/config/options.go:205.28,208.3 2 1
github.com/eugener/clix/config/options.go:212.45,213.28 1 1
github.com/eugener/clix/config/options.go:213.28,215.3 1 1
github.com/eugener/clix/config/options.go:219.46,220.28 1 2
github.com/eugener/clix/config/options.go:220.28,222.3 1 2
github.com/eugener/clix/config/options.go:226.47,227.28 1 2
github.com/eugener/clix/config/options.go:227.28,229.3 1 2
github.com/eugener/clix/config/options.go:233.33,246.37 1 2
github.com/eugener/clix/config/options.go:246.37,247.18 1 0
github.com/eugener/clix/config/options.go:247.18,249.5 1 0
github.com/eugener/clix/config/options.go:250.4,250.12 1 0
github.com/eugener/clix/config/options.go:256.43,257.27 1 1
github.com/eugener/clix/config/options.go:257.27,259.3 1 6
github.com/eugener/clix/config/options.go:262.2,262.25 1 1
github.com/eugener/clix/config/options.go:262.25,266.3 3 1
github.com/eugener/clix/config/options.go:275.28,279.2 1 0
github.com/eugener/clix/config/options.go:282.46,285.2 2 0
github.com/eugener/clix/config/options.go:288.52,291.2 2 0
github.com/eugener/clix/config/options.go:294.60,297.2 2 0
github.com/eugener/clix/config/options.go:300.50,303.2 2 0
github.com/eugener/clix/config/options.go:306.56,309.2 2 0
github.com/eugener/clix/config/options.go:312.66,315.2 2 0
github.com/eugener/clix/config/options.go:318.70,321.2 2 0
github.com/eugener/clix/config/options.go:324.39,327.2 2 0
github.com/eugener/clix/config/options.go:330.38,333.2 2 0
github.com/eugener/clix/config/options.go:336.59,339.2 2 0
github.com/eugener/clix/config/options.go:342.56,345.2 2 0
github.com/eugener/clix/config/options.go:348.52,351.2 2 0
github.com/eugener/clix/config/options.go:354.66,357.2 2 0
github.com/eugener/clix/config/options.go:360.79,363.2 2 0
github.com/eugener/clix/config/options.go:366.78,369.2 2 0
github.com/eugener/clix/config/options.go:372.80,375.2 2 0
github.com/eugener/clix/config/options.go:378.79,381.2 2 0
github.com/eugener/clix/config/options.go:384.71,387.2 2 0
github.com/eugener/clix/config/options.go:390.38,392.2 1 0
github.com/eugener/clix/config/options.go:397.37,406.2 3 0
github.com/eugener/clix/config/options.go:409.36,417.2 3 0
github.com/eugener/clix/config/options.go:420.33,422.2 1 0
github.com/eugener/clix/cli/cli.go:117.28,124.2 1 10
github.com/eugener/clix/cli/cli.go:127.42,132.2 1 0
github.com/eugener/clix/cli/cli.go:135.40,144.2 1 0
github.com/eugener/clix/cli/cli.go:147.41,155.2 1 0
github.com/eugener/clix/cli/cli.go:160.44,163.2 2 3
github.com/eugener/clix/cli/cli.go:166.52,169.2 2 2
github.com/eugener/clix/cli/cli.go:172.42,175.2 2 1
github.com/eugener/clix/cli/cli.go:178.31,181.2 2 5
github.com/eugener/clix/cli/cli.go:184.30,187.2 2 4
github.com/eugener/clix/cli/cli.go:190.34,193.2 2 3
github.com/eugener/clix/cli/cli.go:196.48,199.2 2 2
github.com/eugener/clix/cli/cli.go:202.33,205.2 2 3
github.com/eugener/clix/cli/cli.go:208.48,211.2 2 0
github.com/eugener/clix/cli/cli.go:214.51,217.2 2 0
github.com/eugener/clix/cli/cli.go:220.50,223.2 2 8
github.com/eugener/clix/cli/cli.go:226.44,229.2 2 0
github.com/eugener/clix/cli/cli.go:232.71,235.2 2 0
github.com/eugener/clix/cli/cli.go:238.70,241.2 2 0
github.com/eugener/clix/cli/cli.go:244.72,247.2 2 0
github.com/eugener/clix/cli/cli.go:250.71,253.2 2 0
github.com/eugener/clix/cli/cli.go:256.40,263.25 2 10
github.com/eugener/clix/cli/cli.go:263.25,265.3 1 2
github.com/eugener/clix/cli/cli.go:267.2,267.20 1 10
github.com/eugener/clix/cli/cli.go:267.20,269.3 1 1
github.com/eugener/clix/cli/cli.go:272.2,278.33 3 10
github.com/eugener/clix/cli/cli.go:278.33,279.51 1 8
github.com/eugener/clix/cli/cli.go:279.51,280.55 1 0
github.com/eugener/clix/cli/cli.go:284.2,284.20 1 10
github.com/eugener/clix/cli/cli.go:288.59,290.2 1 6
github.com/eugener/clix/cli/cli.go:293.48,296.2 2 0
github.com/eugener/clix/cli/cli.go:301.62,302.93 1 4
github.com/eugener/clix/cli/cli.go:302.93,304.3 1 1
github.com/eugener/clix/cli/cli.go:310.37,311.65 1 2
github.com/eugener/clix/cli/cli.go:311.65,314.3 2 0
github.com/eugener/clix/cli/cli.go:318.20,319.59 1 0
github.com/eugener/clix/cli/cli.go:319.59,322.3 2 0
github.com/eugener/clix/cli/cli.go:326.50,329.63 1 1
github.com/eugener/clix/cli/cli.go:329.63,332.4 2 0
github.com/eugener/clix/app/application.go:29.57,34.29 3 24
github.com/eugener/clix/app/application.go:34.29,36.3 1 3
github.com/eugener/clix/app/application.go:39.2,39.23 1 24
github.com/eugener/clix/app/application.go:39.23,41.3 1 24
github.com/eugener/clix/app/application.go:44.2,61.3 5 24
github.com/eugener/clix/app/application.go:65.68,69.2 3 20
github.com/eugener/clix/app/application.go:72.49,74.2 1 19
github.com/eugener/clix/app/application.go:77.65,78.31 1 1
github.com/eugener/clix/app/application.go:78.31,79.43 1 2
github.com/eugener/clix/app/application.go:79.43,81.4 1 0
github.com/eugener/clix/app/application.go:83.2,83.12 1 1
github.com/eugener/clix/app/application.go:87.69,89.33 1 15
github.com/eugener/clix/app/application.go:89.33,91.55 2 0
github.com/eugener/clix/app/application.go:91.55,94.4 2 0
github.com/eugener/clix/app/application.go:97.2,97.15 1 15
github.com/eugener/clix/app/application.go:97.15,99.33 1 15
github.com/eugener/clix/app/application.go:99.33,101.55 2 0
github.com/eugener/clix/app/application.go:101.55,103.5 1 0
github.com/eugener/clix/app/application.go:108.2,108.20 1 15
github.com/eugener/clix/app/application.go:108.20,111.3 2 2
github.com/eugener/clix/app/application.go:114.2,114.32 1 13
github.com/eugener/clix/app/application.go:114.32,116.3 1 1
github.com/eugener/clix/app/application.go:119.2,120.64 2 12
github.com/eugener/clix/app/application.go:120.64,135.3 6 4
github.com/eugener/clix/app/application.go:138.2,138.35 1 8
github.com/eugener/clix/app/application.go:138.35,140.30 2 0
github.com/eugener/clix/app/application.go:140.30,142.4 1 0
github.com/eugener/clix/app/application.go:143.3,143.11 1 0
github.com/eugener/clix/app/application.go:147.2,150.34 2 8
github.com/eugener/clix/app/application.go:150.34,152.56 2 0
github.com/eugener/clix/app/application.go:152.56,155.4 2 0
github.com/eugener/clix/app/application.go:158.2,158.15 1 8
github.com/eugener/clix/app/application.go:158.15,160.34 1 8
github.com/eugener/clix/app/application.go:160.34,162.56 2 0
github.com/eugener/clix/app/application.go:162.56,164.5 1 0
github.com/eugener/clix/app/application.go:169.2,170.31 2 8
github.com/eugener/clix/app/application.go:170.31,172.17 2 1
github.com/eugener/clix/app/application.go:172.17,174.4 1 0
github.com/eugener/clix/app/application.go:174.9,176.4 1 1
github.com/eugener/clix/app/application.go:180.2,180.98 1 8
github.com/eugener/clix/app/application.go:180.98,182.73 1 3
github.com/eugener/clix/app/application.go:182.73,183.112 1 0
github.com/eugener/clix/app/application.go:183.112,185.111 1 0
github.com/eugener/clix/app/application.go:185.111,187.6 1 0
github.com/eugener/clix/app/application.go:192.3,195.38 4 3
github.com/eugener/clix/app/application.go:198.2,198.10 1 5
github.com/eugener/clix/app/application.go:202.62,204.2 1 0
github.com/eugener/clix/app/application.go:207.40,209.54 2 3
github.com/eugener/clix/app/application.go:209.54,215.3 1 1
github.com/eugener/clix/app/application.go:216.2,216.51 1 3
github.com/eugener/clix/app/application.go:220.55,221.19 1 1
github.com/eugener/clix/app/application.go:221.19,224.63 2 0
github.com/eugener/clix/app/application.go:224.63,234.18 3 0
github.com/eugener/clix/app/application.go:234.18,237.5 2 0
github.com/eugener/clix/app/application.go:238.4,238.23 1 0
github.com/eugener/clix/app/application.go:239.9,242.4 2 0
github.com/eugener/clix/app/application.go:243.8,246.3 1 1
github.com/eugener/clix/app/application.go:247.2,247.10 1 1
github.com/eugener/clix/app/application.go:251.56,253.2 1 13
github.com/eugener/clix/app/application.go:256.59,258.2 1 8
github.com/eugener/clix/app/application.go:261.55,263.2 1 4
github.com/eugener/clix/app/application.go:266.54,268.2 1 2
github.com/eugener/clix/app/application.go:271.54,273.2 1 1
github.com/eugener/clix/app/application.go:276.60,278.2 1 1
github.com/eugener/clix/app/application.go:281.108,285.51 2 3
github.com/eugener/clix/app/application.go:285.51,295.3 3 0
github.com/eugener/clix/app/application.go:297.2,297.48 1 3
github.com/eugener/clix/app/application.go:297.48,310.3 4 0
github.com/eugener/clix/app/application.go:312.2,312.91 1 3
github.com/eugener/clix/app/application.go:312.91,325.3 4 3
github.com/eugener/clix/app/application.go:327.2,327.53 1 0
github.com/eugener/clix/app/application.go:327.53,335.3 2 0
github.com/eugener/clix/app/application.go:338.2,341.10 1 0
github.com/eugener/clix/app/application.go:345.55,347.48 2 4
github.com/eugener/clix/app/application.go:347.48,349.3 1 3
github.com/eugener/clix/app/application.go:350.2,350.17 1 4
github.com/eugener/clix/app/application.go:354.76,358.2 1 0
github.com/eugener/clix/app/application.go:361.81,365.2 1 3
github.com/eugener/clix/app/application.go:368.76,373.2 1 3
github.com/eugener/clix/app/application.go:376.70,378.38 1 0
github.com/eugener/clix/app/application.go:378.38,380.21 2 0
github.com/eugener/clix/app/application.go:380.21,383.4 2 0
github.com/eugener/clix/app/application.go:385.2,385.37 1 0
github.com/eugener/clix/app/application.go:385.37,387.21 2 0
github.com/eugener/clix/app/application.go:387.21,390.4 2 0
github.com/eugener/clix/app/application.go:392.2,392.18 1 0
github.com/eugener/clix/app/application.go:396.71,398.42 1 3
github.com/eugener/clix/app/application.go:398.42,400.21 2 3
github.com/eugener/clix/app/application.go:400.21,403.4 2 3
github.com/eugener/clix/app/application.go:405.2,405.18 1 0
github.com/eugener/clix/app/application.go:409.95,412.13 2 1
github.com/eugener/clix/app/application.go:412.13,414.3 1 0
github.com/eugener/clix/app/application.go:417.2,418.26 2 1
github.com/eugener/clix/app/application.go:418.26,420.3 1 0
github.com/eugener/clix/app/application.go:422.2,423.27 2 1
github.com/eugener/clix/app/application.go:423.27,430.3 1 1
github.com/eugener/clix/app/application.go:432.2,440.44 5 1
github.com/eugener/clix/app/application.go:440.44,442.3 1 0
github.com/eugener/clix/app/application.go:445.2,445.20 1 1
github.com/eugener/clix/app/application.go:449.95,451.13 2 1
github.com/eugener/clix/app/application.go:451.13,453.3 1 0
github.com/eugener/clix/app/application.go:455.2,458.33 3 1
github.com/eugener/clix/app/application.go:459.21,460.44 1 1
github.com/eugener/clix/app/application.go:461.14,462.44 1 0
github.com/eugener/clix/app/application.go:463.10,464.59 1 0
github.com/eugener/clix/app/application.go:469.69,474.2 2 0
github.com/eugener/clix/app/application.go:477.130,480.13 2 0
github.com/eugener/clix/app/application.go:480.13,482.3 1 0
github.com/eugener/clix/app/application.go:485.2,490.31 4 0
github.com/eugener/clix/app/application.go:490.31,491.71 1 0
github.com/eugener/clix/app/application.go:491.71,494.4 1 0
github.com/eugener/clix/app/application.go:498.2,498.75 1 0
github.com/eugener/clix/app/application.go:498.75,501.3 1 0
github.com/eugener/clix/app/application.go:504.2,510.59 5 0
github.com/eugener/clix/app/application.go:510.59,512.3 1 0
github.com/eugener/clix/app/application.go:514.2,522.12 4 0
github.com/eugener/clix/app/application.go:526.84,528.26 2 0
github.com/eugener/clix/app/application.go:528.26,530.3 1 0
github.com/eugener/clix/app/application.go:532.2,533.27 2 0
github.com/eugener/clix/app/application.go:533.27,539.3 1 0
github.com/eugener/clix/app/application.go:541.2,542.28 2 0
github.com/eugener/clix/app/application.go:546.98,550.2 1 0
github.com/eugener/clix/app/application.go:555.71,563.31 2 1
github.com/eugener/clix/app/application.go:563.31,564.43 1 1
github.com/eugener/clix/app/application.go:564.43,565.61 1 0
github.com/eugener/clix/app/application.go:569.2,569.12 1 1
github.com/eugener/clix/app/application.go:573.69,582.31 4 1
github.com/eugener/clix/app/application.go:582.31,583.43 1 1
github.com/eugener/clix/app/application.go:583.43,584.61 1 0
github.com/eugener/clix/app/application.go:588.2,588.12 1 1
github.com/eugener/clix/app/application.go:592.70,601.31 4 1
github.com/eugener/clix/app/application.go:601.31,602.43 1 1
github.com/eugener/clix/app/application.go:602.43,603.61 1 0
github.com/eugener/clix/app/application.go:607.2,607.12 1 1
github.com/eugener/clix/core/cli.go:26.54,33.2 1 0
github.com/eugener/clix/core/cli.go:36.39,42.69 3 0
github.com/eugener/clix/core/cli.go:42.69,44.3 1 0
github.com/eugener/clix/core/cli.go:47.2,48.16 2 0
github.com/eugener/clix/core/cli.go:48.16,50.3 1 0
github.com/eugener/clix/core/cli.go:53.2,56.52 3 0
github.com/eugener/clix/core/cli.go:56.52,58.3 1 0
github.com/eugener/clix/core/cli.go:60.2,73.12 6 0
github.com/eugener/clix/core/cli.go:77.65,78.20 1 0
github.com/eugener/clix/core/cli.go:78.20,80.3 1 0
github.com/eugener/clix/core/cli.go:82.2,84.13 3 0
github.com/eugener/clix/core/cli.go:84.13,86.3 1 0
github.com/eugener/clix/core/cli.go:89.2,93.57 3 0
github.com/eugener/clix/core/cli.go:93.57,95.3 1 0
github.com/eugener/clix/core/cli.go:98.2,98.56 1 0
github.com/eugener/clix/core/cli.go:98.56,100.3 1 0
github.com/eugener/clix/core/cli.go:103.2,111.45 4 0
github.com/eugener/clix/core/cli.go:111.45,113.3 1 0
github.com/eugener/clix/core/cli.go:115.2,115.12 1 0
github.com/eugener/clix/core/cli.go:119.43,120.19 1 0
github.com/eugener/clix/core/cli.go:120.19,122.3 1 0
github.com/eugener/clix/core/cli.go:124.2,125.13 2 0
github.com/eugener/clix/core/cli.go:125.13,127.3 1 0
github.com/eugener/clix/core/cli.go:129.2,129.37 1 0
github.com/eugener/clix/core/cli.go:132.41,134.35 2 0
github.com/eugener/clix/core/cli.go:134.35,136.3 1 0
github.com/eugener/clix/core/cli.go:137.2,137.13 1 0
github.com/eugener/clix/core/cli.go:140.62,143.2 1 0
github.com/eugener/clix/core/cli.go:146.68,148.98 1 0
github.com/eugener/clix/core/cli.go:148.98,151.37 2 0
github.com/eugener/clix/core/cli.go:151.37,153.4 1 0
github.com/eugener/clix/core/cli.go:155.3,156.23 2 0
github.com/eugener/clix/core/cli.go:156.23,158.24 2 0
github.com/eugener/clix/core/cli.go:158.24,160.5 1 0
github.com/eugener/clix/core/cli.go:165.2,166.12 2 0
github.com/eugener/clix/core/cli.go:166.12,168.3 1 0
github.com/eugener/clix/core/cli.go:170.2,171.26 2 0
github.com/eugener/clix/core/cli.go:171.26,173.3 1 0
github.com/eugener/clix/core/cli.go:176.2,177.24 2 0
github.com/eugener/clix/core/executor.go:26.100,35.2 1 38
github.com/eugener/clix/core/executor.go:38.79,41.2 2 37
github.com/eugener/clix/core/executor.go:44.83,47.2 2 0
github.com/eugener/clix/core/executor.go:50.54,52.2 1 29
github.com/eugener/clix/core/executor.go:69.48,76.2 1 28
github.com/eugener/clix/core/executor.go:79.50,81.2 1 10
github.com/eugener/clix/core/executor.go:84.51,86.2 1 1
github.com/eugener/clix/core/executor.go:89.90,91.2 1 33
github.com/eugener/clix/core/executor.go:94.116,100.13 3 37
github.com/eugener/clix/core/executor.go:100.13,102.3 1 1
github.com/eugener/clix/core/executor.go:105.2,105.52 1 36
github.com/eugener/clix/core/executor.go:105.52,107.3 1 35
github.com/eugener/clix/core/executor.go:110.2,113.29 2 36
github.com/eugener/clix/core/executor.go:119.140,126.23 4 36
github.com/eugener/clix/core/executor.go:126.23,127.60 1 3
github.com/eugener/clix/core/executor.go:127.60,129.4 1 1
github.com/eugener/clix/core/executor.go:133.2,134.51 2 35
github.com/eugener/clix/core/executor.go:134.51,136.3 1 2
github.com/eugener/clix/core/executor.go:139.2,139.49 1 33
github.com/eugener/clix/core/executor.go:139.49,141.3 1 5
github.com/eugener/clix/core/executor.go:144.2,151.73 2 28
github.com/eugener/clix/core/executor.go:155.71,160.46 2 36
github.com/eugener/clix/core/executor.go:160.46,162.3 1 16
github.com/eugener/clix/core/executor.go:164.2,164.20 1 36
github.com/eugener/clix/core/executor.go:168.53,171.39 2 33
github.com/eugener/clix/core/executor.go:171.39,173.3 1 33
github.com/eugener/clix/core/executor.go:175.2,177.16 3 33
github.com/eugener/clix/core/executor.go:177.16,179.3 1 0
github.com/eugener/clix/core/executor.go:182.2,182.44 1 33
github.com/eugener/clix/core/executor.go:182.44,183.26 1 62
github.com/eugener/clix/core/executor.go:183.26,184.12 1 54
github.com/eugener/clix/core/executor.go:187.3,188.41 2 8
github.com/eugener/clix/core/executor.go:188.41,190.4 1 4
github.com/eugener/clix/core/executor.go:194.2,194.44 1 29
github.com/eugener/clix/core/executor.go:194.44,195.34 1 58
github.com/eugener/clix/core/executor.go:195.34,196.12 1 55
github.com/eugener/clix/core/executor.go:199.3,200.41 2 3
github.com/eugener/clix/core/executor.go:200.41,201.12 1 1
github.com/eugener/clix/core/executor.go:204.3,206.44 3 2
github.com/eugener/clix/core/executor.go:206.44,207.23 1 4
github.com/eugener/clix/core/executor.go:207.23,209.10 2 1
github.com/eugener/clix/core/executor.go:213.3,213.13 1 2
github.com/eugener/clix/core/executor.go:213.13,215.4 1 1
github.com/eugener/clix/core/executor.go:218.2,218.12 1 28
github.com/eugener/clix/core/executor.go:227.61,229.2 1 35
github.com/eugener/clix/core/executor.go:232.66,234.61 1 35
github.com/eugener/clix/core/executor.go:234.61,236.3 1 1
github.com/eugener/clix/core/executor.go:239.2,241.16 3 34
github.com/eugener/clix/core/executor.go:241.16,243.3 1 0
github.com/eugener/clix/core/executor.go:246.2,246.70 1 34
github.com/eugener/clix/core/executor.go:250.71,252.86 2 35
github.com/eugener/clix/core/executor.go:252.86,254.3 1 1
github.com/eugener/clix/core/executor.go:256.2,259.16 4 34
github.com/eugener/clix/core/executor.go:259.16,261.3 1 0
github.com/eugener/clix/core/executor.go:264.2,265.54 2 34
github.com/eugener/clix/core/executor.go:265.54,266.46 1 1
github.com/eugener/clix/core/executor.go:266.46,268.4 1 0
github.com/eugener/clix/core/executor.go:271.2,271.24 1 34
github.com/eugener/clix/core/executor.go:271.24,273.3 1 0
github.com/eugener/clix/core/executor.go:275.2,275.12 1 34
github.com/eugener/clix/core/executor.go:280.57,284.86 3 3
github.com/eugener/clix/core/executor.go:284.86,286.3 1 0
github.com/eugener/clix/core/executor.go:288.2,288.37 1 3
github.com/eugener/clix/core/executor.go:288.37,290.3 1 0
github.com/eugener/clix/core/executor.go:292.2,292.40 1 3
github.com/eugener/clix/core/executor.go:292.40,294.3 1 0
github.com/eugener/clix/core/executor.go:296.2,300.46 3 3
github.com/eugener/clix/core/executor.go:300.46,302.3 1 1
github.com/eugener/clix/core/executor.go:305.2,305.47 1 2
github.com/eugener/clix/core/executor.go:305.47,310.28 3 5
github.com/eugener/clix/core/executor.go:310.28,311.12 1 0
github.com/eugener/clix/core/executor.go:315.3,315.50 1 5
github.com/eugener/clix/core/executor.go:315.50,316.46 1 4
github.com/eugener/clix/core/executor.go:316.46,318.5 1 4
github.com/eugener/clix/core/executor.go:322.2,322.12 1 2
github.com/eugener/clix/core/executor.go:328.54,329.43 1 5
github.com/eugener/clix/core/executor.go:329.43,340.17 5 5
github.com/eugener/clix/core/executor.go:340.17,342.4 1 3
github.com/eugener/clix/core/executor.go:344.3,350.13 2 5
github.com/eugener/clix/core/executor.go:355.58,356.44 1 2
github.com/eugener/clix/core/executor.go:356.44,357.44 1 3
github.com/eugener/clix/core/executor.go:357.44,371.14 5 3
github.com/eugener/clix/core/executor.go:371.14,373.5 1 3
github.com/eugener/clix/core/executor.go:375.4,375.11 1 3
github.com/eugener/clix/core/executor.go:376.23,377.15 1 2
github.com/eugener/clix/core/executor.go:378.29,379.61 1 1
github.com/eugener/clix/core/executor.go:386.55,387.49 1 2
github.com/eugener/clix/core/executor.go:387.49,388.16 1 2
github.com/eugener/clix/core/executor.go:388.16,389.32 1 2
github.com/eugener/clix/core/executor.go:389.32,395.5 2 1
github.com/eugener/clix/core/executor.go:398.3,398.19 1 2
github.com/eugener/clix/core/registry.go:18.116,24.2 1 28
github.com/eugener/clix/core/registry.go:27.40,29.2 1 28
github.com/eugener/clix/core/registry.go:32.47,34.2 1 28
github.com/eugener/clix/core/registry.go:37.67,39.2 1 26
github.com/eugener/clix/core/registry.go:42.55,45.2 2 28
github.com/eugener/clix/core/registry.go:61.30,65.2 1 39
github.com/eugener/clix/core/registry.go:68.44,70.72 1 38
github.com/eugener/clix/core/registry.go:70.72,72.3 1 28
github.com/eugener/clix/core/registry.go:75.2,75.38 1 10
github.com/eugener/clix/core/registry.go:78.93,85.26 4 28
github.com/eugener/clix/core/registry.go:85.26,87.3 1 0
github.com/eugener/clix/core/registry.go:89.2,95.43 5 28
github.com/eugener/clix/core/registry.go:95.43,97.3 1 0
github.com/eugener/clix/core/registry.go:99.2,106.12 2 28
github.com/eugener/clix/core/registry.go:109.58,117.76 5 10
github.com/eugener/clix/core/registry.go:117.76,119.3 1 1
github.com/eugener/clix/core/registry.go:122.2,123.26 2 9
github.com/eugener/clix/core/registry.go:123.26,125.3 1 1
github.com/eugener/clix/core/registry.go:127.2,139.43 8 8
github.com/eugener/clix/core/registry.go:139.43,141.3 1 1
github.com/eugener/clix/core/registry.go:143.2,150.12 2 7
github.com/eugener/clix/core/registry.go:154.71,159.2 4 42
github.com/eugener/clix/core/registry.go:162.65,166.31 4 2
github.com/eugener/clix/core/registry.go:166.31,168.3 1 3
github.com/eugener/clix/core/registry.go:169.2,169.15 1 2
github.com/eugener/clix/core/registry.go:173.80,178.13 4 30
github.com/eugener/clix/core/registry.go:178.13,180.3 1 1
github.com/eugener/clix/core/registry.go:183.2,187.39 4 29
github.com/eugener/clix/core/registry.go:187.39,189.3 1 28
github.com/eugener/clix/core/registry.go:191.2,196.45 2 29
github.com/eugener/clix/core/registry.go:196.45,198.3 1 7
github.com/eugener/clix/core/registry.go:200.2,200.12 1 21
github.com/eugener/clix/core/registry.go:204.58,206.2 1 38
github.com/eugener/clix/core/registry.go:209.46,211.2 1 5
github.com/eugener/clix/core/registry.go:214.53,216.2 1 2
github.com/eugener/clix/core/registry.go:219.47,221.2 1 0
