mode: atomic
github.com/eugener/clix/app/application.go:29.57,34.29 3 24
github.com/eugener/clix/app/application.go:34.29,36.3 1 3
github.com/eugener/clix/app/application.go:39.2,39.23 1 24
github.com/eugener/clix/app/application.go:39.23,41.3 1 24
github.com/eugener/clix/app/application.go:44.2,61.3 5 24
github.com/eugener/clix/app/application.go:65.68,69.2 3 20
github.com/eugener/clix/app/application.go:72.49,74.2 1 19
github.com/eugener/clix/app/application.go:77.65,78.31 1 1
github.com/eugener/clix/app/application.go:78.31,79.43 1 2
github.com/eugener/clix/app/application.go:79.43,81.4 1 0
github.com/eugener/clix/app/application.go:83.2,83.12 1 1
github.com/eugener/clix/app/application.go:87.69,89.33 1 15
github.com/eugener/clix/app/application.go:89.33,91.55 2 0
github.com/eugener/clix/app/application.go:91.55,94.4 2 0
github.com/eugener/clix/app/application.go:97.2,97.15 1 15
github.com/eugener/clix/app/application.go:97.15,99.33 1 15
github.com/eugener/clix/app/application.go:99.33,101.55 2 0
github.com/eugener/clix/app/application.go:101.55,103.5 1 0
github.com/eugener/clix/app/application.go:108.2,108.20 1 15
github.com/eugener/clix/app/application.go:108.20,111.3 2 2
github.com/eugener/clix/app/application.go:114.2,114.32 1 13
github.com/eugener/clix/app/application.go:114.32,116.3 1 1
github.com/eugener/clix/app/application.go:119.2,120.64 2 12
github.com/eugener/clix/app/application.go:120.64,135.3 6 4
github.com/eugener/clix/app/application.go:138.2,138.35 1 8
github.com/eugener/clix/app/application.go:138.35,140.30 2 0
github.com/eugener/clix/app/application.go:140.30,142.4 1 0
github.com/eugener/clix/app/application.go:143.3,143.11 1 0
github.com/eugener/clix/app/application.go:147.2,150.34 2 8
github.com/eugener/clix/app/application.go:150.34,152.56 2 0
github.com/eugener/clix/app/application.go:152.56,155.4 2 0
github.com/eugener/clix/app/application.go:158.2,158.15 1 8
github.com/eugener/clix/app/application.go:158.15,160.34 1 8
github.com/eugener/clix/app/application.go:160.34,162.56 2 0
github.com/eugener/clix/app/application.go:162.56,164.5 1 0
github.com/eugener/clix/app/application.go:169.2,170.31 2 8
github.com/eugener/clix/app/application.go:170.31,172.17 2 1
github.com/eugener/clix/app/application.go:172.17,174.4 1 0
github.com/eugener/clix/app/application.go:174.9,176.4 1 1
github.com/eugener/clix/app/application.go:180.2,180.98 1 8
github.com/eugener/clix/app/application.go:180.98,182.73 1 3
github.com/eugener/clix/app/application.go:182.73,183.112 1 0
github.com/eugener/clix/app/application.go:183.112,185.111 1 0
github.com/eugener/clix/app/application.go:185.111,187.6 1 0
github.com/eugener/clix/app/application.go:192.3,195.38 4 3
github.com/eugener/clix/app/application.go:198.2,198.10 1 5
github.com/eugener/clix/app/application.go:202.62,204.2 1 0
github.com/eugener/clix/app/application.go:207.40,209.54 2 3
github.com/eugener/clix/app/application.go:209.54,216.3 1 1
github.com/eugener/clix/app/application.go:217.2,217.51 1 3
github.com/eugener/clix/app/application.go:221.55,222.19 1 1
github.com/eugener/clix/app/application.go:222.19,225.63 2 0
github.com/eugener/clix/app/application.go:225.63,236.18 3 0
github.com/eugener/clix/app/application.go:236.18,239.5 2 0
github.com/eugener/clix/app/application.go:240.4,240.23 1 0
github.com/eugener/clix/app/application.go:241.9,244.4 2 0
github.com/eugener/clix/app/application.go:245.8,248.3 1 1
github.com/eugener/clix/app/application.go:249.2,249.10 1 1
github.com/eugener/clix/app/application.go:253.56,255.2 1 13
github.com/eugener/clix/app/application.go:258.59,260.2 1 8
github.com/eugener/clix/app/application.go:263.55,265.2 1 4
github.com/eugener/clix/app/application.go:268.54,270.2 1 2
github.com/eugener/clix/app/application.go:273.54,275.2 1 1
github.com/eugener/clix/app/application.go:278.60,280.2 1 1
github.com/eugener/clix/app/application.go:283.108,287.102 2 3
github.com/eugener/clix/app/application.go:287.102,297.3 3 0
github.com/eugener/clix/app/application.go:300.2,300.96 1 3
github.com/eugener/clix/app/application.go:300.96,308.3 2 0
github.com/eugener/clix/app/application.go:311.2,311.89 1 3
github.com/eugener/clix/app/application.go:311.89,324.3 2 0
github.com/eugener/clix/app/application.go:326.2,326.48 1 3
github.com/eugener/clix/app/application.go:326.48,339.3 4 0
github.com/eugener/clix/app/application.go:341.2,341.91 1 3
github.com/eugener/clix/app/application.go:341.91,354.3 4 3
github.com/eugener/clix/app/application.go:356.2,356.53 1 0
github.com/eugener/clix/app/application.go:356.53,364.3 2 0
github.com/eugener/clix/app/application.go:367.2,370.10 1 0
github.com/eugener/clix/app/application.go:374.55,376.48 2 4
github.com/eugener/clix/app/application.go:376.48,378.3 1 3
github.com/eugener/clix/app/application.go:379.2,379.17 1 4
github.com/eugener/clix/app/application.go:383.76,387.2 1 0
github.com/eugener/clix/app/application.go:390.81,394.2 1 3
github.com/eugener/clix/app/application.go:397.76,402.2 1 3
github.com/eugener/clix/app/application.go:405.70,407.38 1 0
github.com/eugener/clix/app/application.go:407.38,409.21 2 0
github.com/eugener/clix/app/application.go:409.21,412.4 2 0
github.com/eugener/clix/app/application.go:414.2,414.37 1 0
github.com/eugener/clix/app/application.go:414.37,416.21 2 0
github.com/eugener/clix/app/application.go:416.21,419.4 2 0
github.com/eugener/clix/app/application.go:421.2,421.18 1 0
github.com/eugener/clix/app/application.go:425.71,427.42 1 3
github.com/eugener/clix/app/application.go:427.42,429.21 2 3
github.com/eugener/clix/app/application.go:429.21,432.4 2 3
github.com/eugener/clix/app/application.go:434.2,434.18 1 0
github.com/eugener/clix/app/application.go:438.95,441.13 2 1
github.com/eugener/clix/app/application.go:441.13,443.3 1 0
github.com/eugener/clix/app/application.go:446.2,447.26 2 1
github.com/eugener/clix/app/application.go:447.26,449.3 1 0
github.com/eugener/clix/app/application.go:451.2,452.27 2 1
github.com/eugener/clix/app/application.go:452.27,459.3 1 1
github.com/eugener/clix/app/application.go:461.2,469.44 5 1
github.com/eugener/clix/app/application.go:469.44,471.3 1 0
github.com/eugener/clix/app/application.go:474.2,474.20 1 1
github.com/eugener/clix/app/application.go:478.95,480.13 2 1
github.com/eugener/clix/app/application.go:480.13,482.3 1 0
github.com/eugener/clix/app/application.go:484.2,487.33 3 1
github.com/eugener/clix/app/application.go:488.21,489.44 1 1
github.com/eugener/clix/app/application.go:490.14,491.44 1 0
github.com/eugener/clix/app/application.go:492.10,493.59 1 0
github.com/eugener/clix/app/application.go:498.69,503.2 2 0
github.com/eugener/clix/app/application.go:506.130,509.13 2 0
github.com/eugener/clix/app/application.go:509.13,511.3 1 0
github.com/eugener/clix/app/application.go:514.2,519.31 4 0
github.com/eugener/clix/app/application.go:519.31,520.71 1 0
github.com/eugener/clix/app/application.go:520.71,523.4 1 0
github.com/eugener/clix/app/application.go:527.2,527.75 1 0
github.com/eugener/clix/app/application.go:527.75,530.3 1 0
github.com/eugener/clix/app/application.go:533.2,539.59 5 0
github.com/eugener/clix/app/application.go:539.59,541.3 1 0
github.com/eugener/clix/app/application.go:543.2,551.12 4 0
github.com/eugener/clix/app/application.go:555.84,557.26 2 0
github.com/eugener/clix/app/application.go:557.26,559.3 1 0
github.com/eugener/clix/app/application.go:561.2,562.27 2 0
github.com/eugener/clix/app/application.go:562.27,568.3 1 0
github.com/eugener/clix/app/application.go:570.2,571.28 2 0
github.com/eugener/clix/app/application.go:575.98,579.2 1 0
github.com/eugener/clix/app/application.go:584.71,592.31 2 1
github.com/eugener/clix/app/application.go:592.31,593.43 1 1
github.com/eugener/clix/app/application.go:593.43,594.61 1 0
github.com/eugener/clix/app/application.go:598.2,598.12 1 1
github.com/eugener/clix/app/application.go:602.69,611.31 4 1
github.com/eugener/clix/app/application.go:611.31,612.43 1 1
github.com/eugener/clix/app/application.go:612.43,613.61 1 0
github.com/eugener/clix/app/application.go:617.2,617.12 1 1
github.com/eugener/clix/app/application.go:621.70,630.31 4 1
github.com/eugener/clix/app/application.go:630.31,631.43 1 1
github.com/eugener/clix/app/application.go:631.43,632.61 1 0
github.com/eugener/clix/app/application.go:636.2,636.12 1 1
github.com/eugener/clix/core/cli.go:26.54,33.2 1 0
github.com/eugener/clix/core/cli.go:36.39,42.69 3 0
github.com/eugener/clix/core/cli.go:42.69,44.3 1 0
github.com/eugener/clix/core/cli.go:47.2,48.16 2 0
github.com/eugener/clix/core/cli.go:48.16,50.3 1 0
github.com/eugener/clix/core/cli.go:53.2,56.52 3 0
github.com/eugener/clix/core/cli.go:56.52,58.3 1 0
github.com/eugener/clix/core/cli.go:60.2,73.12 6 0
github.com/eugener/clix/core/cli.go:77.65,78.20 1 0
github.com/eugener/clix/core/cli.go:78.20,80.3 1 0
github.com/eugener/clix/core/cli.go:82.2,84.13 3 0
github.com/eugener/clix/core/cli.go:84.13,86.3 1 0
github.com/eugener/clix/core/cli.go:89.2,93.57 3 0
github.com/eugener/clix/core/cli.go:93.57,95.3 1 0
github.com/eugener/clix/core/cli.go:98.2,98.56 1 0
github.com/eugener/clix/core/cli.go:98.56,100.3 1 0
github.com/eugener/clix/core/cli.go:103.2,111.45 4 0
github.com/eugener/clix/core/cli.go:111.45,113.3 1 0
github.com/eugener/clix/core/cli.go:115.2,115.12 1 0
github.com/eugener/clix/core/cli.go:119.43,120.19 1 0
github.com/eugener/clix/core/cli.go:120.19,122.3 1 0
github.com/eugener/clix/core/cli.go:124.2,125.13 2 0
github.com/eugener/clix/core/cli.go:125.13,127.3 1 0
github.com/eugener/clix/core/cli.go:129.2,129.37 1 0
github.com/eugener/clix/core/cli.go:132.41,134.35 2 0
github.com/eugener/clix/core/cli.go:134.35,136.3 1 0
github.com/eugener/clix/core/cli.go:137.2,137.13 1 0
github.com/eugener/clix/core/cli.go:140.62,143.2 1 0
github.com/eugener/clix/core/cli.go:146.68,148.98 1 0
github.com/eugener/clix/core/cli.go:148.98,151.37 2 0
github.com/eugener/clix/core/cli.go:151.37,153.4 1 0
github.com/eugener/clix/core/cli.go:155.3,156.23 2 0
github.com/eugener/clix/core/cli.go:156.23,158.24 2 0
github.com/eugener/clix/core/cli.go:158.24,160.5 1 0
github.com/eugener/clix/core/cli.go:165.2,166.12 2 0
github.com/eugener/clix/core/cli.go:166.12,168.3 1 0
github.com/eugener/clix/core/cli.go:170.2,171.26 2 0
github.com/eugener/clix/core/cli.go:171.26,173.3 1 0
github.com/eugener/clix/core/cli.go:176.2,177.24 2 0
github.com/eugener/clix/core/executor.go:26.100,35.2 1 38
github.com/eugener/clix/core/executor.go:38.79,41.2 2 37
github.com/eugener/clix/core/executor.go:44.83,47.2 2 0
github.com/eugener/clix/core/executor.go:50.54,52.2 1 29
github.com/eugener/clix/core/executor.go:69.48,76.2 1 28
github.com/eugener/clix/core/executor.go:79.50,81.2 1 10
github.com/eugener/clix/core/executor.go:84.51,86.2 1 1
github.com/eugener/clix/core/executor.go:89.90,91.2 1 33
github.com/eugener/clix/core/executor.go:94.116,100.13 3 37
github.com/eugener/clix/core/executor.go:100.13,102.3 1 1
github.com/eugener/clix/core/executor.go:105.2,105.52 1 36
github.com/eugener/clix/core/executor.go:105.52,107.3 1 35
github.com/eugener/clix/core/executor.go:110.2,113.29 2 36
github.com/eugener/clix/core/executor.go:119.140,126.23 4 36
github.com/eugener/clix/core/executor.go:126.23,127.60 1 3
github.com/eugener/clix/core/executor.go:127.60,129.4 1 1
github.com/eugener/clix/core/executor.go:133.2,134.51 2 35
github.com/eugener/clix/core/executor.go:134.51,136.3 1 2
github.com/eugener/clix/core/executor.go:139.2,139.49 1 33
github.com/eugener/clix/core/executor.go:139.49,141.3 1 5
github.com/eugener/clix/core/executor.go:144.2,151.73 2 28
github.com/eugener/clix/core/executor.go:155.71,160.46 2 36
github.com/eugener/clix/core/executor.go:160.46,162.3 1 16
github.com/eugener/clix/core/executor.go:164.2,164.20 1 36
github.com/eugener/clix/core/executor.go:168.53,171.39 2 33
github.com/eugener/clix/core/executor.go:171.39,173.3 1 33
github.com/eugener/clix/core/executor.go:175.2,177.16 3 33
github.com/eugener/clix/core/executor.go:177.16,179.3 1 0
github.com/eugener/clix/core/executor.go:182.2,182.44 1 33
github.com/eugener/clix/core/executor.go:182.44,183.26 1 62
github.com/eugener/clix/core/executor.go:183.26,184.12 1 54
github.com/eugener/clix/core/executor.go:187.3,188.41 2 8
github.com/eugener/clix/core/executor.go:188.41,190.4 1 4
github.com/eugener/clix/core/executor.go:194.2,194.44 1 29
github.com/eugener/clix/core/executor.go:194.44,195.34 1 58
github.com/eugener/clix/core/executor.go:195.34,196.12 1 55
github.com/eugener/clix/core/executor.go:199.3,200.41 2 3
github.com/eugener/clix/core/executor.go:200.41,201.12 1 1
github.com/eugener/clix/core/executor.go:204.3,206.44 3 2
github.com/eugener/clix/core/executor.go:206.44,207.23 1 4
github.com/eugener/clix/core/executor.go:207.23,209.10 2 1
github.com/eugener/clix/core/executor.go:213.3,213.13 1 2
github.com/eugener/clix/core/executor.go:213.13,215.4 1 1
github.com/eugener/clix/core/executor.go:218.2,218.12 1 28
github.com/eugener/clix/core/executor.go:227.61,229.2 1 35
github.com/eugener/clix/core/executor.go:232.66,234.61 1 35
github.com/eugener/clix/core/executor.go:234.61,236.3 1 1
github.com/eugener/clix/core/executor.go:239.2,241.16 3 34
github.com/eugener/clix/core/executor.go:241.16,243.3 1 0
github.com/eugener/clix/core/executor.go:246.2,246.70 1 34
github.com/eugener/clix/core/executor.go:250.71,252.86 2 35
github.com/eugener/clix/core/executor.go:252.86,254.3 1 1
github.com/eugener/clix/core/executor.go:256.2,259.16 4 34
github.com/eugener/clix/core/executor.go:259.16,261.3 1 0
github.com/eugener/clix/core/executor.go:264.2,265.54 2 34
github.com/eugener/clix/core/executor.go:265.54,266.46 1 1
github.com/eugener/clix/core/executor.go:266.46,268.4 1 0
github.com/eugener/clix/core/executor.go:271.2,271.24 1 34
github.com/eugener/clix/core/executor.go:271.24,273.3 1 0
github.com/eugener/clix/core/executor.go:275.2,275.12 1 34
github.com/eugener/clix/core/executor.go:280.57,284.86 3 3
github.com/eugener/clix/core/executor.go:284.86,286.3 1 0
github.com/eugener/clix/core/executor.go:288.2,288.37 1 3
github.com/eugener/clix/core/executor.go:288.37,290.3 1 0
github.com/eugener/clix/core/executor.go:292.2,292.40 1 3
github.com/eugener/clix/core/executor.go:292.40,294.3 1 0
github.com/eugener/clix/core/executor.go:296.2,300.46 3 3
github.com/eugener/clix/core/executor.go:300.46,302.3 1 1
github.com/eugener/clix/core/executor.go:305.2,305.47 1 2
github.com/eugener/clix/core/executor.go:305.47,310.28 3 5
github.com/eugener/clix/core/executor.go:310.28,311.12 1 0
github.com/eugener/clix/core/executor.go:315.3,315.50 1 5
github.com/eugener/clix/core/executor.go:315.50,316.46 1 4
github.com/eugener/clix/core/executor.go:316.46,318.5 1 4
github.com/eugener/clix/core/executor.go:322.2,322.12 1 2
github.com/eugener/clix/core/executor.go:328.54,329.43 1 5
github.com/eugener/clix/core/executor.go:329.43,340.17 5 5
github.com/eugener/clix/core/executor.go:340.17,342.4 1 3
github.com/eugener/clix/core/executor.go:344.3,350.13 2 5
github.com/eugener/clix/core/executor.go:355.58,356.44 1 2
github.com/eugener/clix/core/executor.go:356.44,357.44 1 3
github.com/eugener/clix/core/executor.go:357.44,371.14 5 3
github.com/eugener/clix/core/executor.go:371.14,373.5 1 3
github.com/eugener/clix/core/executor.go:375.4,375.11 1 3
github.com/eugener/clix/core/executor.go:376.23,377.15 1 2
github.com/eugener/clix/core/executor.go:378.29,379.61 1 1
github.com/eugener/clix/core/executor.go:386.55,387.49 1 2
github.com/eugener/clix/core/executor.go:387.49,388.16 1 2
github.com/eugener/clix/core/executor.go:388.16,389.32 1 2
github.com/eugener/clix/core/executor.go:389.32,395.5 2 1
github.com/eugener/clix/core/executor.go:398.3,398.19 1 2
github.com/eugener/clix/core/registry.go:19.116,25.2 1 28
github.com/eugener/clix/core/registry.go:28.40,30.2 1 28
github.com/eugener/clix/core/registry.go:33.47,35.2 1 28
github.com/eugener/clix/core/registry.go:38.67,40.2 1 26
github.com/eugener/clix/core/registry.go:43.45,45.2 1 28
github.com/eugener/clix/core/registry.go:48.73,51.2 2 0
github.com/eugener/clix/core/registry.go:54.55,57.2 2 28
github.com/eugener/clix/core/registry.go:74.30,78.2 1 39
github.com/eugener/clix/core/registry.go:81.44,83.72 1 38
github.com/eugener/clix/core/registry.go:83.72,85.3 1 28
github.com/eugener/clix/core/registry.go:88.2,88.38 1 10
github.com/eugener/clix/core/registry.go:91.93,98.26 4 28
github.com/eugener/clix/core/registry.go:98.26,100.3 1 0
github.com/eugener/clix/core/registry.go:102.2,107.82 4 28
github.com/eugener/clix/core/registry.go:107.82,109.3 1 28
github.com/eugener/clix/core/registry.go:111.2,115.43 3 28
github.com/eugener/clix/core/registry.go:115.43,117.3 1 0
github.com/eugener/clix/core/registry.go:120.2,120.32 1 28
github.com/eugener/clix/core/registry.go:120.32,121.45 1 0
github.com/eugener/clix/core/registry.go:121.45,123.4 1 0
github.com/eugener/clix/core/registry.go:126.2,138.32 3 28
github.com/eugener/clix/core/registry.go:138.32,140.3 1 0
github.com/eugener/clix/core/registry.go:142.2,142.12 1 28
github.com/eugener/clix/core/registry.go:145.58,153.76 5 10
github.com/eugener/clix/core/registry.go:153.76,155.3 1 1
github.com/eugener/clix/core/registry.go:158.2,159.26 2 9
github.com/eugener/clix/core/registry.go:159.26,161.3 1 1
github.com/eugener/clix/core/registry.go:163.2,175.43 8 8
github.com/eugener/clix/core/registry.go:175.43,177.3 1 1
github.com/eugener/clix/core/registry.go:179.2,186.12 2 7
github.com/eugener/clix/core/registry.go:190.71,195.2 4 42
github.com/eugener/clix/core/registry.go:198.65,202.31 4 2
github.com/eugener/clix/core/registry.go:202.31,204.3 1 3
github.com/eugener/clix/core/registry.go:205.2,205.15 1 2
github.com/eugener/clix/core/registry.go:209.80,214.13 4 30
github.com/eugener/clix/core/registry.go:214.13,216.3 1 1
github.com/eugener/clix/core/registry.go:219.2,223.39 4 29
github.com/eugener/clix/core/registry.go:223.39,225.3 1 28
github.com/eugener/clix/core/registry.go:227.2,232.45 2 29
github.com/eugener/clix/core/registry.go:232.45,234.3 1 7
github.com/eugener/clix/core/registry.go:236.2,236.12 1 21
github.com/eugener/clix/core/registry.go:240.58,242.2 1 38
github.com/eugener/clix/core/registry.go:245.46,247.2 1 5
github.com/eugener/clix/core/registry.go:250.53,252.2 1 2
github.com/eugener/clix/core/registry.go:255.51,257.2 1 0
github.com/eugener/clix/core/registry.go:260.47,262.2 1 0
github.com/eugener/clix/internal/complete/generator.go:37.55,42.2 1 2
github.com/eugener/clix/internal/complete/generator.go:45.86,46.20 1 1
github.com/eugener/clix/internal/complete/generator.go:46.20,48.3 1 1
github.com/eugener/clix/internal/complete/generator.go:51.2,51.20 1 0
github.com/eugener/clix/internal/complete/generator.go:51.20,53.3 1 0
github.com/eugener/clix/internal/complete/generator.go:56.2,59.66 3 0
github.com/eugener/clix/internal/complete/generator.go:63.70,66.52 2 1
github.com/eugener/clix/internal/complete/generator.go:66.52,67.38 1 0
github.com/eugener/clix/internal/complete/generator.go:67.38,73.4 1 0
github.com/eugener/clix/internal/complete/generator.go:76.2,76.14 1 1
github.com/eugener/clix/internal/complete/generator.go:80.116,82.13 2 0
github.com/eugener/clix/internal/complete/generator.go:82.13,84.3 1 0
github.com/eugener/clix/internal/complete/generator.go:87.2,88.16 2 0
github.com/eugener/clix/internal/complete/generator.go:88.16,90.3 1 0
github.com/eugener/clix/internal/complete/generator.go:93.2,94.16 2 0
github.com/eugener/clix/internal/complete/generator.go:94.16,96.3 1 0
github.com/eugener/clix/internal/complete/generator.go:99.2,99.50 1 0
github.com/eugener/clix/internal/complete/generator.go:112.105,118.20 2 0
github.com/eugener/clix/internal/complete/generator.go:118.20,120.3 1 0
github.com/eugener/clix/internal/complete/generator.go:122.2,123.20 2 0
github.com/eugener/clix/internal/complete/generator.go:123.20,127.23 2 0
github.com/eugener/clix/internal/complete/generator.go:127.23,130.35 2 0
github.com/eugener/clix/internal/complete/generator.go:130.35,135.75 3 0
github.com/eugener/clix/internal/complete/generator.go:135.75,136.47 1 0
github.com/eugener/clix/internal/complete/generator.go:136.47,138.7 1 0
github.com/eugener/clix/internal/complete/generator.go:141.4,141.9 1 0
github.com/eugener/clix/internal/complete/generator.go:145.3,145.34 1 0
github.com/eugener/clix/internal/complete/generator.go:145.34,150.74 3 0
github.com/eugener/clix/internal/complete/generator.go:150.74,151.46 1 0
github.com/eugener/clix/internal/complete/generator.go:151.46,153.6 1 0
github.com/eugener/clix/internal/complete/generator.go:155.9,158.4 1 0
github.com/eugener/clix/internal/complete/generator.go:160.3,160.6 1 0
github.com/eugener/clix/internal/complete/generator.go:163.2,163.21 1 0
github.com/eugener/clix/internal/complete/generator.go:167.120,171.31 2 0
github.com/eugener/clix/internal/complete/generator.go:171.31,173.3 1 0
github.com/eugener/clix/internal/complete/generator.go:176.2,176.20 1 0
github.com/eugener/clix/internal/complete/generator.go:176.20,178.3 1 0
github.com/eugener/clix/internal/complete/generator.go:183.2,187.54 3 0
github.com/eugener/clix/internal/complete/generator.go:187.54,191.3 3 0
github.com/eugener/clix/internal/complete/generator.go:193.2,193.19 1 0
github.com/eugener/clix/internal/complete/generator.go:197.125,200.44 2 0
github.com/eugener/clix/internal/complete/generator.go:200.44,201.47 1 0
github.com/eugener/clix/internal/complete/generator.go:201.47,202.12 1 0
github.com/eugener/clix/internal/complete/generator.go:206.3,206.89 1 0
github.com/eugener/clix/internal/complete/generator.go:206.89,207.12 1 0
github.com/eugener/clix/internal/complete/generator.go:211.3,212.42 2 0
github.com/eugener/clix/internal/complete/generator.go:212.42,214.26 2 0
github.com/eugener/clix/internal/complete/generator.go:214.26,216.5 1 0
github.com/eugener/clix/internal/complete/generator.go:217.4,221.6 1 0
github.com/eugener/clix/internal/complete/generator.go:225.3,225.28 1 0
github.com/eugener/clix/internal/complete/generator.go:225.28,227.44 2 0
github.com/eugener/clix/internal/complete/generator.go:227.44,233.5 1 0
github.com/eugener/clix/internal/complete/generator.go:237.2,237.14 1 0
github.com/eugener/clix/internal/complete/generator.go:241.86,245.32 2 0
github.com/eugener/clix/internal/complete/generator.go:245.32,246.44 1 0
github.com/eugener/clix/internal/complete/generator.go:246.44,252.4 1 0
github.com/eugener/clix/internal/complete/generator.go:253.3,253.15 1 0
github.com/eugener/clix/internal/complete/generator.go:257.2,257.31 1 0
github.com/eugener/clix/internal/complete/generator.go:258.20,262.4 1 0
github.com/eugener/clix/internal/complete/generator.go:263.22,268.5 1 0
github.com/eugener/clix/internal/complete/generator.go:269.10,274.5 1 0
github.com/eugener/clix/internal/complete/generator.go:277.2,277.14 1 0
github.com/eugener/clix/internal/complete/generator.go:283.56,284.34 1 0
github.com/eugener/clix/internal/complete/generator.go:284.34,287.57 2 0
github.com/eugener/clix/internal/complete/generator.go:287.57,289.4 1 0
github.com/eugener/clix/internal/complete/generator.go:290.3,290.14 1 0
github.com/eugener/clix/internal/complete/generator.go:291.8,291.40 1 0
github.com/eugener/clix/internal/complete/generator.go:291.40,294.21 2 0
github.com/eugener/clix/internal/complete/generator.go:294.21,296.4 1 0
github.com/eugener/clix/internal/complete/generator.go:298.2,298.11 1 0
github.com/eugener/clix/internal/complete/generator.go:302.99,304.62 1 0
github.com/eugener/clix/internal/complete/generator.go:304.62,306.3 1 0
github.com/eugener/clix/internal/complete/generator.go:309.2,309.62 1 0
github.com/eugener/clix/internal/complete/generator.go:309.62,311.3 1 0
github.com/eugener/clix/internal/complete/generator.go:313.2,313.12 1 0
github.com/eugener/clix/internal/complete/generator.go:319.71,336.2 1 0
github.com/eugener/clix/internal/complete/generator.go:339.70,355.2 1 0
github.com/eugener/clix/internal/complete/generator.go:358.71,370.2 1 0
github.com/eugener/clix/internal/complete/generator.go:378.71,382.2 1 0
github.com/eugener/clix/internal/complete/generator.go:385.52,387.16 2 0
github.com/eugener/clix/internal/complete/generator.go:387.16,389.3 1 0
github.com/eugener/clix/internal/complete/generator.go:392.2,392.29 1 0
github.com/eugener/clix/internal/complete/generator.go:392.29,394.3 1 0
github.com/eugener/clix/config/options.go:58.35,59.28 1 2
github.com/eugener/clix/config/options.go:59.28,61.26 2 2
github.com/eugener/clix/config/options.go:61.26,63.4 1 0
github.com/eugener/clix/config/options.go:68.41,69.28 1 2
github.com/eugener/clix/config/options.go:69.28,71.26 2 2
github.com/eugener/clix/config/options.go:71.26,73.4 1 0
github.com/eugener/clix/config/options.go:78.49,79.28 1 2
github.com/eugener/clix/config/options.go:79.28,81.26 2 2
github.com/eugener/clix/config/options.go:81.26,83.4 1 0
github.com/eugener/clix/config/options.go:88.39,89.28 1 2
github.com/eugener/clix/config/options.go:89.28,91.3 1 2
github.com/eugener/clix/config/options.go:95.45,96.28 1 1
github.com/eugener/clix/config/options.go:96.28,98.3 1 1
github.com/eugener/clix/config/options.go:102.55,103.28 1 1
github.com/eugener/clix/config/options.go:103.28,105.3 1 1
github.com/eugener/clix/config/options.go:109.59,110.28 1 1
github.com/eugener/clix/config/options.go:110.28,112.3 1 1
github.com/eugener/clix/config/options.go:116.28,117.28 1 2
github.com/eugener/clix/config/options.go:117.28,119.3 1 2
github.com/eugener/clix/config/options.go:123.27,124.28 1 2
github.com/eugener/clix/config/options.go:124.28,126.3 1 2
github.com/eugener/clix/config/options.go:130.48,131.28 1 1
github.com/eugener/clix/config/options.go:131.28,133.3 1 1
github.com/eugener/clix/config/options.go:137.57,138.28 1 1
github.com/eugener/clix/config/options.go:138.28,140.3 1 1
github.com/eugener/clix/config/options.go:144.45,145.28 1 2
github.com/eugener/clix/config/options.go:145.28,146.26 1 2
github.com/eugener/clix/config/options.go:146.26,148.4 1 0
github.com/eugener/clix/config/options.go:149.3,149.38 1 2
github.com/eugener/clix/config/options.go:154.41,155.28 1 1
github.com/eugener/clix/config/options.go:155.28,156.26 1 1
github.com/eugener/clix/config/options.go:156.26,158.4 1 0
github.com/eugener/clix/config/options.go:159.3,159.32 1 1
github.com/eugener/clix/config/options.go:164.55,165.28 1 1
github.com/eugener/clix/config/options.go:165.28,167.3 1 1
github.com/eugener/clix/config/options.go:171.68,172.28 1 1
github.com/eugener/clix/config/options.go:172.28,174.3 1 1
github.com/eugener/clix/config/options.go:178.67,179.28 1 1
github.com/eugener/clix/config/options.go:179.28,181.3 1 1
github.com/eugener/clix/config/options.go:185.69,186.28 1 1
github.com/eugener/clix/config/options.go:186.28,188.3 1 1
github.com/eugener/clix/config/options.go:192.68,193.28 1 1
github.com/eugener/clix/config/options.go:193.28,195.3 1 1
github.com/eugener/clix/config/options.go:199.60,200.28 1 1
github.com/eugener/clix/config/options.go:200.28,201.27 1 1
github.com/eugener/clix/config/options.go:201.27,203.4 1 0
github.com/eugener/clix/config/options.go:204.3,204.30 1 1
github.com/eugener/clix/config/options.go:209.45,210.28 1 1
github.com/eugener/clix/config/options.go:210.28,213.3 2 1
github.com/eugener/clix/config/options.go:217.45,218.28 1 1
github.com/eugener/clix/config/options.go:218.28,220.3 1 1
github.com/eugener/clix/config/options.go:224.46,225.28 1 2
github.com/eugener/clix/config/options.go:225.28,227.3 1 2
github.com/eugener/clix/config/options.go:231.47,232.28 1 2
github.com/eugener/clix/config/options.go:232.28,234.3 1 2
github.com/eugener/clix/config/options.go:238.52,239.28 1 0
github.com/eugener/clix/config/options.go:239.28,241.3 1 0
github.com/eugener/clix/config/options.go:245.62,246.28 1 0
github.com/eugener/clix/config/options.go:246.28,248.3 1 0
github.com/eugener/clix/config/options.go:252.33,267.37 1 2
github.com/eugener/clix/config/options.go:267.37,268.18 1 0
github.com/eugener/clix/config/options.go:268.18,270.5 1 0
github.com/eugener/clix/config/options.go:271.4,271.12 1 0
github.com/eugener/clix/config/options.go:277.43,278.27 1 1
github.com/eugener/clix/config/options.go:278.27,280.3 1 6
github.com/eugener/clix/config/options.go:283.2,283.25 1 1
github.com/eugener/clix/config/options.go:283.25,287.3 3 1
github.com/eugener/clix/config/options.go:296.28,300.2 1 0
github.com/eugener/clix/config/options.go:303.46,306.2 2 0
github.com/eugener/clix/config/options.go:309.52,312.2 2 0
github.com/eugener/clix/config/options.go:315.60,318.2 2 0
github.com/eugener/clix/config/options.go:321.50,324.2 2 0
github.com/eugener/clix/config/options.go:327.56,330.2 2 0
github.com/eugener/clix/config/options.go:333.66,336.2 2 0
github.com/eugener/clix/config/options.go:339.70,342.2 2 0
github.com/eugener/clix/config/options.go:345.39,348.2 2 0
github.com/eugener/clix/config/options.go:351.38,354.2 2 0
github.com/eugener/clix/config/options.go:357.59,360.2 2 0
github.com/eugener/clix/config/options.go:363.56,366.2 2 0
github.com/eugener/clix/config/options.go:369.52,372.2 2 0
github.com/eugener/clix/config/options.go:375.66,378.2 2 0
github.com/eugener/clix/config/options.go:381.79,384.2 2 0
github.com/eugener/clix/config/options.go:387.78,390.2 2 0
github.com/eugener/clix/config/options.go:393.80,396.2 2 0
github.com/eugener/clix/config/options.go:399.79,402.2 2 0
github.com/eugener/clix/config/options.go:405.71,408.2 2 0
github.com/eugener/clix/config/options.go:411.38,413.2 1 0
github.com/eugener/clix/config/options.go:418.37,427.2 3 0
github.com/eugener/clix/config/options.go:430.36,438.2 3 0
github.com/eugener/clix/config/options.go:441.33,443.2 1 0
github.com/eugener/clix/internal/help/errors.go:16.75,21.2 1 8
github.com/eugener/clix/internal/help/errors.go:24.80,25.20 1 6
github.com/eugener/clix/internal/help/errors.go:25.20,27.3 1 1
github.com/eugener/clix/internal/help/errors.go:29.2,29.22 1 5
github.com/eugener/clix/internal/help/errors.go:30.31,31.47 1 1
github.com/eugener/clix/internal/help/errors.go:32.28,33.44 1 1
github.com/eugener/clix/internal/help/errors.go:34.32,35.48 1 1
github.com/eugener/clix/internal/help/errors.go:36.29,37.45 1 1
github.com/eugener/clix/internal/help/errors.go:38.27,39.48 1 1
github.com/eugener/clix/internal/help/errors.go:40.32,41.53 1 0
github.com/eugener/clix/internal/help/errors.go:42.35,43.51 1 0
github.com/eugener/clix/internal/help/errors.go:44.10,45.34 1 0
github.com/eugener/clix/internal/help/errors.go:79.89,88.34 5 1
github.com/eugener/clix/internal/help/errors.go:88.34,90.50 2 1
github.com/eugener/clix/internal/help/errors.go:90.50,94.4 1 2
github.com/eugener/clix/internal/help/errors.go:95.3,95.24 1 1
github.com/eugener/clix/internal/help/errors.go:99.2,99.34 1 1
github.com/eugener/clix/internal/help/errors.go:99.34,101.43 2 1
github.com/eugener/clix/internal/help/errors.go:101.43,103.4 1 3
github.com/eugener/clix/internal/help/errors.go:104.3,104.24 1 1
github.com/eugener/clix/internal/help/errors.go:108.2,108.27 1 1
github.com/eugener/clix/internal/help/errors.go:108.27,113.68 2 1
github.com/eugener/clix/internal/help/errors.go:113.68,116.4 1 0
github.com/eugener/clix/internal/help/errors.go:117.8,120.3 1 0
github.com/eugener/clix/internal/help/errors.go:122.2,122.21 1 1
github.com/eugener/clix/internal/help/errors.go:126.86,135.34 5 1
github.com/eugener/clix/internal/help/errors.go:135.34,137.50 2 1
github.com/eugener/clix/internal/help/errors.go:137.50,141.4 1 2
github.com/eugener/clix/internal/help/errors.go:142.3,142.24 1 1
github.com/eugener/clix/internal/help/errors.go:146.2,146.31 1 1
github.com/eugener/clix/internal/help/errors.go:146.31,149.41 3 1
github.com/eugener/clix/internal/help/errors.go:149.41,151.4 1 3
github.com/eugener/clix/internal/help/errors.go:152.3,152.24 1 1
github.com/eugener/clix/internal/help/errors.go:156.2,156.27 1 1
github.com/eugener/clix/internal/help/errors.go:156.27,159.3 1 1
github.com/eugener/clix/internal/help/errors.go:161.2,161.21 1 1
github.com/eugener/clix/internal/help/errors.go:165.90,174.36 5 1
github.com/eugener/clix/internal/help/errors.go:174.36,176.46 2 1
github.com/eugener/clix/internal/help/errors.go:176.46,178.28 2 2
github.com/eugener/clix/internal/help/errors.go:178.28,180.5 1 1
github.com/eugener/clix/internal/help/errors.go:181.4,181.84 1 2
github.com/eugener/clix/internal/help/errors.go:183.3,183.24 1 1
github.com/eugener/clix/internal/help/errors.go:187.2,187.31 1 1
github.com/eugener/clix/internal/help/errors.go:187.31,189.44 2 1
github.com/eugener/clix/internal/help/errors.go:189.44,193.4 1 1
github.com/eugener/clix/internal/help/errors.go:194.3,194.24 1 1
github.com/eugener/clix/internal/help/errors.go:198.2,198.27 1 1
github.com/eugener/clix/internal/help/errors.go:198.27,201.3 1 1
github.com/eugener/clix/internal/help/errors.go:203.2,203.21 1 1
github.com/eugener/clix/internal/help/errors.go:207.87,218.37 7 1
github.com/eugener/clix/internal/help/errors.go:218.37,220.47 2 1
github.com/eugener/clix/internal/help/errors.go:220.47,224.4 1 3
github.com/eugener/clix/internal/help/errors.go:225.3,225.24 1 1
github.com/eugener/clix/internal/help/errors.go:229.2,229.34 1 1
github.com/eugener/clix/internal/help/errors.go:229.34,231.50 2 1
github.com/eugener/clix/internal/help/errors.go:231.50,235.4 1 1
github.com/eugener/clix/internal/help/errors.go:236.3,236.24 1 1
github.com/eugener/clix/internal/help/errors.go:239.2,239.21 1 1
github.com/eugener/clix/internal/help/errors.go:243.90,252.31 5 1
github.com/eugener/clix/internal/help/errors.go:252.31,254.44 2 1
github.com/eugener/clix/internal/help/errors.go:254.44,258.4 1 1
github.com/eugener/clix/internal/help/errors.go:259.3,259.24 1 1
github.com/eugener/clix/internal/help/errors.go:262.2,262.21 1 1
github.com/eugener/clix/internal/help/errors.go:266.62,270.2 1 1
github.com/eugener/clix/internal/help/errors.go:288.69,289.18 1 47
github.com/eugener/clix/internal/help/errors.go:289.18,291.3 1 46
github.com/eugener/clix/internal/help/errors.go:292.2,292.50 1 1
github.com/eugener/clix/internal/help/errors.go:299.46,301.2 1 6
github.com/eugener/clix/internal/help/errors.go:304.88,306.2 1 5
github.com/eugener/clix/internal/help/errors.go:309.85,311.2 1 2
github.com/eugener/clix/internal/help/errors.go:314.86,316.2 1 2
github.com/eugener/clix/internal/help/errors.go:319.97,324.33 3 9
github.com/eugener/clix/internal/help/errors.go:324.33,326.46 2 27
github.com/eugener/clix/internal/help/errors.go:326.46,328.4 1 9
github.com/eugener/clix/internal/help/errors.go:332.2,332.46 1 9
github.com/eugener/clix/internal/help/errors.go:332.46,336.3 3 3
github.com/eugener/clix/internal/help/errors.go:339.2,339.26 1 9
github.com/eugener/clix/internal/help/errors.go:339.26,341.3 1 0
github.com/eugener/clix/internal/help/errors.go:343.2,343.20 1 9
github.com/eugener/clix/internal/help/errors.go:347.68,348.18 1 41
github.com/eugener/clix/internal/help/errors.go:348.18,350.3 1 2
github.com/eugener/clix/internal/help/errors.go:351.2,351.18 1 39
github.com/eugener/clix/internal/help/errors.go:351.18,353.3 1 0
github.com/eugener/clix/internal/help/errors.go:356.2,357.24 2 39
github.com/eugener/clix/internal/help/errors.go:357.24,359.3 1 205
github.com/eugener/clix/internal/help/errors.go:362.2,362.32 1 39
github.com/eugener/clix/internal/help/errors.go:362.32,364.3 1 205
github.com/eugener/clix/internal/help/errors.go:365.2,365.32 1 39
github.com/eugener/clix/internal/help/errors.go:365.32,367.3 1 226
github.com/eugener/clix/internal/help/errors.go:370.2,370.32 1 39
github.com/eugener/clix/internal/help/errors.go:370.32,371.33 1 166
github.com/eugener/clix/internal/help/errors.go:371.33,373.26 2 888
github.com/eugener/clix/internal/help/errors.go:373.26,375.5 1 145
github.com/eugener/clix/internal/help/errors.go:377.4,381.5 1 888
github.com/eugener/clix/internal/help/errors.go:385.2,385.33 1 39
github.com/eugener/clix/internal/help/errors.go:389.27,390.11 1 893
github.com/eugener/clix/internal/help/errors.go:390.11,391.12 1 325
github.com/eugener/clix/internal/help/errors.go:391.12,393.4 1 216
github.com/eugener/clix/internal/help/errors.go:394.3,394.11 1 109
github.com/eugener/clix/internal/help/errors.go:396.2,396.11 1 568
github.com/eugener/clix/internal/help/errors.go:396.11,398.3 1 251
github.com/eugener/clix/internal/help/errors.go:399.2,399.10 1 317
github.com/eugener/clix/internal/help/errors.go:408.45,412.2 1 2
github.com/eugener/clix/internal/help/errors.go:415.72,418.2 2 1
github.com/eugener/clix/internal/help/errors.go:421.74,424.2 2 1
github.com/eugener/clix/internal/help/errors.go:427.72,430.2 2 1
github.com/eugener/clix/internal/help/errors.go:433.74,436.2 2 1
github.com/eugener/clix/internal/help/errors.go:439.88,442.2 2 1
github.com/eugener/clix/internal/help/errors.go:445.85,448.2 2 1
github.com/eugener/clix/internal/help/errors.go:451.85,454.2 2 1
github.com/eugener/clix/internal/help/errors.go:457.79,460.2 2 1
github.com/eugener/clix/internal/help/errors.go:463.84,466.2 2 1
github.com/eugener/clix/internal/help/errors.go:469.82,472.2 2 1
github.com/eugener/clix/internal/help/errors.go:475.55,477.2 1 1
github.com/eugener/clix/internal/help/errors.go:480.95,494.34 8 0
github.com/eugener/clix/internal/help/errors.go:494.34,496.43 2 0
github.com/eugener/clix/internal/help/errors.go:496.43,498.4 1 0
github.com/eugener/clix/internal/help/errors.go:499.3,499.24 1 0
github.com/eugener/clix/internal/help/errors.go:502.2,505.21 2 0
github.com/eugener/clix/internal/help/errors.go:509.93,524.31 9 0
github.com/eugener/clix/internal/help/errors.go:524.31,526.44 2 0
github.com/eugener/clix/internal/help/errors.go:526.44,528.4 1 0
github.com/eugener/clix/internal/help/errors.go:529.3,529.24 1 0
github.com/eugener/clix/internal/help/errors.go:532.2,532.27 1 0
github.com/eugener/clix/internal/help/errors.go:532.27,535.3 1 0
github.com/eugener/clix/internal/help/errors.go:537.2,537.21 1 0
github.com/eugener/clix/internal/help/generator.go:26.56,35.2 1 7
github.com/eugener/clix/internal/help/generator.go:44.50,45.19 1 17
github.com/eugener/clix/internal/help/generator.go:45.19,47.3 1 4
github.com/eugener/clix/internal/help/generator.go:48.2,51.3 1 17
github.com/eugener/clix/internal/help/generator.go:55.78,59.32 2 3
github.com/eugener/clix/internal/help/generator.go:59.32,62.3 2 2
github.com/eugener/clix/internal/help/generator.go:65.2,69.23 3 3
github.com/eugener/clix/internal/help/generator.go:69.23,74.35 3 1
github.com/eugener/clix/internal/help/generator.go:74.35,76.24 1 2
github.com/eugener/clix/internal/help/generator.go:76.24,78.5 1 2
github.com/eugener/clix/internal/help/generator.go:82.3,83.41 2 1
github.com/eugener/clix/internal/help/generator.go:83.41,85.28 2 2
github.com/eugener/clix/internal/help/generator.go:85.28,87.5 1 0
github.com/eugener/clix/internal/help/generator.go:88.4,88.33 1 2
github.com/eugener/clix/internal/help/generator.go:88.33,90.5 1 2
github.com/eugener/clix/internal/help/generator.go:94.3,95.36 2 1
github.com/eugener/clix/internal/help/generator.go:95.36,97.4 1 2
github.com/eugener/clix/internal/help/generator.go:98.3,101.30 2 1
github.com/eugener/clix/internal/help/generator.go:101.30,104.28 3 2
github.com/eugener/clix/internal/help/generator.go:104.28,106.5 1 0
github.com/eugener/clix/internal/help/generator.go:107.4,108.84 2 2
github.com/eugener/clix/internal/help/generator.go:110.3,110.23 1 1
github.com/eugener/clix/internal/help/generator.go:114.2,119.27 4 3
github.com/eugener/clix/internal/help/generator.go:119.27,122.3 2 1
github.com/eugener/clix/internal/help/generator.go:124.2,124.20 1 3
github.com/eugener/clix/internal/help/generator.go:128.88,131.16 2 3
github.com/eugener/clix/internal/help/generator.go:131.16,133.3 1 1
github.com/eugener/clix/internal/help/generator.go:136.2,149.16 3 2
github.com/eugener/clix/internal/help/generator.go:149.16,151.3 1 0
github.com/eugener/clix/internal/help/generator.go:153.2,154.48 2 2
github.com/eugener/clix/internal/help/generator.go:154.48,156.3 1 0
github.com/eugener/clix/internal/help/generator.go:158.2,158.25 1 2
github.com/eugener/clix/internal/help/generator.go:162.90,167.32 3 2
github.com/eugener/clix/internal/help/generator.go:167.32,169.3 1 2
github.com/eugener/clix/internal/help/generator.go:172.2,172.44 1 2
github.com/eugener/clix/internal/help/generator.go:172.44,173.41 1 4
github.com/eugener/clix/internal/help/generator.go:173.41,175.4 1 0
github.com/eugener/clix/internal/help/generator.go:175.9,176.22 1 4
github.com/eugener/clix/internal/help/generator.go:176.22,178.5 1 2
github.com/eugener/clix/internal/help/generator.go:178.10,180.5 1 2
github.com/eugener/clix/internal/help/generator.go:184.2,184.33 1 2
github.com/eugener/clix/internal/help/generator.go:188.78,192.40 2 2
github.com/eugener/clix/internal/help/generator.go:192.40,193.39 1 14
github.com/eugener/clix/internal/help/generator.go:193.39,194.12 1 6
github.com/eugener/clix/internal/help/generator.go:197.3,207.30 2 8
github.com/eugener/clix/internal/help/generator.go:211.2,211.40 1 2
github.com/eugener/clix/internal/help/generator.go:211.40,213.3 1 12
github.com/eugener/clix/internal/help/generator.go:215.2,215.14 1 2
github.com/eugener/clix/internal/help/generator.go:219.89,222.44 2 2
github.com/eugener/clix/internal/help/generator.go:222.44,231.3 2 4
github.com/eugener/clix/internal/help/generator.go:233.2,233.19 1 2
github.com/eugener/clix/internal/help/generator.go:237.58,238.18 1 22
github.com/eugener/clix/internal/help/generator.go:239.22,240.18 1 10
github.com/eugener/clix/internal/help/generator.go:241.20,242.16 1 3
github.com/eugener/clix/internal/help/generator.go:243.78,244.15 1 5
github.com/eugener/clix/internal/help/generator.go:245.83,246.16 1 1
github.com/eugener/clix/internal/help/generator.go:247.40,248.17 1 1
github.com/eugener/clix/internal/help/generator.go:249.21,251.39 2 2
github.com/eugener/clix/internal/help/generator.go:252.10,253.20 1 0
github.com/eugener/clix/internal/help/generator.go:258.54,262.41 2 3
github.com/eugener/clix/internal/help/generator.go:262.41,264.3 1 2
github.com/eugener/clix/internal/help/generator.go:264.8,264.29 1 1
github.com/eugener/clix/internal/help/generator.go:264.29,266.3 1 0
github.com/eugener/clix/internal/help/generator.go:266.8,268.3 1 1
github.com/eugener/clix/internal/help/generator.go:271.2,271.25 1 3
github.com/eugener/clix/internal/help/generator.go:271.25,273.3 1 2
github.com/eugener/clix/internal/help/generator.go:275.2,279.28 3 3
github.com/eugener/clix/internal/help/generator.go:279.28,281.3 1 3
github.com/eugener/clix/internal/help/generator.go:283.2,283.19 1 3
github.com/eugener/clix/internal/help/generator.go:283.19,285.3 1 1
github.com/eugener/clix/internal/help/generator.go:287.2,287.24 1 3
github.com/eugener/clix/internal/help/generator.go:287.24,289.3 1 1
github.com/eugener/clix/internal/help/generator.go:291.2,291.27 1 3
github.com/eugener/clix/internal/help/generator.go:291.27,293.3 1 1
github.com/eugener/clix/internal/help/generator.go:295.2,300.30 4 3
github.com/eugener/clix/internal/help/generator.go:300.30,302.3 1 0
github.com/eugener/clix/internal/help/generator.go:304.2,305.65 2 3
github.com/eugener/clix/internal/help/validator.go:20.43,22.2 1 7
github.com/eugener/clix/internal/help/validator.go:28.44,29.19 1 5
github.com/eugener/clix/internal/help/validator.go:29.19,31.3 1 1
github.com/eugener/clix/internal/help/validator.go:33.2,33.19 1 4
github.com/eugener/clix/internal/help/validator.go:33.19,35.3 1 3
github.com/eugener/clix/internal/help/validator.go:37.2,38.25 2 1
github.com/eugener/clix/internal/help/validator.go:38.25,40.3 1 2
github.com/eugener/clix/internal/help/validator.go:42.2,42.85 1 1
github.com/eugener/clix/internal/help/validator.go:51.32,55.2 1 4
github.com/eugener/clix/internal/help/validator.go:58.48,60.39 2 6
github.com/eugener/clix/internal/help/validator.go:60.39,62.3 1 0
github.com/eugener/clix/internal/help/validator.go:64.2,64.42 1 6
github.com/eugener/clix/internal/help/validator.go:64.42,66.3 1 2
github.com/eugener/clix/internal/help/validator.go:68.2,69.16 2 4
github.com/eugener/clix/internal/help/validator.go:69.16,71.3 1 0
github.com/eugener/clix/internal/help/validator.go:73.2,76.44 2 4
github.com/eugener/clix/internal/help/validator.go:76.44,78.23 2 20
github.com/eugener/clix/internal/help/validator.go:78.23,79.12 1 0
github.com/eugener/clix/internal/help/validator.go:82.3,82.59 1 20
github.com/eugener/clix/internal/help/validator.go:82.59,83.44 1 2
github.com/eugener/clix/internal/help/validator.go:83.44,85.5 1 2
github.com/eugener/clix/internal/help/validator.go:85.10,91.5 1 0
github.com/eugener/clix/internal/help/validator.go:95.2,95.21 1 4
github.com/eugener/clix/internal/help/validator.go:95.21,97.3 1 2
github.com/eugener/clix/internal/help/validator.go:99.2,99.12 1 2
github.com/eugener/clix/internal/help/validator.go:103.88,107.48 2 20
github.com/eugener/clix/internal/help/validator.go:107.48,113.3 1 1
github.com/eugener/clix/internal/help/validator.go:116.2,116.49 1 19
github.com/eugener/clix/internal/help/validator.go:116.49,118.3 1 10
github.com/eugener/clix/internal/help/validator.go:121.2,121.32 1 9
github.com/eugener/clix/internal/help/validator.go:121.32,122.61 1 2
github.com/eugener/clix/internal/help/validator.go:122.61,124.4 1 1
github.com/eugener/clix/internal/help/validator.go:128.2,128.31 1 8
github.com/eugener/clix/internal/help/validator.go:129.22,130.53 1 5
github.com/eugener/clix/internal/help/validator.go:131.78,132.47 1 1
github.com/eugener/clix/internal/help/validator.go:133.83,134.49 1 0
github.com/eugener/clix/internal/help/validator.go:135.40,136.51 1 0
github.com/eugener/clix/internal/help/validator.go:137.21,138.43 1 0
github.com/eugener/clix/internal/help/validator.go:141.2,141.12 1 2
github.com/eugener/clix/internal/help/validator.go:145.80,147.33 1 6
github.com/eugener/clix/internal/help/validator.go:147.33,149.3 1 1
github.com/eugener/clix/internal/help/validator.go:151.2,153.43 2 5
github.com/eugener/clix/internal/help/validator.go:153.43,154.25 1 10
github.com/eugener/clix/internal/help/validator.go:154.25,156.4 1 3
github.com/eugener/clix/internal/help/validator.go:159.2,163.3 1 2
github.com/eugener/clix/internal/help/validator.go:167.82,172.2 1 5
github.com/eugener/clix/internal/help/validator.go:175.78,180.2 1 1
github.com/eugener/clix/internal/help/validator.go:183.80,187.2 1 0
github.com/eugener/clix/internal/help/validator.go:190.82,194.2 1 0
github.com/eugener/clix/internal/help/validator.go:197.88,199.35 1 0
github.com/eugener/clix/internal/help/validator.go:199.35,206.62 4 0
github.com/eugener/clix/internal/help/validator.go:206.62,212.4 1 0
github.com/eugener/clix/internal/help/validator.go:215.2,215.12 1 0
github.com/eugener/clix/internal/help/validator.go:219.59,221.2 1 29
github.com/eugener/clix/internal/help/validator.go:232.48,236.2 1 3
github.com/eugener/clix/internal/help/validator.go:239.79,241.2 1 2
github.com/eugener/clix/internal/help/validator.go:244.71,247.2 2 3
github.com/eugener/clix/internal/help/validator.go:252.38,254.9 2 6
github.com/eugener/clix/internal/help/validator.go:254.9,256.3 1 1
github.com/eugener/clix/internal/help/validator.go:258.2,258.68 1 5
github.com/eugener/clix/internal/help/validator.go:258.68,260.3 1 4
github.com/eugener/clix/internal/help/validator.go:262.2,262.12 1 1
github.com/eugener/clix/internal/help/validator.go:266.36,268.9 2 6
github.com/eugener/clix/internal/help/validator.go:268.9,270.3 1 1
github.com/eugener/clix/internal/help/validator.go:272.2,272.79 1 5
github.com/eugener/clix/internal/help/validator.go:272.79,274.3 1 3
github.com/eugener/clix/internal/help/validator.go:276.2,276.12 1 2
github.com/eugener/clix/internal/help/validator.go:280.55,281.31 1 1
github.com/eugener/clix/internal/help/validator.go:281.31,284.28 2 9
github.com/eugener/clix/internal/help/validator.go:285.12,286.20 1 5
github.com/eugener/clix/internal/help/validator.go:287.14,288.20 1 0
github.com/eugener/clix/internal/help/validator.go:289.16,290.11 1 1
github.com/eugener/clix/internal/help/validator.go:291.16,292.20 1 0
github.com/eugener/clix/internal/help/validator.go:293.15,296.18 3 2
github.com/eugener/clix/internal/help/validator.go:296.18,298.5 1 1
github.com/eugener/clix/internal/help/validator.go:299.11,300.63 1 1
github.com/eugener/clix/internal/help/validator.go:303.3,303.29 1 7
github.com/eugener/clix/internal/help/validator.go:303.29,305.4 1 2
github.com/eugener/clix/internal/help/validator.go:307.3,307.13 1 5
github.com/eugener/clix/internal/help/validator.go:312.52,313.31 1 1
github.com/eugener/clix/internal/help/validator.go:313.31,315.10 2 6
github.com/eugener/clix/internal/help/validator.go:315.10,317.4 1 1
github.com/eugener/clix/internal/help/validator.go:319.3,320.35 2 5
github.com/eugener/clix/internal/help/validator.go:320.35,322.4 1 2
github.com/eugener/clix/internal/help/validator.go:324.3,324.13 1 3
github.com/eugener/clix/internal/help/validator.go:329.55,330.31 1 1
github.com/eugener/clix/internal/help/validator.go:330.31,332.10 2 6
github.com/eugener/clix/internal/help/validator.go:332.10,334.4 1 1
github.com/eugener/clix/internal/help/validator.go:338.3,338.32 1 5
github.com/eugener/clix/internal/help/validator.go:338.32,339.26 1 5
github.com/eugener/clix/internal/help/validator.go:339.26,340.77 1 26
github.com/eugener/clix/internal/help/validator.go:340.77,342.6 1 2
github.com/eugener/clix/internal/help/validator.go:346.3,346.13 1 3
github.com/eugener/clix/internal/configfile/loader.go:21.64,22.27 1 7
github.com/eugener/clix/internal/configfile/loader.go:22.27,29.3 1 7
github.com/eugener/clix/internal/configfile/loader.go:31.2,34.3 1 7
github.com/eugener/clix/internal/configfile/loader.go:38.41,41.16 2 0
github.com/eugener/clix/internal/configfile/loader.go:41.16,43.3 1 0
github.com/eugener/clix/internal/configfile/loader.go:45.2,45.22 1 0
github.com/eugener/clix/internal/configfile/loader.go:45.22,48.3 1 0
github.com/eugener/clix/internal/configfile/loader.go:51.2,52.16 2 0
github.com/eugener/clix/internal/configfile/loader.go:52.16,54.3 1 0
github.com/eugener/clix/internal/configfile/loader.go:57.2,59.13 2 0
github.com/eugener/clix/internal/configfile/loader.go:60.23,61.37 1 0
github.com/eugener/clix/internal/configfile/loader.go:62.15,63.37 1 0
github.com/eugener/clix/internal/configfile/loader.go:64.15,65.37 1 0
github.com/eugener/clix/internal/configfile/loader.go:66.10,68.47 1 0
github.com/eugener/clix/internal/configfile/loader.go:73.62,75.16 2 6
github.com/eugener/clix/internal/configfile/loader.go:75.16,77.3 1 1
github.com/eugener/clix/internal/configfile/loader.go:79.2,81.13 2 5
github.com/eugener/clix/internal/configfile/loader.go:82.23,83.37 1 2
github.com/eugener/clix/internal/configfile/loader.go:84.15,85.37 1 2
github.com/eugener/clix/internal/configfile/loader.go:86.15,87.37 1 0
github.com/eugener/clix/internal/configfile/loader.go:88.10,89.47 1 1
github.com/eugener/clix/internal/configfile/loader.go:94.51,97.37 2 0
github.com/eugener/clix/internal/configfile/loader.go:97.37,99.3 1 0
github.com/eugener/clix/internal/configfile/loader.go:102.2,104.43 2 0
github.com/eugener/clix/internal/configfile/loader.go:104.43,105.34 1 0
github.com/eugener/clix/internal/configfile/loader.go:105.34,107.49 2 0
github.com/eugener/clix/internal/configfile/loader.go:107.49,109.5 1 0
github.com/eugener/clix/internal/configfile/loader.go:113.2,113.16 1 0
github.com/eugener/clix/internal/configfile/loader.go:117.61,120.59 2 3
github.com/eugener/clix/internal/configfile/loader.go:120.59,122.3 1 2
github.com/eugener/clix/internal/configfile/loader.go:125.2,125.40 1 1
github.com/eugener/clix/internal/configfile/loader.go:129.61,132.59 2 3
github.com/eugener/clix/internal/configfile/loader.go:132.59,134.3 1 2
github.com/eugener/clix/internal/configfile/loader.go:137.2,137.40 1 1
github.com/eugener/clix/internal/configfile/loader.go:141.61,144.2 1 0
github.com/eugener/clix/internal/configfile/loader.go:147.71,149.52 1 1
github.com/eugener/clix/internal/configfile/loader.go:149.52,151.3 1 0
github.com/eugener/clix/internal/configfile/loader.go:154.2,154.52 1 1
github.com/eugener/clix/internal/configfile/loader.go:154.52,156.3 1 0
github.com/eugener/clix/internal/configfile/loader.go:158.2,158.65 1 1
github.com/eugener/clix/internal/configfile/loader.go:162.69,164.86 2 2
github.com/eugener/clix/internal/configfile/loader.go:164.86,166.3 1 0
github.com/eugener/clix/internal/configfile/loader.go:168.2,175.43 4 2
github.com/eugener/clix/internal/configfile/loader.go:175.43,176.55 1 5
github.com/eugener/clix/internal/configfile/loader.go:176.55,177.80 1 5
github.com/eugener/clix/internal/configfile/loader.go:177.80,179.5 1 0
github.com/eugener/clix/internal/configfile/loader.go:183.2,183.12 1 2
github.com/eugener/clix/internal/configfile/loader.go:197.86,200.45 2 2
github.com/eugener/clix/internal/configfile/loader.go:200.45,203.26 2 6
github.com/eugener/clix/internal/configfile/loader.go:203.26,204.12 1 0
github.com/eugener/clix/internal/configfile/loader.go:207.3,214.72 2 6
github.com/eugener/clix/internal/configfile/loader.go:214.72,218.4 3 6
github.com/eugener/clix/internal/configfile/loader.go:220.3,220.72 1 6
github.com/eugener/clix/internal/configfile/loader.go:220.72,224.4 3 6
github.com/eugener/clix/internal/configfile/loader.go:226.3,226.80 1 6
github.com/eugener/clix/internal/configfile/loader.go:226.80,229.4 2 0
github.com/eugener/clix/internal/configfile/loader.go:232.3,232.57 1 6
github.com/eugener/clix/internal/configfile/loader.go:232.57,234.40 2 0
github.com/eugener/clix/internal/configfile/loader.go:234.40,237.5 1 0
github.com/eugener/clix/internal/configfile/loader.go:241.3,242.49 2 6
github.com/eugener/clix/internal/configfile/loader.go:242.49,244.4 1 0
github.com/eugener/clix/internal/configfile/loader.go:247.3,247.49 1 6
github.com/eugener/clix/internal/configfile/loader.go:247.49,249.4 1 6
github.com/eugener/clix/internal/configfile/loader.go:252.2,252.17 1 2
github.com/eugener/clix/internal/configfile/loader.go:256.102,259.21 2 5
github.com/eugener/clix/internal/configfile/loader.go:259.21,261.3 1 0
github.com/eugener/clix/internal/configfile/loader.go:264.2,265.16 2 5
github.com/eugener/clix/internal/configfile/loader.go:265.16,267.3 1 0
github.com/eugener/clix/internal/configfile/loader.go:269.2,270.12 2 5
github.com/eugener/clix/internal/configfile/loader.go:274.80,275.18 1 5
github.com/eugener/clix/internal/configfile/loader.go:275.18,277.3 1 0
github.com/eugener/clix/internal/configfile/loader.go:279.2,282.29 2 5
github.com/eugener/clix/internal/configfile/loader.go:282.29,284.3 1 5
github.com/eugener/clix/internal/configfile/loader.go:287.2,287.27 1 0
github.com/eugener/clix/internal/configfile/loader.go:288.22,289.39 1 0
github.com/eugener/clix/internal/configfile/loader.go:291.20,292.28 1 0
github.com/eugener/clix/internal/configfile/loader.go:293.13,294.17 1 0
github.com/eugener/clix/internal/configfile/loader.go:295.15,296.70 1 0
github.com/eugener/clix/internal/configfile/loader.go:297.19,298.45 1 0
github.com/eugener/clix/internal/configfile/loader.go:299.16,300.22 1 0
github.com/eugener/clix/internal/configfile/loader.go:303.78,304.28 1 0
github.com/eugener/clix/internal/configfile/loader.go:305.12,306.24 1 0
github.com/eugener/clix/internal/configfile/loader.go:307.14,308.17 1 0
github.com/eugener/clix/internal/configfile/loader.go:309.16,310.24 1 0
github.com/eugener/clix/internal/configfile/loader.go:311.15,312.24 1 0
github.com/eugener/clix/internal/configfile/loader.go:315.40,316.28 1 0
github.com/eugener/clix/internal/configfile/loader.go:317.16,318.17 1 0
github.com/eugener/clix/internal/configfile/loader.go:319.16,320.26 1 0
github.com/eugener/clix/internal/configfile/loader.go:321.12,322.26 1 0
github.com/eugener/clix/internal/configfile/loader.go:323.14,324.26 1 0
github.com/eugener/clix/internal/configfile/loader.go:325.15,326.26 1 0
github.com/eugener/clix/internal/configfile/loader.go:329.21,330.43 1 0
github.com/eugener/clix/internal/configfile/loader.go:332.19,333.41 1 0
github.com/eugener/clix/internal/configfile/loader.go:336.2,336.70 1 0
github.com/eugener/clix/internal/configfile/loader.go:340.80,344.42 2 0
github.com/eugener/clix/internal/configfile/loader.go:344.42,347.17 3 0
github.com/eugener/clix/internal/configfile/loader.go:347.17,349.4 1 0
github.com/eugener/clix/internal/configfile/loader.go:350.3,351.32 2 0
github.com/eugener/clix/internal/configfile/loader.go:355.2,356.42 2 0
github.com/eugener/clix/internal/configfile/loader.go:356.42,358.17 2 0
github.com/eugener/clix/internal/configfile/loader.go:358.17,360.4 1 0
github.com/eugener/clix/internal/configfile/loader.go:361.3,361.44 1 0
github.com/eugener/clix/internal/configfile/loader.go:364.2,364.31 1 0
github.com/eugener/clix/internal/configfile/loader.go:368.78,371.40 2 0
github.com/eugener/clix/internal/configfile/loader.go:371.40,373.3 1 0
github.com/eugener/clix/internal/configfile/loader.go:375.2,377.45 2 0
github.com/eugener/clix/internal/configfile/loader.go:377.45,381.17 3 0
github.com/eugener/clix/internal/configfile/loader.go:381.17,383.4 1 0
github.com/eugener/clix/internal/configfile/loader.go:385.3,386.17 2 0
github.com/eugener/clix/internal/configfile/loader.go:386.17,388.4 1 0
github.com/eugener/clix/internal/configfile/loader.go:390.3,390.86 1 0
github.com/eugener/clix/internal/configfile/loader.go:393.2,393.35 1 0
github.com/eugener/clix/internal/configfile/loader.go:397.42,402.2 3 0
github.com/eugener/clix/internal/configfile/loader.go:404.46,409.2 3 0
github.com/eugener/clix/internal/configfile/loader.go:415.44,417.2 1 0
github.com/eugener/clix/internal/configfile/loader.go:420.82,423.2 2 0
github.com/eugener/clix/internal/configfile/loader.go:426.82,429.2 2 0
github.com/eugener/clix/internal/configfile/loader.go:432.90,435.45 2 0
github.com/eugener/clix/internal/configfile/loader.go:435.45,438.26 2 0
github.com/eugener/clix/internal/configfile/loader.go:438.26,439.12 1 0
github.com/eugener/clix/internal/configfile/loader.go:443.3,444.22 2 0
github.com/eugener/clix/internal/configfile/loader.go:444.22,446.4 1 0
github.com/eugener/clix/internal/configfile/loader.go:449.3,450.36 2 0
github.com/eugener/clix/internal/configfile/loader.go:453.2,453.16 1 0
github.com/eugener/clix/internal/configfile/loader.go:457.75,459.71 1 0
github.com/eugener/clix/internal/configfile/loader.go:459.71,461.3 1 0
github.com/eugener/clix/internal/configfile/loader.go:463.2,463.71 1 0
github.com/eugener/clix/internal/configfile/loader.go:463.71,465.3 1 0
github.com/eugener/clix/internal/configfile/loader.go:467.2,467.79 1 0
github.com/eugener/clix/internal/configfile/loader.go:467.79,469.3 1 0
github.com/eugener/clix/internal/configfile/loader.go:472.2,472.56 1 0
github.com/eugener/clix/internal/configfile/loader.go:472.56,474.39 2 0
github.com/eugener/clix/internal/configfile/loader.go:474.39,476.4 1 0
github.com/eugener/clix/internal/configfile/loader.go:479.2,479.11 1 0
github.com/eugener/clix/internal/configfile/loader.go:483.100,485.50 1 0
github.com/eugener/clix/internal/configfile/loader.go:485.50,487.30 2 0
github.com/eugener/clix/internal/configfile/loader.go:487.30,488.43 1 0
github.com/eugener/clix/internal/configfile/loader.go:488.43,490.5 1 0
github.com/eugener/clix/internal/configfile/loader.go:491.4,491.43 1 0
github.com/eugener/clix/internal/configfile/loader.go:491.43,493.25 2 0
github.com/eugener/clix/internal/configfile/loader.go:493.25,495.6 1 0
github.com/eugener/clix/internal/configfile/loader.go:501.2,501.26 1 0
github.com/eugener/clix/internal/configfile/loader.go:502.22,503.25 1 0
github.com/eugener/clix/internal/configfile/loader.go:504.20,505.15 1 0
github.com/eugener/clix/internal/configfile/loader.go:506.78,507.11 1 0
github.com/eugener/clix/internal/configfile/loader.go:508.40,509.13 1 0
github.com/eugener/clix/internal/configfile/loader.go:510.21,511.48 1 0
github.com/eugener/clix/internal/configfile/loader.go:511.48,513.4 1 0
github.com/eugener/clix/internal/configfile/loader.go:514.3,514.17 1 0
github.com/eugener/clix/internal/configfile/loader.go:515.19,516.26 1 0
github.com/eugener/clix/internal/configfile/loader.go:517.10,518.13 1 0
github.com/eugener/clix/cli/cli.go:118.28,125.2 1 11
github.com/eugener/clix/cli/cli.go:128.42,133.2 1 0
github.com/eugener/clix/cli/cli.go:136.40,145.2 1 0
github.com/eugener/clix/cli/cli.go:148.41,156.2 1 0
github.com/eugener/clix/cli/cli.go:161.44,164.2 2 3
github.com/eugener/clix/cli/cli.go:167.52,170.2 2 2
github.com/eugener/clix/cli/cli.go:173.42,176.2 2 1
github.com/eugener/clix/cli/cli.go:179.31,182.2 2 5
github.com/eugener/clix/cli/cli.go:185.30,188.2 2 4
github.com/eugener/clix/cli/cli.go:191.34,194.2 2 3
github.com/eugener/clix/cli/cli.go:197.48,200.2 2 2
github.com/eugener/clix/cli/cli.go:203.33,206.2 2 3
github.com/eugener/clix/cli/cli.go:209.48,212.2 2 0
github.com/eugener/clix/cli/cli.go:215.51,218.2 2 0
github.com/eugener/clix/cli/cli.go:221.50,224.2 2 9
github.com/eugener/clix/cli/cli.go:227.44,230.2 2 0
github.com/eugener/clix/cli/cli.go:233.71,236.2 2 0
github.com/eugener/clix/cli/cli.go:239.70,242.2 2 0
github.com/eugener/clix/cli/cli.go:245.72,248.2 2 0
github.com/eugener/clix/cli/cli.go:251.71,254.2 2 0
github.com/eugener/clix/cli/cli.go:257.55,260.2 2 0
github.com/eugener/clix/cli/cli.go:263.33,265.2 1 0
github.com/eugener/clix/cli/cli.go:268.33,270.2 1 0
github.com/eugener/clix/cli/cli.go:273.34,275.2 1 0
github.com/eugener/clix/cli/cli.go:278.40,285.25 2 11
github.com/eugener/clix/cli/cli.go:285.25,287.3 1 2
github.com/eugener/clix/cli/cli.go:289.2,289.20 1 11
github.com/eugener/clix/cli/cli.go:289.20,291.3 1 1
github.com/eugener/clix/cli/cli.go:294.2,300.33 3 11
github.com/eugener/clix/cli/cli.go:300.33,301.51 1 9
github.com/eugener/clix/cli/cli.go:301.51,302.55 1 0
github.com/eugener/clix/cli/cli.go:306.2,306.20 1 11
github.com/eugener/clix/cli/cli.go:310.59,312.2 1 6
github.com/eugener/clix/cli/cli.go:315.48,318.2 2 0
github.com/eugener/clix/cli/cli.go:323.62,324.93 1 5
github.com/eugener/clix/cli/cli.go:324.93,326.3 1 1
github.com/eugener/clix/cli/cli.go:330.91,331.93 1 1
github.com/eugener/clix/cli/cli.go:331.93,333.3 1 3
github.com/eugener/clix/cli/cli.go:345.66,350.2 1 5
github.com/eugener/clix/cli/cli.go:353.73,356.2 2 5
github.com/eugener/clix/cli/cli.go:359.76,362.2 2 5
github.com/eugener/clix/cli/cli.go:365.38,366.97 1 5
github.com/eugener/clix/cli/cli.go:366.97,368.3 1 3
github.com/eugener/clix/cli/cli.go:369.2,369.24 1 5
github.com/eugener/clix/cli/cli.go:369.24,371.3 1 5
github.com/eugener/clix/cli/cli.go:372.2,372.12 1 5
github.com/eugener/clix/cli/cli.go:378.37,379.65 1 2
github.com/eugener/clix/cli/cli.go:379.65,382.3 2 0
github.com/eugener/clix/cli/cli.go:386.20,387.59 1 0
github.com/eugener/clix/cli/cli.go:387.59,390.3 2 0
github.com/eugener/clix/cli/cli.go:394.50,397.63 1 1
github.com/eugener/clix/cli/cli.go:397.63,400.4 2 0
github.com/eugener/clix/cli/output.go:27.59,29.2 1 1
github.com/eugener/clix/cli/output.go:32.87,34.2 1 9
github.com/eugener/clix/cli/output.go:37.60,40.2 2 0
github.com/eugener/clix/cli/output.go:43.77,46.2 2 8
github.com/eugener/clix/cli/output.go:49.118,50.30 1 0
github.com/eugener/clix/cli/output.go:50.30,53.73 2 0
github.com/eugener/clix/cli/output.go:53.73,55.4 1 0
github.com/eugener/clix/cli/output.go:58.3,59.17 2 0
github.com/eugener/clix/cli/output.go:59.17,61.4 1 0
github.com/eugener/clix/cli/output.go:64.3,64.47 1 0
github.com/eugener/clix/cli/output.go:69.41,71.2 1 1
github.com/eugener/clix/cli/output.go:74.38,76.2 1 7
github.com/eugener/clix/cli/progress.go:18.86,20.2 1 9
github.com/eugener/clix/cli/progress.go:29.63,31.2 1 12
github.com/eugener/clix/cli/progress.go:59.108,60.30 1 0
github.com/eugener/clix/cli/progress.go:60.30,67.3 4 0
github.com/eugener/clix/cli/progress.go:71.102,72.30 1 0
github.com/eugener/clix/cli/progress.go:72.30,79.3 4 0
github.com/eugener/clix/cli/progress.go:83.118,84.30 1 1
github.com/eugener/clix/cli/progress.go:84.30,90.3 4 1
github.com/eugener/clix/cli/progress.go:94.101,95.30 1 1
github.com/eugener/clix/cli/progress.go:95.30,101.3 4 1
github.com/eugener/clix/cli/progress.go:108.55,109.50 1 2
github.com/eugener/clix/cli/progress.go:109.50,110.20 1 3
github.com/eugener/clix/cli/progress.go:110.20,113.4 1 3
github.com/eugener/clix/cli/progress.go:114.3,114.21 1 3
github.com/eugener/clix/cli/progress.go:119.100,123.2 3 1
github.com/eugener/clix/cli/progress.go:126.81,128.2 1 1
github.com/eugener/clix/cli/progress.go:131.65,133.2 1 1
github.com/eugener/clix/cli/progress.go:136.102,143.2 1 3
github.com/eugener/clix/cli/progress.go:157.41,158.12 1 2
github.com/eugener/clix/cli/progress.go:158.12,164.53 4 2
github.com/eugener/clix/cli/progress.go:164.53,167.4 2 1
github.com/eugener/clix/cli/progress.go:172.40,177.22 4 2
github.com/eugener/clix/cli/progress.go:177.22,179.3 1 1
github.com/eugener/clix/cli/progress.go:183.59,188.22 4 1
github.com/eugener/clix/cli/progress.go:188.22,190.3 1 0
github.com/eugener/clix/internal/output/formatter.go:25.34,27.2 1 8
github.com/eugener/clix/internal/output/formatter.go:30.38,31.39 1 7
github.com/eugener/clix/internal/output/formatter.go:31.39,32.26 1 22
github.com/eugener/clix/internal/output/formatter.go:32.26,34.4 1 4
github.com/eugener/clix/internal/output/formatter.go:36.2,36.14 1 3
github.com/eugener/clix/internal/output/formatter.go:46.63,51.2 1 22
github.com/eugener/clix/internal/output/formatter.go:54.44,55.18 1 21
github.com/eugener/clix/internal/output/formatter.go:56.18,57.28 1 6
github.com/eugener/clix/internal/output/formatter.go:58.18,59.28 1 5
github.com/eugener/clix/internal/output/formatter.go:60.19,61.29 1 6
github.com/eugener/clix/internal/output/formatter.go:62.18,63.28 1 3
github.com/eugener/clix/internal/output/formatter.go:64.10,65.56 1 1
github.com/eugener/clix/internal/output/formatter.go:70.48,74.2 3 6
github.com/eugener/clix/internal/output/formatter.go:77.48,79.15 2 5
github.com/eugener/clix/internal/output/formatter.go:79.15,81.3 1 5
github.com/eugener/clix/internal/output/formatter.go:82.2,82.29 1 5
github.com/eugener/clix/internal/output/formatter.go:86.49,88.2 1 6
github.com/eugener/clix/internal/output/formatter.go:91.48,92.26 1 3
github.com/eugener/clix/internal/output/formatter.go:93.14,95.13 2 1
github.com/eugener/clix/internal/output/formatter.go:96.20,98.13 2 0
github.com/eugener/clix/internal/output/formatter.go:99.10,101.13 2 2
github.com/eugener/clix/internal/output/formatter.go:106.49,108.33 2 6
github.com/eugener/clix/internal/output/formatter.go:108.33,110.3 1 0
github.com/eugener/clix/internal/output/formatter.go:112.2,112.22 1 6
github.com/eugener/clix/internal/output/formatter.go:113.21,114.37 1 3
github.com/eugener/clix/internal/output/formatter.go:115.22,116.38 1 2
github.com/eugener/clix/internal/output/formatter.go:117.19,118.35 1 1
github.com/eugener/clix/internal/output/formatter.go:119.10,121.28 1 0
github.com/eugener/clix/internal/output/formatter.go:126.67,127.22 1 3
github.com/eugener/clix/internal/output/formatter.go:127.22,130.3 2 1
github.com/eugener/clix/internal/output/formatter.go:133.2,134.37 2 2
github.com/eugener/clix/internal/output/formatter.go:134.37,136.3 1 0
github.com/eugener/clix/internal/output/formatter.go:138.2,138.26 1 2
github.com/eugener/clix/internal/output/formatter.go:139.22,140.43 1 1
github.com/eugener/clix/internal/output/formatter.go:141.19,142.40 1 0
github.com/eugener/clix/internal/output/formatter.go:143.10,144.43 1 1
github.com/eugener/clix/internal/output/formatter.go:149.73,150.22 1 1
github.com/eugener/clix/internal/output/formatter.go:150.22,152.3 1 0
github.com/eugener/clix/internal/output/formatter.go:155.2,156.37 2 1
github.com/eugener/clix/internal/output/formatter.go:156.37,158.3 1 0
github.com/eugener/clix/internal/output/formatter.go:160.2,161.23 2 1
github.com/eugener/clix/internal/output/formatter.go:161.23,163.3 1 0
github.com/eugener/clix/internal/output/formatter.go:166.2,167.33 2 1
github.com/eugener/clix/internal/output/formatter.go:167.33,169.3 1 3
github.com/eugener/clix/internal/output/formatter.go:172.2,173.35 2 1
github.com/eugener/clix/internal/output/formatter.go:173.35,175.33 2 2
github.com/eugener/clix/internal/output/formatter.go:175.33,177.4 1 0
github.com/eugener/clix/internal/output/formatter.go:179.3,182.36 3 2
github.com/eugener/clix/internal/output/formatter.go:182.36,183.37 1 6
github.com/eugener/clix/internal/output/formatter.go:183.37,185.5 1 2
github.com/eugener/clix/internal/output/formatter.go:190.2,190.53 1 1
github.com/eugener/clix/internal/output/formatter.go:194.70,195.22 1 0
github.com/eugener/clix/internal/output/formatter.go:195.22,197.3 1 0
github.com/eugener/clix/internal/output/formatter.go:200.2,201.35 2 0
github.com/eugener/clix/internal/output/formatter.go:201.35,203.38 2 0
github.com/eugener/clix/internal/output/formatter.go:203.38,205.4 1 0
github.com/eugener/clix/internal/output/formatter.go:209.2,210.26 2 0
github.com/eugener/clix/internal/output/formatter.go:210.26,212.3 1 0
github.com/eugener/clix/internal/output/formatter.go:213.2,217.33 3 0
github.com/eugener/clix/internal/output/formatter.go:217.33,219.3 1 0
github.com/eugener/clix/internal/output/formatter.go:222.2,223.35 2 0
github.com/eugener/clix/internal/output/formatter.go:223.35,227.34 3 0
github.com/eugener/clix/internal/output/formatter.go:227.34,231.21 4 0
github.com/eugener/clix/internal/output/formatter.go:231.21,233.5 1 0
github.com/eugener/clix/internal/output/formatter.go:234.4,236.37 2 0
github.com/eugener/clix/internal/output/formatter.go:236.37,238.5 1 0
github.com/eugener/clix/internal/output/formatter.go:240.3,240.16 1 0
github.com/eugener/clix/internal/output/formatter.go:243.2,243.53 1 0
github.com/eugener/clix/internal/output/formatter.go:247.73,252.35 4 1
github.com/eugener/clix/internal/output/formatter.go:252.35,255.37 3 3
github.com/eugener/clix/internal/output/formatter.go:255.37,257.4 1 1
github.com/eugener/clix/internal/output/formatter.go:260.2,260.53 1 1
github.com/eugener/clix/internal/output/formatter.go:264.68,271.45 5 2
github.com/eugener/clix/internal/output/formatter.go:271.45,273.26 2 5
github.com/eugener/clix/internal/output/formatter.go:273.26,274.12 1 0
github.com/eugener/clix/internal/output/formatter.go:277.3,286.39 5 5
github.com/eugener/clix/internal/output/formatter.go:286.39,288.4 1 1
github.com/eugener/clix/internal/output/formatter.go:289.3,289.40 1 5
github.com/eugener/clix/internal/output/formatter.go:289.40,291.4 1 2
github.com/eugener/clix/internal/output/formatter.go:294.2,294.53 1 2
github.com/eugener/clix/internal/output/formatter.go:298.65,303.38 4 1
github.com/eugener/clix/internal/output/formatter.go:303.38,313.34 5 2
github.com/eugener/clix/internal/output/formatter.go:313.34,315.4 1 2
github.com/eugener/clix/internal/output/formatter.go:316.3,316.38 1 2
github.com/eugener/clix/internal/output/formatter.go:316.38,318.4 1 1
github.com/eugener/clix/internal/output/formatter.go:321.2,321.53 1 1
github.com/eugener/clix/internal/output/formatter.go:325.72,327.45 2 1
github.com/eugener/clix/internal/output/formatter.go:327.45,329.25 2 3
github.com/eugener/clix/internal/output/formatter.go:329.25,331.4 1 3
github.com/eugener/clix/internal/output/formatter.go:333.2,333.16 1 1
github.com/eugener/clix/internal/output/formatter.go:337.90,341.33 3 2
github.com/eugener/clix/internal/output/formatter.go:341.33,343.34 2 6
github.com/eugener/clix/internal/output/formatter.go:343.34,346.4 2 6
github.com/eugener/clix/internal/output/formatter.go:346.9,348.4 1 0
github.com/eugener/clix/internal/output/formatter.go:351.2,351.12 1 2
github.com/eugener/clix/internal/output/formatter.go:355.114,377.33 5 5
github.com/eugener/clix/internal/output/formatter.go:377.33,382.3 4 10
github.com/eugener/clix/internal/output/formatter.go:384.2,389.64 4 5
github.com/eugener/clix/internal/output/formatter.go:389.64,391.3 1 0
github.com/eugener/clix/internal/output/formatter.go:394.2,395.33 2 5
github.com/eugener/clix/internal/output/formatter.go:395.33,397.3 1 10
github.com/eugener/clix/internal/output/formatter.go:398.2,398.128 1 5
github.com/eugener/clix/internal/output/formatter.go:398.128,400.3 1 0
github.com/eugener/clix/internal/output/formatter.go:403.2,403.64 1 5
github.com/eugener/clix/internal/output/formatter.go:403.64,405.3 1 0
github.com/eugener/clix/internal/output/formatter.go:408.2,408.27 1 5
github.com/eugener/clix/internal/output/formatter.go:408.27,410.34 2 12
github.com/eugener/clix/internal/output/formatter.go:410.34,413.4 2 23
github.com/eugener/clix/internal/output/formatter.go:414.3,414.126 1 12
github.com/eugener/clix/internal/output/formatter.go:414.126,416.4 1 0
github.com/eugener/clix/internal/output/formatter.go:420.2,421.12 2 5
github.com/eugener/clix/internal/interactive/prompt.go:28.30,33.2 1 17
github.com/eugener/clix/internal/interactive/prompt.go:36.55,38.86 2 3
github.com/eugener/clix/internal/interactive/prompt.go:38.86,40.3 1 3
github.com/eugener/clix/internal/interactive/prompt.go:42.2,47.16 4 0
github.com/eugener/clix/internal/interactive/prompt.go:47.16,49.3 1 0
github.com/eugener/clix/internal/interactive/prompt.go:52.2,52.44 1 0
github.com/eugener/clix/internal/interactive/prompt.go:52.44,53.50 1 0
github.com/eugener/clix/internal/interactive/prompt.go:53.50,54.12 1 0
github.com/eugener/clix/internal/interactive/prompt.go:57.3,58.42 2 0
github.com/eugener/clix/internal/interactive/prompt.go:58.42,59.12 1 0
github.com/eugener/clix/internal/interactive/prompt.go:63.3,63.22 1 0
github.com/eugener/clix/internal/interactive/prompt.go:63.22,64.12 1 0
github.com/eugener/clix/internal/interactive/prompt.go:68.3,69.17 2 0
github.com/eugener/clix/internal/interactive/prompt.go:69.17,71.4 1 0
github.com/eugener/clix/internal/interactive/prompt.go:74.3,74.71 1 0
github.com/eugener/clix/internal/interactive/prompt.go:74.71,76.4 1 0
github.com/eugener/clix/internal/interactive/prompt.go:79.2,79.12 1 0
github.com/eugener/clix/internal/interactive/prompt.go:83.77,87.6 2 0
github.com/eugener/clix/internal/interactive/prompt.go:87.6,90.24 2 0
github.com/eugener/clix/internal/interactive/prompt.go:90.24,92.4 1 0
github.com/eugener/clix/internal/interactive/prompt.go:94.3,97.41 2 0
github.com/eugener/clix/internal/interactive/prompt.go:97.41,99.4 1 0
github.com/eugener/clix/internal/interactive/prompt.go:102.3,102.59 1 0
github.com/eugener/clix/internal/interactive/prompt.go:102.59,104.12 2 0
github.com/eugener/clix/internal/interactive/prompt.go:107.3,107.20 1 0
github.com/eugener/clix/internal/interactive/prompt.go:112.65,116.33 2 4
github.com/eugener/clix/internal/interactive/prompt.go:116.33,118.3 1 1
github.com/eugener/clix/internal/interactive/prompt.go:118.8,120.3 1 3
github.com/eugener/clix/internal/interactive/prompt.go:123.2,124.20 2 4
github.com/eugener/clix/internal/interactive/prompt.go:124.20,126.3 1 4
github.com/eugener/clix/internal/interactive/prompt.go:129.2,129.32 1 4
github.com/eugener/clix/internal/interactive/prompt.go:129.32,132.3 2 1
github.com/eugener/clix/internal/interactive/prompt.go:135.2,135.29 1 4
github.com/eugener/clix/internal/interactive/prompt.go:135.29,137.3 1 1
github.com/eugener/clix/internal/interactive/prompt.go:140.2,140.24 1 4
github.com/eugener/clix/internal/interactive/prompt.go:140.24,142.3 1 1
github.com/eugener/clix/internal/interactive/prompt.go:144.2,147.23 2 4
github.com/eugener/clix/internal/interactive/prompt.go:147.23,148.25 1 4
github.com/eugener/clix/internal/interactive/prompt.go:148.25,150.4 1 1
github.com/eugener/clix/internal/interactive/prompt.go:150.9,152.4 1 3
github.com/eugener/clix/internal/interactive/prompt.go:155.2,155.15 1 4
github.com/eugener/clix/internal/interactive/prompt.go:159.65,160.31 1 10
github.com/eugener/clix/internal/interactive/prompt.go:161.20,162.22 1 1
github.com/eugener/clix/internal/interactive/prompt.go:163.78,164.18 1 2
github.com/eugener/clix/internal/interactive/prompt.go:165.40,166.19 1 1
github.com/eugener/clix/internal/interactive/prompt.go:167.22,168.33 1 5
github.com/eugener/clix/internal/interactive/prompt.go:168.33,170.4 1 2
github.com/eugener/clix/internal/interactive/prompt.go:171.3,171.16 1 3
github.com/eugener/clix/internal/interactive/prompt.go:172.21,173.27 1 1
github.com/eugener/clix/internal/interactive/prompt.go:174.10,175.12 1 0
github.com/eugener/clix/internal/interactive/prompt.go:180.80,182.39 1 13
github.com/eugener/clix/internal/interactive/prompt.go:182.39,184.3 1 1
github.com/eugener/clix/internal/interactive/prompt.go:187.2,187.47 1 12
github.com/eugener/clix/internal/interactive/prompt.go:187.47,189.44 2 3
github.com/eugener/clix/internal/interactive/prompt.go:189.44,190.40 1 5
github.com/eugener/clix/internal/interactive/prompt.go:190.40,192.10 2 2
github.com/eugener/clix/internal/interactive/prompt.go:195.3,195.13 1 3
github.com/eugener/clix/internal/interactive/prompt.go:195.13,197.4 1 1
github.com/eugener/clix/internal/interactive/prompt.go:201.2,201.31 1 11
github.com/eugener/clix/internal/interactive/prompt.go:202.20,203.18 1 3
github.com/eugener/clix/internal/interactive/prompt.go:203.18,205.18 2 3
github.com/eugener/clix/internal/interactive/prompt.go:205.18,207.5 1 1
github.com/eugener/clix/internal/interactive/prompt.go:209.78,210.18 1 3
github.com/eugener/clix/internal/interactive/prompt.go:210.18,212.18 2 3
github.com/eugener/clix/internal/interactive/prompt.go:212.18,214.5 1 1
github.com/eugener/clix/internal/interactive/prompt.go:216.40,217.18 1 2
github.com/eugener/clix/internal/interactive/prompt.go:217.18,219.18 2 2
github.com/eugener/clix/internal/interactive/prompt.go:219.18,221.5 1 1
github.com/eugener/clix/internal/interactive/prompt.go:225.2,225.12 1 8
github.com/eugener/clix/internal/interactive/prompt.go:229.99,230.17 1 11
github.com/eugener/clix/internal/interactive/prompt.go:230.17,233.3 1 1
github.com/eugener/clix/internal/interactive/prompt.go:235.2,235.26 1 10
github.com/eugener/clix/internal/interactive/prompt.go:236.22,237.25 1 1
github.com/eugener/clix/internal/interactive/prompt.go:239.20,241.17 2 2
github.com/eugener/clix/internal/interactive/prompt.go:241.17,243.4 1 0
github.com/eugener/clix/internal/interactive/prompt.go:244.3,244.25 1 2
github.com/eugener/clix/internal/interactive/prompt.go:246.78,248.17 2 2
github.com/eugener/clix/internal/interactive/prompt.go:248.17,250.4 1 1
github.com/eugener/clix/internal/interactive/prompt.go:251.3,251.23 1 1
github.com/eugener/clix/internal/interactive/prompt.go:253.40,255.17 2 2
github.com/eugener/clix/internal/interactive/prompt.go:255.17,257.4 1 1
github.com/eugener/clix/internal/interactive/prompt.go:258.3,258.27 1 1
github.com/eugener/clix/internal/interactive/prompt.go:260.21,261.48 1 2
github.com/eugener/clix/internal/interactive/prompt.go:261.48,265.29 3 2
github.com/eugener/clix/internal/interactive/prompt.go:265.29,267.5 1 6
github.com/eugener/clix/internal/interactive/prompt.go:268.4,268.20 1 2
github.com/eugener/clix/internal/interactive/prompt.go:271.10,272.68 1 1
github.com/eugener/clix/internal/interactive/prompt.go:275.2,275.12 1 7
github.com/eugener/clix/internal/interactive/prompt.go:279.58,282.15 2 23
github.com/eugener/clix/internal/interactive/prompt.go:283.42,284.19 1 9
github.com/eugener/clix/internal/interactive/prompt.go:285.47,286.20 1 10
github.com/eugener/clix/internal/interactive/prompt.go:287.10,288.63 1 4
github.com/eugener/clix/internal/interactive/prompt.go:293.41,297.2 2 5
github.com/eugener/clix/internal/interactive/prompt.go:305.44,309.2 1 8
github.com/eugener/clix/internal/interactive/prompt.go:312.85,314.18 2 12
github.com/eugener/clix/internal/interactive/prompt.go:314.18,316.3 1 4
github.com/eugener/clix/internal/interactive/prompt.go:318.2,320.6 2 12
github.com/eugener/clix/internal/interactive/prompt.go:320.6,323.25 2 13
github.com/eugener/clix/internal/interactive/prompt.go:323.25,325.4 1 1
github.com/eugener/clix/internal/interactive/prompt.go:327.3,329.16 2 12
github.com/eugener/clix/internal/interactive/prompt.go:330.11,331.28 1 2
[...]
github.com/eugener/clix/internal/posix/enhanced.go:387.14,388.26 1 0
github.com/eugener/clix/internal/posix/enhanced.go:389.10,390.20 1 0
github.com/eugener/clix/internal/posix/enhanced.go:398.38,403.2 3 0
github.com/eugener/clix/internal/posix/enhanced.go:405.40,406.28 1 0
github.com/eugener/clix/internal/posix/enhanced.go:407.36,408.19 1 0
github.com/eugener/clix/internal/posix/enhanced.go:409.36,410.20 1 0
github.com/eugener/clix/internal/posix/enhanced.go:411.10,412.59 1 0
github.com/eugener/clix/internal/posix/parser.go:14.26,16.2 1 0
github.com/eugener/clix/internal/posix/parser.go:19.57,21.86 2 0
github.com/eugener/clix/internal/posix/parser.go:21.86,23.3 1 0
github.com/eugener/clix/internal/posix/parser.go:25.2,33.16 5 0
github.com/eugener/clix/internal/posix/parser.go:33.16,35.3 1 0
github.com/eugener/clix/internal/posix/parser.go:38.2,38.91 1 0
github.com/eugener/clix/internal/posix/parser.go:38.91,40.3 1 0
github.com/eugener/clix/internal/posix/parser.go:43.2,43.109 1 0
github.com/eugener/clix/internal/posix/parser.go:43.109,45.3 1 0
github.com/eugener/clix/internal/posix/parser.go:47.2,47.12 1 0
github.com/eugener/clix/internal/posix/parser.go:51.51,53.39 2 0
github.com/eugener/clix/internal/posix/parser.go:53.39,55.3 1 0
github.com/eugener/clix/internal/posix/parser.go:57.2,59.46 2 0
github.com/eugener/clix/internal/posix/parser.go:59.46,64.16 4 0
github.com/eugener/clix/internal/posix/parser.go:64.16,65.12 1 0
github.com/eugener/clix/internal/posix/parser.go:68.3,69.64 2 0
github.com/eugener/clix/internal/posix/parser.go:69.64,70.28 1 0
github.com/eugener/clix/internal/posix/parser.go:70.28,72.5 1 0
github.com/eugener/clix/internal/posix/parser.go:76.2,76.12 1 0
github.com/eugener/clix/internal/posix/parser.go:80.96,90.20 4 0
github.com/eugener/clix/internal/posix/parser.go:90.20,94.18 2 0
github.com/eugener/clix/internal/posix/parser.go:94.18,97.12 3 0
github.com/eugener/clix/internal/posix/parser.go:101.3,101.49 1 0
github.com/eugener/clix/internal/posix/parser.go:101.49,104.12 3 0
github.com/eugener/clix/internal/posix/parser.go:108.3,108.17 1 0
github.com/eugener/clix/internal/posix/parser.go:108.17,111.12 3 0
github.com/eugener/clix/internal/posix/parser.go:115.3,115.35 1 0
github.com/eugener/clix/internal/posix/parser.go:115.35,116.70 1 0
github.com/eugener/clix/internal/posix/parser.go:116.70,118.5 1 0
github.com/eugener/clix/internal/posix/parser.go:119.4,119.12 1 0
github.com/eugener/clix/internal/posix/parser.go:123.3,123.34 1 0
github.com/eugener/clix/internal/posix/parser.go:123.34,124.71 1 0
github.com/eugener/clix/internal/posix/parser.go:124.71,126.5 1 0
github.com/eugener/clix/internal/posix/parser.go:127.4,127.12 1 0
github.com/eugener/clix/internal/posix/parser.go:130.3,130.6 1 0
github.com/eugener/clix/internal/posix/parser.go:133.2,133.20 1 0
github.com/eugener/clix/internal/posix/parser.go:137.113,145.60 5 0
github.com/eugener/clix/internal/posix/parser.go:145.60,149.3 3 0
github.com/eugener/clix/internal/posix/parser.go:151.2,152.13 2 0
github.com/eugener/clix/internal/posix/parser.go:152.13,154.3 1 0
github.com/eugener/clix/internal/posix/parser.go:157.2,157.39 1 0
github.com/eugener/clix/internal/posix/parser.go:157.39,161.3 3 0
github.com/eugener/clix/internal/posix/parser.go:164.2,164.15 1 0
github.com/eugener/clix/internal/posix/parser.go:164.15,166.22 2 0
github.com/eugener/clix/internal/posix/parser.go:166.22,168.4 1 0
github.com/eugener/clix/internal/posix/parser.go:169.3,169.19 1 0
github.com/eugener/clix/internal/posix/parser.go:172.2,173.16 2 0
github.com/eugener/clix/internal/posix/parser.go:173.16,175.3 1 0
github.com/eugener/clix/internal/posix/parser.go:177.2,179.12 3 0
github.com/eugener/clix/internal/posix/parser.go:183.114,187.26 3 0
github.com/eugener/clix/internal/posix/parser.go:187.26,193.30 4 0
github.com/eugener/clix/internal/posix/parser.go:193.30,194.27 1 0
github.com/eugener/clix/internal/posix/parser.go:194.27,197.10 3 0
github.com/eugener/clix/internal/posix/parser.go:201.3,201.14 1 0
github.com/eugener/clix/internal/posix/parser.go:201.14,203.4 1 0
github.com/eugener/clix/internal/posix/parser.go:206.3,206.40 1 0
github.com/eugener/clix/internal/posix/parser.go:206.40,208.12 2 0
github.com/eugener/clix/internal/posix/parser.go:212.3,212.23 1 0
github.com/eugener/clix/internal/posix/parser.go:212.23,214.4 1 0
github.com/eugener/clix/internal/posix/parser.go:217.3,218.22 2 0
github.com/eugener/clix/internal/posix/parser.go:218.22,220.4 1 0
github.com/eugener/clix/internal/posix/parser.go:222.3,224.17 3 0
github.com/eugener/clix/internal/posix/parser.go:224.17,226.4 1 0
github.com/eugener/clix/internal/posix/parser.go:228.3,228.41 1 0
github.com/eugener/clix/internal/posix/parser.go:231.2,232.12 2 0
github.com/eugener/clix/internal/posix/parser.go:250.103,254.45 3 0
github.com/eugener/clix/internal/posix/parser.go:254.45,258.16 3 0
github.com/eugener/clix/internal/posix/parser.go:258.16,259.12 1 0
github.com/eugener/clix/internal/posix/parser.go:262.3,263.66 2 0
github.com/eugener/clix/internal/posix/parser.go:263.66,265.12 2 0
github.com/eugener/clix/internal/posix/parser.go:268.3,272.39 2 0
github.com/eugener/clix/internal/posix/parser.go:272.39,274.4 1 0
github.com/eugener/clix/internal/posix/parser.go:275.3,275.39 1 0
github.com/eugener/clix/internal/posix/parser.go:275.39,277.4 1 0
github.com/eugener/clix/internal/posix/parser.go:277.9,279.4 1 0
github.com/eugener/clix/internal/posix/parser.go:280.3,280.21 1 0
github.com/eugener/clix/internal/posix/parser.go:280.21,283.4 2 0
github.com/eugener/clix/internal/posix/parser.go:285.3,285.29 1 0
github.com/eugener/clix/internal/posix/parser.go:288.2,288.35 1 0
github.com/eugener/clix/internal/posix/parser.go:291.81,292.27 1 0
github.com/eugener/clix/internal/posix/parser.go:293.22,294.20 1 0
github.com/eugener/clix/internal/posix/parser.go:295.78,296.41 1 0
github.com/eugener/clix/internal/posix/parser.go:297.20,298.34 1 0
github.com/eugener/clix/internal/posix/parser.go:299.40,300.39 1 0
github.com/eugener/clix/internal/posix/parser.go:301.10,302.68 1 0
github.com/eugener/clix/internal/posix/parser.go:306.145,307.37 1 0
github.com/eugener/clix/internal/posix/parser.go:307.37,309.14 2 0
github.com/eugener/clix/internal/posix/parser.go:309.14,310.12 1 0
github.com/eugener/clix/internal/posix/parser.go:314.3,315.48 2 0
github.com/eugener/clix/internal/posix/parser.go:315.48,317.61 1 0
github.com/eugener/clix/internal/posix/parser.go:317.61,319.10 2 0
github.com/eugener/clix/internal/posix/parser.go:323.3,323.54 1 0
github.com/eugener/clix/internal/posix/parser.go:323.54,324.12 1 0
github.com/eugener/clix/internal/posix/parser.go:328.3,329.34 2 0
github.com/eugener/clix/internal/posix/parser.go:332.2,332.12 1 0
github.com/eugener/clix/internal/posix/parser.go:335.158,336.41 1 0
github.com/eugener/clix/internal/posix/parser.go:336.41,337.27 1 0
github.com/eugener/clix/internal/posix/parser.go:337.27,338.9 1 0
github.com/eugener/clix/internal/posix/parser.go:341.3,342.54 2 0
github.com/eugener/clix/internal/posix/parser.go:342.54,343.12 1 0
github.com/eugener/clix/internal/posix/parser.go:347.3,347.87 1 0
github.com/eugener/clix/internal/posix/parser.go:347.87,350.34 3 0
github.com/eugener/clix/internal/posix/parser.go:350.34,352.5 1 0
github.com/eugener/clix/internal/posix/parser.go:353.4,354.9 2 0
github.com/eugener/clix/internal/posix/parser.go:358.3,358.42 1 0
github.com/eugener/clix/internal/posix/parser.go:358.42,360.4 1 0
github.com/eugener/clix/internal/posix/parser.go:363.2,363.12 1 0
github.com/eugener/clix/internal/posix/parser.go:366.52,368.2 1 0
github.com/eugener/clix/internal/ui/progress.go:29.86,42.27 2 9
github.com/eugener/clix/internal/ui/progress.go:42.27,44.3 1 14
github.com/eugener/clix/internal/ui/progress.go:46.2,46.11 1 9
github.com/eugener/clix/internal/ui/progress.go:50.48,51.31 1 8
github.com/eugener/clix/internal/ui/progress.go:51.31,53.3 1 8
github.com/eugener/clix/internal/ui/progress.go:57.45,58.31 1 2
github.com/eugener/clix/internal/ui/progress.go:58.31,60.3 1 2
github.com/eugener/clix/internal/ui/progress.go:64.41,65.31 1 2
github.com/eugener/clix/internal/ui/progress.go:65.31,67.3 1 2
github.com/eugener/clix/internal/ui/progress.go:71.39,72.31 1 2
github.com/eugener/clix/internal/ui/progress.go:72.31,74.3 1 2
github.com/eugener/clix/internal/ui/progress.go:78.32,81.2 2 4
github.com/eugener/clix/internal/ui/progress.go:84.44,85.24 1 11
github.com/eugener/clix/internal/ui/progress.go:85.24,87.3 1 2
github.com/eugener/clix/internal/ui/progress.go:88.2,89.13 2 11
github.com/eugener/clix/internal/ui/progress.go:93.50,96.2 2 0
github.com/eugener/clix/internal/ui/progress.go:99.36,101.2 1 1
github.com/eugener/clix/internal/ui/progress.go:104.33,105.18 1 1
github.com/eugener/clix/internal/ui/progress.go:105.18,110.3 4 1
github.com/eugener/clix/internal/ui/progress.go:114.33,115.19 1 16
github.com/eugener/clix/internal/ui/progress.go:115.19,117.3 1 2
github.com/eugener/clix/internal/ui/progress.go:120.2,121.20 2 14
github.com/eugener/clix/internal/ui/progress.go:121.20,123.3 1 0
github.com/eugener/clix/internal/ui/progress.go:126.2,134.20 6 14
github.com/eugener/clix/internal/ui/progress.go:134.20,136.3 1 13
github.com/eugener/clix/internal/ui/progress.go:138.2,138.18 1 14
github.com/eugener/clix/internal/ui/progress.go:138.18,140.3 1 13
github.com/eugener/clix/internal/ui/progress.go:143.2,144.36 2 14
github.com/eugener/clix/internal/ui/progress.go:144.36,147.3 2 9
github.com/eugener/clix/internal/ui/progress.go:147.8,147.24 1 5
github.com/eugener/clix/internal/ui/progress.go:147.24,149.3 1 1
github.com/eugener/clix/internal/ui/progress.go:152.2,152.65 1 14
github.com/eugener/clix/internal/ui/progress.go:172.63,183.27 2 5
github.com/eugener/clix/internal/ui/progress.go:183.27,185.3 1 5
github.com/eugener/clix/internal/ui/progress.go:187.2,187.10 1 5
github.com/eugener/clix/internal/ui/progress.go:191.51,192.26 1 3
github.com/eugener/clix/internal/ui/progress.go:192.26,194.3 1 3
github.com/eugener/clix/internal/ui/progress.go:198.55,199.26 1 1
github.com/eugener/clix/internal/ui/progress.go:199.26,201.3 1 1
github.com/eugener/clix/internal/ui/progress.go:205.64,206.26 1 1
github.com/eugener/clix/internal/ui/progress.go:206.26,208.3 1 1
github.com/eugener/clix/internal/ui/progress.go:212.27,215.2 2 2
github.com/eugener/clix/internal/ui/progress.go:218.26,222.17 3 3
github.com/eugener/clix/internal/ui/progress.go:222.17,224.10 2 2
github.com/eugener/clix/internal/ui/progress.go:225.23,225.23 0 2
github.com/eugener/clix/internal/ui/progress.go:226.11,226.11 0 0
github.com/eugener/clix/internal/ui/progress.go:228.3,228.115 1 2
github.com/eugener/clix/internal/ui/progress.go:233.45,237.2 3 1
github.com/eugener/clix/internal/ui/progress.go:240.29,244.6 3 2
github.com/eugener/clix/internal/ui/progress.go:244.6,245.10 1 3
github.com/eugener/clix/internal/ui/progress.go:246.17,247.10 1 2
github.com/eugener/clix/internal/ui/progress.go:248.19,250.19 2 1
github.com/eugener/clix/internal/ui/progress.go:250.19,253.5 2 1
github.com/eugener/clix/internal/ui/progress.go:254.4,254.17 1 1
github.com/eugener/clix/internal/bind/reflection.go:41.44,42.19 1 16
github.com/eugener/clix/internal/bind/reflection.go:42.19,44.3 1 1
github.com/eugener/clix/internal/bind/reflection.go:45.2,45.36 1 16
github.com/eugener/clix/internal/bind/reflection.go:49.78,50.38 1 12
github.com/eugener/clix/internal/bind/reflection.go:50.38,52.3 1 1
github.com/eugener/clix/internal/bind/reflection.go:54.2,54.41 1 12
github.com/eugener/clix/internal/bind/reflection.go:54.41,56.3 1 1
github.com/eugener/clix/internal/bind/reflection.go:58.2,66.45 2 11
github.com/eugener/clix/internal/bind/reflection.go:66.45,70.26 2 39
github.com/eugener/clix/internal/bind/reflection.go:70.26,71.12 1 0
github.com/eugener/clix/internal/bind/reflection.go:74.3,75.17 2 39
github.com/eugener/clix/internal/bind/reflection.go:75.17,77.4 1 0
github.com/eugener/clix/internal/bind/reflection.go:79.3,79.23 1 39
github.com/eugener/clix/internal/bind/reflection.go:79.23,80.12 1 2
github.com/eugener/clix/internal/bind/reflection.go:83.3,86.27 2 37
github.com/eugener/clix/internal/bind/reflection.go:86.27,88.4 1 6
github.com/eugener/clix/internal/bind/reflection.go:88.9,90.29 2 31
github.com/eugener/clix/internal/bind/reflection.go:90.29,91.64 1 31
github.com/eugener/clix/internal/bind/reflection.go:91.64,93.6 1 1
github.com/eugener/clix/internal/bind/reflection.go:94.5,94.51 1 30
github.com/eugener/clix/internal/bind/reflection.go:98.3,98.34 1 36
github.com/eugener/clix/internal/bind/reflection.go:98.34,100.4 1 0
github.com/eugener/clix/internal/bind/reflection.go:103.2,103.22 1 10
github.com/eugener/clix/internal/bind/reflection.go:107.78,109.29 2 39
github.com/eugener/clix/internal/bind/reflection.go:109.29,111.3 1 2
github.com/eugener/clix/internal/bind/reflection.go:113.2,123.38 3 37
github.com/eugener/clix/internal/bind/reflection.go:123.38,125.3 1 31
github.com/eugener/clix/internal/bind/reflection.go:128.2,128.38 1 37
github.com/eugener/clix/internal/bind/reflection.go:128.38,130.3 1 33
github.com/eugener/clix/internal/bind/reflection.go:133.2,133.20 1 37
github.com/eugener/clix/internal/bind/reflection.go:133.20,135.3 1 37
github.com/eugener/clix/internal/bind/reflection.go:138.2,138.20 1 37
github.com/eugener/clix/internal/bind/reflection.go:138.20,140.53 2 20
github.com/eugener/clix/internal/bind/reflection.go:140.53,142.4 1 0
github.com/eugener/clix/internal/bind/reflection.go:146.2,146.46 1 37
github.com/eugener/clix/internal/bind/reflection.go:146.46,148.3 1 0
github.com/eugener/clix/internal/bind/reflection.go:150.2,150.18 1 37
github.com/eugener/clix/internal/bind/reflection.go:154.70,157.29 2 20
github.com/eugener/clix/internal/bind/reflection.go:157.29,160.10 2 20
github.com/eugener/clix/internal/bind/reflection.go:161.27,162.24 1 5
github.com/eugener/clix/internal/bind/reflection.go:163.25,164.22 1 2
github.com/eugener/clix/internal/bind/reflection.go:165.29,166.26 1 6
github.com/eugener/clix/internal/bind/reflection.go:167.44,168.55 1 5
github.com/eugener/clix/internal/bind/reflection.go:169.40,170.55 1 0
github.com/eugener/clix/internal/bind/reflection.go:171.44,173.49 2 2
github.com/eugener/clix/internal/bind/reflection.go:174.11,175.47 1 0
github.com/eugener/clix/internal/bind/reflection.go:179.2,179.12 1 20
github.com/eugener/clix/internal/bind/reflection.go:183.57,185.86 1 37
github.com/eugener/clix/internal/bind/reflection.go:185.86,187.3 1 0
github.com/eugener/clix/internal/bind/reflection.go:190.2,190.41 1 37
github.com/eugener/clix/internal/bind/reflection.go:190.41,192.3 1 0
github.com/eugener/clix/internal/bind/reflection.go:195.2,195.26 1 37
github.com/eugener/clix/internal/bind/reflection.go:196.20,197.78 1 5
github.com/eugener/clix/internal/bind/reflection.go:197.78,199.4 1 0
github.com/eugener/clix/internal/bind/reflection.go:200.21,201.23 1 2
github.com/eugener/clix/internal/bind/reflection.go:201.23,203.4 1 0
github.com/eugener/clix/internal/bind/reflection.go:206.2,206.12 1 37
github.com/eugener/clix/internal/bind/reflection.go:215.40,219.2 1 7
github.com/eugener/clix/internal/bind/reflection.go:222.91,224.86 2 6
github.com/eugener/clix/internal/bind/reflection.go:224.86,226.3 1 1
github.com/eugener/clix/internal/bind/reflection.go:228.2,232.16 4 5
github.com/eugener/clix/internal/bind/reflection.go:232.16,234.3 1 0
github.com/eugener/clix/internal/bind/reflection.go:237.2,237.38 1 5
github.com/eugener/clix/internal/bind/reflection.go:237.38,240.14 2 10
github.com/eugener/clix/internal/bind/reflection.go:240.14,242.79 1 0
github.com/eugener/clix/internal/bind/reflection.go:242.79,245.5 2 0
github.com/eugener/clix/internal/bind/reflection.go:248.3,248.14 1 10
github.com/eugener/clix/internal/bind/reflection.go:248.14,249.12 1 0
github.com/eugener/clix/internal/bind/reflection.go:252.3,253.42 2 10
github.com/eugener/clix/internal/bind/reflection.go:253.42,254.12 1 0
github.com/eugener/clix/internal/bind/reflection.go:257.3,257.66 1 10
github.com/eugener/clix/internal/bind/reflection.go:257.66,259.4 1 1
github.com/eugener/clix/internal/bind/reflection.go:263.2,263.48 1 4
github.com/eugener/clix/internal/bind/reflection.go:263.48,265.42 2 3
github.com/eugener/clix/internal/bind/reflection.go:265.42,266.12 1 0
github.com/eugener/clix/internal/bind/reflection.go:270.3,270.45 1 3
github.com/eugener/clix/internal/bind/reflection.go:270.45,272.76 2 1
github.com/eugener/clix/internal/bind/reflection.go:272.76,274.5 1 0
github.com/eugener/clix/internal/bind/reflection.go:275.4,275.9 1 1
github.com/eugener/clix/internal/bind/reflection.go:279.3,279.26 1 2
github.com/eugener/clix/internal/bind/reflection.go:279.26,280.75 1 2
github.com/eugener/clix/internal/bind/reflection.go:280.75,282.5 1 0
github.com/eugener/clix/internal/bind/reflection.go:287.2,287.64 1 4
github.com/eugener/clix/internal/bind/reflection.go:287.64,289.3 1 0
github.com/eugener/clix/internal/bind/reflection.go:291.2,291.12 1 4
github.com/eugener/clix/internal/bind/reflection.go:295.89,298.16 2 12
github.com/eugener/clix/internal/bind/reflection.go:298.16,300.3 1 1
github.com/eugener/clix/internal/bind/reflection.go:302.2,303.12 2 11
github.com/eugener/clix/internal/bind/reflection.go:307.100,311.31 3 1
github.com/eugener/clix/internal/bind/reflection.go:311.31,313.17 2 4
github.com/eugener/clix/internal/bind/reflection.go:313.17,315.4 1 0
github.com/eugener/clix/internal/bind/reflection.go:316.3,316.54 1 4
github.com/eugener/clix/internal/bind/reflection.go:319.2,320.12 2 1
github.com/eugener/clix/internal/bind/reflection.go:324.80,327.29 2 16
github.com/eugener/clix/internal/bind/reflection.go:327.29,329.3 1 14
github.com/eugener/clix/internal/bind/reflection.go:332.2,332.40 1 2
github.com/eugener/clix/internal/bind/reflection.go:332.40,334.3 1 2
github.com/eugener/clix/internal/bind/reflection.go:337.2,338.51 2 0
github.com/eugener/clix/internal/bind/reflection.go:338.51,340.3 1 0
github.com/eugener/clix/internal/bind/reflection.go:342.2,342.70 1 0
github.com/eugener/clix/internal/bind/reflection.go:346.88,347.27 1 3
github.com/eugener/clix/internal/bind/reflection.go:348.22,349.20 1 1
github.com/eugener/clix/internal/bind/reflection.go:350.20,351.34 1 0
github.com/eugener/clix/internal/bind/reflection.go:352.19,354.21 2 2
github.com/eugener/clix/internal/bind/reflection.go:355.20,357.22 2 0
github.com/eugener/clix/internal/bind/reflection.go:358.21,360.23 2 0
github.com/eugener/clix/internal/bind/reflection.go:361.21,363.23 2 0
github.com/eugener/clix/internal/bind/reflection.go:364.21,365.41 1 0
github.com/eugener/clix/internal/bind/reflection.go:366.20,368.22 2 0
github.com/eugener/clix/internal/bind/reflection.go:369.21,371.23 2 0
github.com/eugener/clix/internal/bind/reflection.go:372.22,374.24 2 0
github.com/eugener/clix/internal/bind/reflection.go:375.22,377.24 2 0
github.com/eugener/clix/internal/bind/reflection.go:378.22,379.42 1 0
github.com/eugener/clix/internal/bind/reflection.go:380.23,382.25 2 0
github.com/eugener/clix/internal/bind/reflection.go:383.23,384.39 1 0
github.com/eugener/clix/internal/bind/reflection.go:385.10,386.68 1 0
github.com/eugener/clix/internal/bind/reflection.go:391.92,392.44 1 4
github.com/eugener/clix/internal/bind/reflection.go:392.44,393.30 1 16
github.com/eugener/clix/internal/bind/reflection.go:393.30,394.12 1 14
github.com/eugener/clix/internal/bind/reflection.go:397.3,398.42 2 2
github.com/eugener/clix/internal/bind/reflection.go:398.42,399.12 1 0
github.com/eugener/clix/internal/bind/reflection.go:403.3,403.22 1 2
github.com/eugener/clix/internal/bind/reflection.go:403.22,404.12 1 1
github.com/eugener/clix/internal/bind/reflection.go:407.3,408.17 2 1
github.com/eugener/clix/internal/bind/reflection.go:408.17,410.4 1 0
github.com/eugener/clix/internal/bind/reflection.go:412.3,412.43 1 1
github.com/eugener/clix/internal/bind/reflection.go:415.2,415.12 1 4
